#
# There is insufficient memory for the Java Runtime Environment to continue.
# Native memory allocation (mmap) failed to map 10485760 bytes for G1 virtual space
# Possible reasons:
#   The system is out of physical RAM or swap space
#   The process is running with CompressedOops enabled, and the Java Heap may be blocking the growth of the native heap
# Possible solutions:
#   Reduce memory load on the system
#   Increase physical memory or swap space
#   Check if swap backing store is full
#   Decrease Java heap size (-Xmx/-Xms)
#   Decrease number of Java threads
#   Decrease Java thread stack sizes (-Xss)
#   Set larger code cache with -XX:ReservedCodeCacheSize=
#   JVM is running with Unscaled Compressed Oops mode in which the Java heap is
#     placed in the first 4GB address space. The Java Heap base address is the
#     maximum limit for the native heap growth. Please use -XX:HeapBaseMinAddress
#     to set the Java Heap base and to place the Java Heap above 4GB virtual address.
# This output file may be truncated or incomplete.
#
#  Out of Memory Error (os_windows.cpp:3469), pid=10356, tid=3916
#
# JRE version: OpenJDK Runtime Environment Temurin-17.0.1+12 (17.0.1+12) (build 17.0.1+12)
# Java VM: OpenJDK 64-Bit Server VM Temurin-17.0.1+12 (17.0.1+12, mixed mode, sharing, tiered, compressed oops, compressed class ptrs, g1 gc, windows-amd64)
# No core dump will be written. Minidumps are not enabled by default on client versions of Windows
#

---------------  S U M M A R Y ------------

Command Line: -javaagent:C:\Program Files\JetBrains\IntelliJ IDEA Community Edition 2023.2.2\lib\idea_rt.jar=64498:C:\Program Files\JetBrains\IntelliJ IDEA Community Edition 2023.2.2\bin -Dfile.encoding=UTF-8 --module-path=C:\Users\Toye Sobayo\.m2\repository\org\openjfx\javafx-fxml\17.0.6\javafx-fxml-17.0.6-win.jar;C:\Users\Toye Sobayo\.m2\repository\org\openjfx\javafx-controls\17.0.6\javafx-controls-17.0.6-win.jar;C:\Users\Toye Sobayo\.m2\repository\org\openjfx\javafx-base\17.0.6\javafx-base-17.0.6-win.jar;C:\Users\Toye Sobayo\.m2\repository\org\openjfx\javafx-graphics\17.0.6\javafx-graphics-17.0.6-win.jar;C:\Users\Toye Sobayo\IdeaProjects\Project4\target\classes -Djdk.module.main=com.example.project4 com.example.project4/com.example.project4.MainApplication

Host: AMD Ryzen 5 5500U with Radeon Graphics         , 12 cores, 3G,  Windows 10 , 64 bit Build 22621 (10.0.22621.2506)
Time: Mon Nov 27 20:56:09 2023 Eastern Standard Time elapsed time: 12.748336 seconds (0d 0h 0m 12s)

---------------  T H R E A D  ---------------

Current thread (0x000001e35545e010):  VMThread "VM Thread" [stack: 0x0000004357100000,0x0000004357200000] [id=3916]

Stack: [0x0000004357100000,0x0000004357200000]
Native frames: (J=compiled Java code, j=interpreted, Vv=VM code, C=native code)
V  [jvm.dll+0x6744da]
V  [jvm.dll+0x82e144]
V  [jvm.dll+0x82f8ee]
V  [jvm.dll+0x82ff53]
V  [jvm.dll+0x245175]
V  [jvm.dll+0x6714c9]
V  [jvm.dll+0x665f92]
V  [jvm.dll+0x303c3b]
V  [jvm.dll+0x30b176]
V  [jvm.dll+0x35af1e]
V  [jvm.dll+0x35b14f]
V  [jvm.dll+0x2dab78]
V  [jvm.dll+0x2ddc06]
V  [jvm.dll+0x2e82b8]
V  [jvm.dll+0x31c460]
V  [jvm.dll+0x8343bb]
V  [jvm.dll+0x8350f4]
V  [jvm.dll+0x83560c]
V  [jvm.dll+0x8359e4]
V  [jvm.dll+0x835ab0]
V  [jvm.dll+0x7de51a]
V  [jvm.dll+0x673305]
C  [ucrtbase.dll+0x29363]
C  [KERNEL32.DLL+0x1257d]
C  [ntdll.dll+0x5aa58]

VM_Operation (0x0000004356dff380): G1Concurrent, mode: safepoint, requested by thread 0x000001e3553e08d0


---------------  P R O C E S S  ---------------

Threads class SMR info:
_java_thread_list=0x000001e377bdea70, length=20, elements={
0x000001e3553ad0b0, 0x000001e355461b10, 0x000001e355462890, 0x000001e355474c60,
0x000001e355475720, 0x000001e355479000, 0x000001e3554798c0, 0x000001e35547a4b0,
0x000001e35547adb0, 0x000001e35547e400, 0x000001e37102e8a0, 0x000001e371ffe710,
0x000001e371f56b60, 0x000001e372403430, 0x000001e372571bb0, 0x000001e3725730d0,
0x000001e372795020, 0x000001e3727947d0, 0x000001e3790d8210, 0x000001e3790d9550
}

Java Threads: ( => current thread )
  0x000001e3553ad0b0 JavaThread "main" [_thread_blocked, id=9872, stack(0x0000004356b00000,0x0000004356c00000)]
  0x000001e355461b10 JavaThread "Reference Handler" daemon [_thread_blocked, id=16428, stack(0x0000004357200000,0x0000004357300000)]
  0x000001e355462890 JavaThread "Finalizer" daemon [_thread_blocked, id=1844, stack(0x0000004357300000,0x0000004357400000)]
  0x000001e355474c60 JavaThread "Signal Dispatcher" daemon [_thread_blocked, id=1700, stack(0x0000004357400000,0x0000004357500000)]
  0x000001e355475720 JavaThread "Attach Listener" daemon [_thread_blocked, id=12636, stack(0x0000004357500000,0x0000004357600000)]
  0x000001e355479000 JavaThread "Service Thread" daemon [_thread_blocked, id=4100, stack(0x0000004357600000,0x0000004357700000)]
  0x000001e3554798c0 JavaThread "Monitor Deflation Thread" daemon [_thread_blocked, id=12556, stack(0x0000004357700000,0x0000004357800000)]
  0x000001e35547a4b0 JavaThread "C2 CompilerThread0" daemon [_thread_blocked, id=12572, stack(0x0000004357800000,0x0000004357900000)]
  0x000001e35547adb0 JavaThread "C1 CompilerThread0" daemon [_thread_blocked, id=20120, stack(0x0000004357900000,0x0000004357a00000)]
  0x000001e35547e400 JavaThread "Sweeper thread" daemon [_thread_blocked, id=17088, stack(0x0000004357a00000,0x0000004357b00000)]
  0x000001e37102e8a0 JavaThread "Common-Cleaner" daemon [_thread_blocked, id=11532, stack(0x0000004357b00000,0x0000004357c00000)]
  0x000001e371ffe710 JavaThread "Monitor Ctrl-Break" daemon [_thread_in_native, id=16720, stack(0x0000004357c00000,0x0000004357d00000)]
  0x000001e371f56b60 JavaThread "Notification Thread" daemon [_thread_blocked, id=7340, stack(0x0000004357d00000,0x0000004357e00000)]
  0x000001e372403430 JavaThread "QuantumRenderer-0" daemon [_thread_blocked, id=6040, stack(0x0000004357f00000,0x0000004358000000)]
  0x000001e372571bb0 JavaThread "InvokeLaterDispatcher" daemon [_thread_blocked, id=10508, stack(0x0000004358200000,0x0000004358300000)]
  0x000001e3725730d0 JavaThread "JavaFX Application Thread" [_thread_blocked, id=18420, stack(0x0000004358300000,0x0000004358400000)]
  0x000001e372795020 JavaThread "Thread-1" daemon [_thread_blocked, id=19756, stack(0x0000004358c00000,0x0000004358d00000)]
  0x000001e3727947d0 JavaThread "JavaFX-Launcher" [_thread_blocked, id=14772, stack(0x0000004358d00000,0x0000004358e00000)]
  0x000001e3790d8210 JavaThread "Prism Font Disposer" daemon [_thread_blocked, id=18692, stack(0x0000004359a00000,0x0000004359b00000)]
  0x000001e3790d9550 JavaThread "Cleaner-0" daemon [_thread_blocked, id=14568, stack(0x0000004359b00000,0x0000004359c00000)]

Other Threads:
=>0x000001e35545e010 VMThread "VM Thread" [stack: 0x0000004357100000,0x0000004357200000] [id=3916]
  0x000001e371e1e3b0 WatcherThread [stack: 0x0000004357e00000,0x0000004357f00000] [id=11796]
  0x000001e3553d8f10 GCTaskThread "GC Thread#0" [stack: 0x0000004356c00000,0x0000004356d00000] [id=20260]
  0x000001e3772a2840 GCTaskThread "GC Thread#1" [stack: 0x0000004358e00000,0x0000004358f00000] [id=8752]
  0x000001e3727954f0 GCTaskThread "GC Thread#2" [stack: 0x0000004358f00000,0x0000004359000000] [id=8580]
  0x000001e3727957a0 GCTaskThread "GC Thread#3" [stack: 0x0000004359000000,0x0000004359100000] [id=7072]
  0x000001e3727d2740 GCTaskThread "GC Thread#4" [stack: 0x0000004359100000,0x0000004359200000] [id=6456]
  0x000001e3727d2e00 GCTaskThread "GC Thread#5" [stack: 0x0000004359200000,0x0000004359300000] [id=7228]
  0x000001e3777efe00 GCTaskThread "GC Thread#6" [stack: 0x0000004359300000,0x0000004359400000] [id=20316]
  0x000001e377515770 GCTaskThread "GC Thread#7" [stack: 0x0000004359400000,0x0000004359500000] [id=19940]
  0x000001e3773789d0 GCTaskThread "GC Thread#8" [stack: 0x0000004359500000,0x0000004359600000] [id=19188]
  0x000001e377379090 GCTaskThread "GC Thread#9" [stack: 0x0000004359600000,0x0000004359700000] [id=10120]
  0x000001e3553e08d0 ConcurrentGCThread "G1 Main Marker" [stack: 0x0000004356d00000,0x0000004356e00000] [id=4648]
  0x000001e3553e22f0 ConcurrentGCThread "G1 Conc#0" [stack: 0x0000004356e00000,0x0000004356f00000] [id=19912]
  0x000001e379dacd40 ConcurrentGCThread "G1 Conc#1" [stack: 0x0000004359700000,0x0000004359800000] [id=8144]
  0x000001e379daca90 ConcurrentGCThread "G1 Conc#2" [stack: 0x0000004359800000,0x0000004359900000] [id=19604]
  0x000001e355439630 ConcurrentGCThread "G1 Refine#0" [stack: 0x0000004356f00000,0x0000004357000000] [id=10468]
  0x000001e35543bf80 ConcurrentGCThread "G1 Service" [stack: 0x0000004357000000,0x0000004357100000] [id=20008]

Threads with active compile tasks:

VM state: at safepoint (normal execution)

VM Mutex/Monitor currently owned by a thread:  ([mutex/lock_event])
[0x000001e3553a77b0] Threads_lock - owner thread: 0x000001e35545e010
[0x000001e3553a78d0] Heap_lock - owner thread: 0x000001e3553e08d0

Heap address: 0x00000000cac00000, size: 852 MB, Compressed Oops mode: 32-bit

CDS archive(s) mapped at: [0x0000000800000000-0x0000000800bc0000-0x0000000800bc0000), size 12320768, SharedBaseAddress: 0x0000000800000000, ArchiveRelocationMode: 0.
Compressed class space mapped at: 0x0000000800c00000-0x0000000840c00000, reserved size: 1073741824
Narrow klass base: 0x0000000800000000, Narrow klass shift: 0, Narrow klass range: 0x100000000

GC Precious Log:
 CPUs: 12 total, 12 available
 Memory: 3406M
 Large Page Support: Disabled
 NUMA Support: Disabled
 Compressed Oops: Enabled (32-bit)
 Heap Region Size: 1M
 Heap Min Capacity: 8M
 Heap Initial Capacity: 54M
 Heap Max Capacity: 852M
 Pre-touch: Disabled
 Parallel Workers: 10
 Concurrent Workers: 3
 Concurrent Refinement Workers: 10
 Periodic GC: Disabled

Heap:
 garbage-first heap   total 348160K, used 214280K [0x00000000cac00000, 0x0000000100000000)
  region size 1024K, 3 young (3072K), 3 survivors (3072K)
 Metaspace       used 17658K, committed 17920K, reserved 1064960K
  class space    used 2588K, committed 2688K, reserved 1048576K

Heap Regions: E=young(eden), S=young(survivor), O=old, HS=humongous(starts), HC=humongous(continues), CS=collection set, F=free, OA=open archive, CA=closed archive, TAMS=top-at-mark-start (previous, next)
|   0|0x00000000cac00000, 0x00000000cad00000, 0x00000000cad00000|100%| O|  |TAMS 0x00000000cad00000, 0x00000000cac00000| Untracked 
|   1|0x00000000cad00000, 0x00000000cae00000, 0x00000000cae00000|100%|HS|  |TAMS 0x00000000cae00000, 0x00000000cad00000| Complete 
|   2|0x00000000cae00000, 0x00000000caf00000, 0x00000000caf00000|100%|HC|  |TAMS 0x00000000caf00000, 0x00000000cae00000| Complete 
|   3|0x00000000caf00000, 0x00000000cb000000, 0x00000000cb000000|100%|HC|  |TAMS 0x00000000cb000000, 0x00000000caf00000| Complete 
|   4|0x00000000cb000000, 0x00000000cb100000, 0x00000000cb100000|100%|HC|  |TAMS 0x00000000cb100000, 0x00000000cb000000| Complete 
|   5|0x00000000cb100000, 0x00000000cb200000, 0x00000000cb200000|100%| O|  |TAMS 0x00000000cb200000, 0x00000000cb100000| Untracked 
|   6|0x00000000cb200000, 0x00000000cb300000, 0x00000000cb300000|100%| O|  |TAMS 0x00000000cb300000, 0x00000000cb200000| Untracked 
|   7|0x00000000cb300000, 0x00000000cb400000, 0x00000000cb400000|100%| O|  |TAMS 0x00000000cb400000, 0x00000000cb300000| Untracked 
|   8|0x00000000cb400000, 0x00000000cb500000, 0x00000000cb500000|100%| O|  |TAMS 0x00000000cb500000, 0x00000000cb400000| Untracked 
|   9|0x00000000cb500000, 0x00000000cb600000, 0x00000000cb600000|100%| O|  |TAMS 0x00000000cb600000, 0x00000000cb500000| Untracked 
|  10|0x00000000cb600000, 0x00000000cb700000, 0x00000000cb700000|100%|HS|  |TAMS 0x00000000cb700000, 0x00000000cb600000| Complete 
|  11|0x00000000cb700000, 0x00000000cb800000, 0x00000000cb800000|100%|HC|  |TAMS 0x00000000cb800000, 0x00000000cb700000| Complete 
|  12|0x00000000cb800000, 0x00000000cb900000, 0x00000000cb900000|100%|HC|  |TAMS 0x00000000cb900000, 0x00000000cb800000| Complete 
|  13|0x00000000cb900000, 0x00000000cba00000, 0x00000000cba00000|100%|HC|  |TAMS 0x00000000cba00000, 0x00000000cb900000| Complete 
|  14|0x00000000cba00000, 0x00000000cbb00000, 0x00000000cbb00000|100%|HC|  |TAMS 0x00000000cbb00000, 0x00000000cba00000| Complete 
|  15|0x00000000cbb00000, 0x00000000cbc00000, 0x00000000cbc00000|100%|HC|  |TAMS 0x00000000cbc00000, 0x00000000cbb00000| Complete 
|  16|0x00000000cbc00000, 0x00000000cbd00000, 0x00000000cbd00000|100%|HS|  |TAMS 0x00000000cbd00000, 0x00000000cbc00000| Complete 
|  17|0x00000000cbd00000, 0x00000000cbe00000, 0x00000000cbe00000|100%|HC|  |TAMS 0x00000000cbe00000, 0x00000000cbd00000| Complete 
|  18|0x00000000cbe00000, 0x00000000cbf00000, 0x00000000cbf00000|100%|HS|  |TAMS 0x00000000cbf00000, 0x00000000cbe00000| Complete 
|  19|0x00000000cbf00000, 0x00000000cc000000, 0x00000000cc000000|100%|HC|  |TAMS 0x00000000cc000000, 0x00000000cbf00000| Complete 
|  20|0x00000000cc000000, 0x00000000cc100000, 0x00000000cc100000|100%|HC|  |TAMS 0x00000000cc100000, 0x00000000cc000000| Complete 
|  21|0x00000000cc100000, 0x00000000cc200000, 0x00000000cc200000|100%|HC|  |TAMS 0x00000000cc200000, 0x00000000cc100000| Complete 
|  22|0x00000000cc200000, 0x00000000cc291a00, 0x00000000cc300000| 56%| O|  |TAMS 0x00000000cc291a00, 0x00000000cc200000| Updating 
|  23|0x00000000cc300000, 0x00000000cc400000, 0x00000000cc400000|100%|HS|  |TAMS 0x00000000cc300000, 0x00000000cc300000| Complete 
|  24|0x00000000cc400000, 0x00000000cc500000, 0x00000000cc500000|100%|HC|  |TAMS 0x00000000cc400000, 0x00000000cc400000| Complete 
|  25|0x00000000cc500000, 0x00000000cc600000, 0x00000000cc600000|100%|HC|  |TAMS 0x00000000cc500000, 0x00000000cc500000| Complete 
|  26|0x00000000cc600000, 0x00000000cc700000, 0x00000000cc700000|100%|HC|  |TAMS 0x00000000cc600000, 0x00000000cc600000| Complete 
|  27|0x00000000cc700000, 0x00000000cc800000, 0x00000000cc800000|100%|HC|  |TAMS 0x00000000cc700000, 0x00000000cc700000| Complete 
|  28|0x00000000cc800000, 0x00000000cc900000, 0x00000000cc900000|100%|HC|  |TAMS 0x00000000cc800000, 0x00000000cc800000| Complete 
|  29|0x00000000cc900000, 0x00000000cc900000, 0x00000000cca00000|  0%| F|  |TAMS 0x00000000cc900000, 0x00000000cc900000| Untracked 
|  30|0x00000000cca00000, 0x00000000cca00000, 0x00000000ccb00000|  0%| F|  |TAMS 0x00000000cca00000, 0x00000000cca00000| Untracked 
|  31|0x00000000ccb00000, 0x00000000ccb00000, 0x00000000ccc00000|  0%| F|  |TAMS 0x00000000ccb00000, 0x00000000ccb00000| Untracked 
|  32|0x00000000ccc00000, 0x00000000ccc00000, 0x00000000ccd00000|  0%| F|  |TAMS 0x00000000ccc00000, 0x00000000ccc00000| Untracked 
|  33|0x00000000ccd00000, 0x00000000ccd00000, 0x00000000cce00000|  0%| F|  |TAMS 0x00000000ccd00000, 0x00000000ccd00000| Untracked 
|  34|0x00000000cce00000, 0x00000000cce00000, 0x00000000ccf00000|  0%| F|  |TAMS 0x00000000cce00000, 0x00000000cce00000| Untracked 
|  35|0x00000000ccf00000, 0x00000000ccf00000, 0x00000000cd000000|  0%| F|  |TAMS 0x00000000ccf00000, 0x00000000ccf00000| Untracked 
|  36|0x00000000cd000000, 0x00000000cd000000, 0x00000000cd100000|  0%| F|  |TAMS 0x00000000cd000000, 0x00000000cd000000| Untracked 
|  37|0x00000000cd100000, 0x00000000cd100000, 0x00000000cd200000|  0%| F|  |TAMS 0x00000000cd100000, 0x00000000cd100000| Untracked 
|  38|0x00000000cd200000, 0x00000000cd200000, 0x00000000cd300000|  0%| F|  |TAMS 0x00000000cd200000, 0x00000000cd200000| Untracked 
|  39|0x00000000cd300000, 0x00000000cd300000, 0x00000000cd400000|  0%| F|  |TAMS 0x00000000cd300000, 0x00000000cd300000| Untracked 
|  40|0x00000000cd400000, 0x00000000cd500000, 0x00000000cd500000|100%|HS|  |TAMS 0x00000000cd500000, 0x00000000cd400000| Complete 
|  41|0x00000000cd500000, 0x00000000cd600000, 0x00000000cd600000|100%|HC|  |TAMS 0x00000000cd600000, 0x00000000cd500000| Complete 
|  42|0x00000000cd600000, 0x00000000cd700000, 0x00000000cd700000|100%|HC|  |TAMS 0x00000000cd700000, 0x00000000cd600000| Complete 
|  43|0x00000000cd700000, 0x00000000cd800000, 0x00000000cd800000|100%|HC|  |TAMS 0x00000000cd800000, 0x00000000cd700000| Complete 
|  44|0x00000000cd800000, 0x00000000cd900000, 0x00000000cd900000|100%|HC|  |TAMS 0x00000000cd900000, 0x00000000cd800000| Complete 
|  45|0x00000000cd900000, 0x00000000cda00000, 0x00000000cda00000|100%|HC|  |TAMS 0x00000000cda00000, 0x00000000cd900000| Complete 
|  46|0x00000000cda00000, 0x00000000cdb00000, 0x00000000cdb00000|100%|HC|  |TAMS 0x00000000cdb00000, 0x00000000cda00000| Complete 
|  47|0x00000000cdb00000, 0x00000000cdc00000, 0x00000000cdc00000|100%|HC|  |TAMS 0x00000000cdc00000, 0x00000000cdb00000| Complete 
|  48|0x00000000cdc00000, 0x00000000cdd00000, 0x00000000cdd00000|100%|HC|  |TAMS 0x00000000cdd00000, 0x00000000cdc00000| Complete 
|  49|0x00000000cdd00000, 0x00000000cde00000, 0x00000000cde00000|100%|HC|  |TAMS 0x00000000cde00000, 0x00000000cdd00000| Complete 
|  50|0x00000000cde00000, 0x00000000cdf00000, 0x00000000cdf00000|100%|HC|  |TAMS 0x00000000cdf00000, 0x00000000cde00000| Complete 
|  51|0x00000000cdf00000, 0x00000000ce000000, 0x00000000ce000000|100%|HC|  |TAMS 0x00000000ce000000, 0x00000000cdf00000| Complete 
|  52|0x00000000ce000000, 0x00000000ce100000, 0x00000000ce100000|100%|HC|  |TAMS 0x00000000ce100000, 0x00000000ce000000| Complete 
|  53|0x00000000ce100000, 0x00000000ce200000, 0x00000000ce200000|100%|HC|  |TAMS 0x00000000ce200000, 0x00000000ce100000| Complete 
|  54|0x00000000ce200000, 0x00000000ce300000, 0x00000000ce300000|100%|HC|  |TAMS 0x00000000ce300000, 0x00000000ce200000| Complete 
|  55|0x00000000ce300000, 0x00000000ce400000, 0x00000000ce400000|100%|HC|  |TAMS 0x00000000ce400000, 0x00000000ce300000| Complete 
|  56|0x00000000ce400000, 0x00000000ce500000, 0x00000000ce500000|100%|HC|  |TAMS 0x00000000ce500000, 0x00000000ce400000| Complete 
|  57|0x00000000ce500000, 0x00000000ce600000, 0x00000000ce600000|100%|HC|  |TAMS 0x00000000ce600000, 0x00000000ce500000| Complete 
|  58|0x00000000ce600000, 0x00000000ce700000, 0x00000000ce700000|100%|HC|  |TAMS 0x00000000ce700000, 0x00000000ce600000| Complete 
|  59|0x00000000ce700000, 0x00000000ce800000, 0x00000000ce800000|100%|HC|  |TAMS 0x00000000ce800000, 0x00000000ce700000| Complete 
|  60|0x00000000ce800000, 0x00000000ce900000, 0x00000000ce900000|100%|HC|  |TAMS 0x00000000ce900000, 0x00000000ce800000| Complete 
|  61|0x00000000ce900000, 0x00000000cea00000, 0x00000000cea00000|100%|HC|  |TAMS 0x00000000cea00000, 0x00000000ce900000| Complete 
|  62|0x00000000cea00000, 0x00000000ceb00000, 0x00000000ceb00000|100%|HC|  |TAMS 0x00000000ceb00000, 0x00000000cea00000| Complete 
|  63|0x00000000ceb00000, 0x00000000cec00000, 0x00000000cec00000|100%|HC|  |TAMS 0x00000000cec00000, 0x00000000ceb00000| Complete 
|  64|0x00000000cec00000, 0x00000000ced00000, 0x00000000ced00000|100%|HC|  |TAMS 0x00000000ced00000, 0x00000000cec00000| Complete 
|  65|0x00000000ced00000, 0x00000000cee00000, 0x00000000cee00000|100%|HC|  |TAMS 0x00000000cee00000, 0x00000000ced00000| Complete 
|  66|0x00000000cee00000, 0x00000000cef00000, 0x00000000cef00000|100%|HC|  |TAMS 0x00000000cef00000, 0x00000000cee00000| Complete 
|  67|0x00000000cef00000, 0x00000000cf000000, 0x00000000cf000000|100%|HC|  |TAMS 0x00000000cf000000, 0x00000000cef00000| Complete 
|  68|0x00000000cf000000, 0x00000000cf100000, 0x00000000cf100000|100%|HC|  |TAMS 0x00000000cf100000, 0x00000000cf000000| Complete 
|  69|0x00000000cf100000, 0x00000000cf200000, 0x00000000cf200000|100%|HC|  |TAMS 0x00000000cf200000, 0x00000000cf100000| Complete 
|  70|0x00000000cf200000, 0x00000000cf300000, 0x00000000cf300000|100%|HC|  |TAMS 0x00000000cf300000, 0x00000000cf200000| Complete 
|  71|0x00000000cf300000, 0x00000000cf400000, 0x00000000cf400000|100%|HC|  |TAMS 0x00000000cf400000, 0x00000000cf300000| Complete 
|  72|0x00000000cf400000, 0x00000000cf500000, 0x00000000cf500000|100%|HC|  |TAMS 0x00000000cf500000, 0x00000000cf400000| Complete 
|  73|0x00000000cf500000, 0x00000000cf600000, 0x00000000cf600000|100%|HC|  |TAMS 0x00000000cf600000, 0x00000000cf500000| Complete 
|  74|0x00000000cf600000, 0x00000000cf700000, 0x00000000cf700000|100%|HC|  |TAMS 0x00000000cf700000, 0x00000000cf600000| Complete 
|  75|0x00000000cf700000, 0x00000000cf800000, 0x00000000cf800000|100%|HC|  |TAMS 0x00000000cf800000, 0x00000000cf700000| Complete 
|  76|0x00000000cf800000, 0x00000000cf900000, 0x00000000cf900000|100%|HC|  |TAMS 0x00000000cf900000, 0x00000000cf800000| Complete 
|  77|0x00000000cf900000, 0x00000000cfa00000, 0x00000000cfa00000|100%|HC|  |TAMS 0x00000000cfa00000, 0x00000000cf900000| Complete 
|  78|0x00000000cfa00000, 0x00000000cfb00000, 0x00000000cfb00000|100%|HC|  |TAMS 0x00000000cfb00000, 0x00000000cfa00000| Complete 
|  79|0x00000000cfb00000, 0x00000000cfc00000, 0x00000000cfc00000|100%|HC|  |TAMS 0x00000000cfc00000, 0x00000000cfb00000| Complete 
|  80|0x00000000cfc00000, 0x00000000cfd00000, 0x00000000cfd00000|100%|HC|  |TAMS 0x00000000cfd00000, 0x00000000cfc00000| Complete 
|  81|0x00000000cfd00000, 0x00000000cfe00000, 0x00000000cfe00000|100%|HC|  |TAMS 0x00000000cfe00000, 0x00000000cfd00000| Complete 
|  82|0x00000000cfe00000, 0x00000000cff00000, 0x00000000cff00000|100%|HC|  |TAMS 0x00000000cff00000, 0x00000000cfe00000| Complete 
|  83|0x00000000cff00000, 0x00000000d0000000, 0x00000000d0000000|100%|HC|  |TAMS 0x00000000d0000000, 0x00000000cff00000| Complete 
|  84|0x00000000d0000000, 0x00000000d0100000, 0x00000000d0100000|100%|HC|  |TAMS 0x00000000d0100000, 0x00000000d0000000| Complete 
|  85|0x00000000d0100000, 0x00000000d0200000, 0x00000000d0200000|100%|HC|  |TAMS 0x00000000d0200000, 0x00000000d0100000| Complete 
|  86|0x00000000d0200000, 0x00000000d0300000, 0x00000000d0300000|100%|HC|  |TAMS 0x00000000d0300000, 0x00000000d0200000| Complete 
|  87|0x00000000d0300000, 0x00000000d0400000, 0x00000000d0400000|100%|HC|  |TAMS 0x00000000d0400000, 0x00000000d0300000| Complete 
|  88|0x00000000d0400000, 0x00000000d0500000, 0x00000000d0500000|100%|HC|  |TAMS 0x00000000d0500000, 0x00000000d0400000| Complete 
|  89|0x00000000d0500000, 0x00000000d0600000, 0x00000000d0600000|100%|HC|  |TAMS 0x00000000d0600000, 0x00000000d0500000| Complete 
|  90|0x00000000d0600000, 0x00000000d0700000, 0x00000000d0700000|100%|HC|  |TAMS 0x00000000d0700000, 0x00000000d0600000| Complete 
|  91|0x00000000d0700000, 0x00000000d0800000, 0x00000000d0800000|100%|HC|  |TAMS 0x00000000d0800000, 0x00000000d0700000| Complete 
|  92|0x00000000d0800000, 0x00000000d0900000, 0x00000000d0900000|100%|HC|  |TAMS 0x00000000d0900000, 0x00000000d0800000| Complete 
|  93|0x00000000d0900000, 0x00000000d0a00000, 0x00000000d0a00000|100%|HC|  |TAMS 0x00000000d0a00000, 0x00000000d0900000| Complete 
|  94|0x00000000d0a00000, 0x00000000d0b00000, 0x00000000d0b00000|100%|HC|  |TAMS 0x00000000d0b00000, 0x00000000d0a00000| Complete 
|  95|0x00000000d0b00000, 0x00000000d0c00000, 0x00000000d0c00000|100%|HC|  |TAMS 0x00000000d0c00000, 0x00000000d0b00000| Complete 
|  96|0x00000000d0c00000, 0x00000000d0d00000, 0x00000000d0d00000|100%|HC|  |TAMS 0x00000000d0d00000, 0x00000000d0c00000| Complete 
|  97|0x00000000d0d00000, 0x00000000d0e00000, 0x00000000d0e00000|100%|HC|  |TAMS 0x00000000d0e00000, 0x00000000d0d00000| Complete 
|  98|0x00000000d0e00000, 0x00000000d0f00000, 0x00000000d0f00000|100%|HC|  |TAMS 0x00000000d0f00000, 0x00000000d0e00000| Complete 
|  99|0x00000000d0f00000, 0x00000000d1000000, 0x00000000d1000000|100%|HC|  |TAMS 0x00000000d1000000, 0x00000000d0f00000| Complete 
| 100|0x00000000d1000000, 0x00000000d1100000, 0x00000000d1100000|100%|HC|  |TAMS 0x00000000d1100000, 0x00000000d1000000| Complete 
| 101|0x00000000d1100000, 0x00000000d1200000, 0x00000000d1200000|100%|HC|  |TAMS 0x00000000d1200000, 0x00000000d1100000| Complete 
| 102|0x00000000d1200000, 0x00000000d1300000, 0x00000000d1300000|100%|HC|  |TAMS 0x00000000d1300000, 0x00000000d1200000| Complete 
| 103|0x00000000d1300000, 0x00000000d1400000, 0x00000000d1400000|100%|HC|  |TAMS 0x00000000d1400000, 0x00000000d1300000| Complete 
| 104|0x00000000d1400000, 0x00000000d1500000, 0x00000000d1500000|100%|HC|  |TAMS 0x00000000d1500000, 0x00000000d1400000| Complete 
| 105|0x00000000d1500000, 0x00000000d1600000, 0x00000000d1600000|100%|HC|  |TAMS 0x00000000d1600000, 0x00000000d1500000| Complete 
| 106|0x00000000d1600000, 0x00000000d1700000, 0x00000000d1700000|100%|HC|  |TAMS 0x00000000d1700000, 0x00000000d1600000| Complete 
| 107|0x00000000d1700000, 0x00000000d1800000, 0x00000000d1800000|100%|HC|  |TAMS 0x00000000d1800000, 0x00000000d1700000| Complete 
| 108|0x00000000d1800000, 0x00000000d1900000, 0x00000000d1900000|100%|HC|  |TAMS 0x00000000d1900000, 0x00000000d1800000| Complete 
| 109|0x00000000d1900000, 0x00000000d1a00000, 0x00000000d1a00000|100%|HC|  |TAMS 0x00000000d1a00000, 0x00000000d1900000| Complete 
| 110|0x00000000d1a00000, 0x00000000d1b00000, 0x00000000d1b00000|100%|HC|  |TAMS 0x00000000d1b00000, 0x00000000d1a00000| Complete 
| 111|0x00000000d1b00000, 0x00000000d1c00000, 0x00000000d1c00000|100%|HC|  |TAMS 0x00000000d1c00000, 0x00000000d1b00000| Complete 
| 112|0x00000000d1c00000, 0x00000000d1d00000, 0x00000000d1d00000|100%|HC|  |TAMS 0x00000000d1d00000, 0x00000000d1c00000| Complete 
| 113|0x00000000d1d00000, 0x00000000d1e00000, 0x00000000d1e00000|100%|HC|  |TAMS 0x00000000d1e00000, 0x00000000d1d00000| Complete 
| 114|0x00000000d1e00000, 0x00000000d1f00000, 0x00000000d1f00000|100%|HC|  |TAMS 0x00000000d1f00000, 0x00000000d1e00000| Complete 
| 115|0x00000000d1f00000, 0x00000000d2000000, 0x00000000d2000000|100%|HC|  |TAMS 0x00000000d2000000, 0x00000000d1f00000| Complete 
| 116|0x00000000d2000000, 0x00000000d2100000, 0x00000000d2100000|100%|HC|  |TAMS 0x00000000d2100000, 0x00000000d2000000| Complete 
| 117|0x00000000d2100000, 0x00000000d2200000, 0x00000000d2200000|100%|HC|  |TAMS 0x00000000d2200000, 0x00000000d2100000| Complete 
| 118|0x00000000d2200000, 0x00000000d2300000, 0x00000000d2300000|100%|HC|  |TAMS 0x00000000d2300000, 0x00000000d2200000| Complete 
| 119|0x00000000d2300000, 0x00000000d2400000, 0x00000000d2400000|100%|HC|  |TAMS 0x00000000d2400000, 0x00000000d2300000| Complete 
| 120|0x00000000d2400000, 0x00000000d2500000, 0x00000000d2500000|100%|HC|  |TAMS 0x00000000d2500000, 0x00000000d2400000| Complete 
| 121|0x00000000d2500000, 0x00000000d2600000, 0x00000000d2600000|100%|HC|  |TAMS 0x00000000d2600000, 0x00000000d2500000| Complete 
| 122|0x00000000d2600000, 0x00000000d2700000, 0x00000000d2700000|100%|HC|  |TAMS 0x00000000d2700000, 0x00000000d2600000| Complete 
| 123|0x00000000d2700000, 0x00000000d2800000, 0x00000000d2800000|100%|HC|  |TAMS 0x00000000d2800000, 0x00000000d2700000| Complete 
| 124|0x00000000d2800000, 0x00000000d2900000, 0x00000000d2900000|100%|HC|  |TAMS 0x00000000d2900000, 0x00000000d2800000| Complete 
| 125|0x00000000d2900000, 0x00000000d2a00000, 0x00000000d2a00000|100%|HC|  |TAMS 0x00000000d2a00000, 0x00000000d2900000| Complete 
| 126|0x00000000d2a00000, 0x00000000d2b00000, 0x00000000d2b00000|100%|HC|  |TAMS 0x00000000d2b00000, 0x00000000d2a00000| Complete 
| 127|0x00000000d2b00000, 0x00000000d2c00000, 0x00000000d2c00000|100%|HC|  |TAMS 0x00000000d2c00000, 0x00000000d2b00000| Complete 
| 128|0x00000000d2c00000, 0x00000000d2d00000, 0x00000000d2d00000|100%|HC|  |TAMS 0x00000000d2d00000, 0x00000000d2c00000| Complete 
| 129|0x00000000d2d00000, 0x00000000d2d00000, 0x00000000d2e00000|  0%| F|  |TAMS 0x00000000d2d00000, 0x00000000d2d00000| Untracked 
| 130|0x00000000d2e00000, 0x00000000d2e00000, 0x00000000d2f00000|  0%| F|  |TAMS 0x00000000d2e00000, 0x00000000d2e00000| Untracked 
| 131|0x00000000d2f00000, 0x00000000d2f00000, 0x00000000d3000000|  0%| F|  |TAMS 0x00000000d2f00000, 0x00000000d2f00000| Untracked 
| 132|0x00000000d3000000, 0x00000000d3000000, 0x00000000d3100000|  0%| F|  |TAMS 0x00000000d3000000, 0x00000000d3000000| Untracked 
| 133|0x00000000d3100000, 0x00000000d3100000, 0x00000000d3200000|  0%| F|  |TAMS 0x00000000d3100000, 0x00000000d3100000| Untracked 
| 134|0x00000000d3200000, 0x00000000d3200000, 0x00000000d3300000|  0%| F|  |TAMS 0x00000000d3200000, 0x00000000d3200000| Untracked 
| 135|0x00000000d3300000, 0x00000000d3300000, 0x00000000d3400000|  0%| F|  |TAMS 0x00000000d3300000, 0x00000000d3300000| Untracked 
| 136|0x00000000d3400000, 0x00000000d3400000, 0x00000000d3500000|  0%| F|  |TAMS 0x00000000d3400000, 0x00000000d3400000| Untracked 
| 137|0x00000000d3500000, 0x00000000d3500000, 0x00000000d3600000|  0%| F|  |TAMS 0x00000000d3500000, 0x00000000d3500000| Untracked 
| 138|0x00000000d3600000, 0x00000000d3600000, 0x00000000d3700000|  0%| F|  |TAMS 0x00000000d3600000, 0x00000000d3600000| Untracked 
| 139|0x00000000d3700000, 0x00000000d3700000, 0x00000000d3800000|  0%| F|  |TAMS 0x00000000d3700000, 0x00000000d3700000| Untracked 
| 140|0x00000000d3800000, 0x00000000d3800000, 0x00000000d3900000|  0%| F|  |TAMS 0x00000000d3800000, 0x00000000d3800000| Untracked 
| 141|0x00000000d3900000, 0x00000000d3900000, 0x00000000d3a00000|  0%| F|  |TAMS 0x00000000d3900000, 0x00000000d3900000| Untracked 
| 142|0x00000000d3a00000, 0x00000000d3a00000, 0x00000000d3b00000|  0%| F|  |TAMS 0x00000000d3a00000, 0x00000000d3a00000| Untracked 
| 143|0x00000000d3b00000, 0x00000000d3b00000, 0x00000000d3c00000|  0%| F|  |TAMS 0x00000000d3b00000, 0x00000000d3b00000| Untracked 
| 144|0x00000000d3c00000, 0x00000000d3c00000, 0x00000000d3d00000|  0%| F|  |TAMS 0x00000000d3c00000, 0x00000000d3c00000| Untracked 
| 145|0x00000000d3d00000, 0x00000000d3d00000, 0x00000000d3e00000|  0%| F|  |TAMS 0x00000000d3d00000, 0x00000000d3d00000| Untracked 
| 146|0x00000000d3e00000, 0x00000000d3e00000, 0x00000000d3f00000|  0%| F|  |TAMS 0x00000000d3e00000, 0x00000000d3e00000| Untracked 
| 147|0x00000000d3f00000, 0x00000000d3f00000, 0x00000000d4000000|  0%| F|  |TAMS 0x00000000d3f00000, 0x00000000d3f00000| Untracked 
| 148|0x00000000d4000000, 0x00000000d4000000, 0x00000000d4100000|  0%| F|  |TAMS 0x00000000d4000000, 0x00000000d4000000| Untracked 
| 149|0x00000000d4100000, 0x00000000d4100000, 0x00000000d4200000|  0%| F|  |TAMS 0x00000000d4100000, 0x00000000d4100000| Untracked 
| 150|0x00000000d4200000, 0x00000000d4200000, 0x00000000d4300000|  0%| F|  |TAMS 0x00000000d4200000, 0x00000000d4200000| Untracked 
| 151|0x00000000d4300000, 0x00000000d4300000, 0x00000000d4400000|  0%| F|  |TAMS 0x00000000d4300000, 0x00000000d4300000| Untracked 
| 152|0x00000000d4400000, 0x00000000d4400000, 0x00000000d4500000|  0%| F|  |TAMS 0x00000000d4400000, 0x00000000d4400000| Untracked 
| 153|0x00000000d4500000, 0x00000000d4500000, 0x00000000d4600000|  0%| F|  |TAMS 0x00000000d4500000, 0x00000000d4500000| Untracked 
| 154|0x00000000d4600000, 0x00000000d4600000, 0x00000000d4700000|  0%| F|  |TAMS 0x00000000d4600000, 0x00000000d4600000| Untracked 
| 155|0x00000000d4700000, 0x00000000d4700000, 0x00000000d4800000|  0%| F|  |TAMS 0x00000000d4700000, 0x00000000d4700000| Untracked 
| 156|0x00000000d4800000, 0x00000000d4800000, 0x00000000d4900000|  0%| F|  |TAMS 0x00000000d4800000, 0x00000000d4800000| Untracked 
| 157|0x00000000d4900000, 0x00000000d4900000, 0x00000000d4a00000|  0%| F|  |TAMS 0x00000000d4900000, 0x00000000d4900000| Untracked 
| 158|0x00000000d4a00000, 0x00000000d4a00000, 0x00000000d4b00000|  0%| F|  |TAMS 0x00000000d4a00000, 0x00000000d4a00000| Untracked 
| 159|0x00000000d4b00000, 0x00000000d4b00000, 0x00000000d4c00000|  0%| F|  |TAMS 0x00000000d4b00000, 0x00000000d4b00000| Untracked 
| 160|0x00000000d4c00000, 0x00000000d4c00000, 0x00000000d4d00000|  0%| F|  |TAMS 0x00000000d4c00000, 0x00000000d4c00000| Untracked 
| 161|0x00000000d4d00000, 0x00000000d4d00000, 0x00000000d4e00000|  0%| F|  |TAMS 0x00000000d4d00000, 0x00000000d4d00000| Untracked 
| 162|0x00000000d4e00000, 0x00000000d4e00000, 0x00000000d4f00000|  0%| F|  |TAMS 0x00000000d4e00000, 0x00000000d4e00000| Untracked 
| 163|0x00000000d4f00000, 0x00000000d4f00000, 0x00000000d5000000|  0%| F|  |TAMS 0x00000000d4f00000, 0x00000000d4f00000| Untracked 
| 164|0x00000000d5000000, 0x00000000d5000000, 0x00000000d5100000|  0%| F|  |TAMS 0x00000000d5000000, 0x00000000d5000000| Untracked 
| 165|0x00000000d5100000, 0x00000000d5100000, 0x00000000d5200000|  0%| F|  |TAMS 0x00000000d5100000, 0x00000000d5100000| Untracked 
| 166|0x00000000d5200000, 0x00000000d5200000, 0x00000000d5300000|  0%| F|  |TAMS 0x00000000d5200000, 0x00000000d5200000| Untracked 
| 167|0x00000000d5300000, 0x00000000d5300000, 0x00000000d5400000|  0%| F|  |TAMS 0x00000000d5300000, 0x00000000d5300000| Untracked 
| 168|0x00000000d5400000, 0x00000000d5400000, 0x00000000d5500000|  0%| F|  |TAMS 0x00000000d5400000, 0x00000000d5400000| Untracked 
| 169|0x00000000d5500000, 0x00000000d5500000, 0x00000000d5600000|  0%| F|  |TAMS 0x00000000d5500000, 0x00000000d5500000| Untracked 
| 170|0x00000000d5600000, 0x00000000d5600000, 0x00000000d5700000|  0%| F|  |TAMS 0x00000000d5600000, 0x00000000d5600000| Untracked 
| 171|0x00000000d5700000, 0x00000000d5700000, 0x00000000d5800000|  0%| F|  |TAMS 0x00000000d5700000, 0x00000000d5700000| Untracked 
| 172|0x00000000d5800000, 0x00000000d5800000, 0x00000000d5900000|  0%| F|  |TAMS 0x00000000d5800000, 0x00000000d5800000| Untracked 
| 173|0x00000000d5900000, 0x00000000d5900000, 0x00000000d5a00000|  0%| F|  |TAMS 0x00000000d5900000, 0x00000000d5900000| Untracked 
| 174|0x00000000d5a00000, 0x00000000d5a00000, 0x00000000d5b00000|  0%| F|  |TAMS 0x00000000d5a00000, 0x00000000d5a00000| Untracked 
| 175|0x00000000d5b00000, 0x00000000d5b00000, 0x00000000d5c00000|  0%| F|  |TAMS 0x00000000d5b00000, 0x00000000d5b00000| Untracked 
| 176|0x00000000d5c00000, 0x00000000d5c00000, 0x00000000d5d00000|  0%| F|  |TAMS 0x00000000d5c00000, 0x00000000d5c00000| Untracked 
| 177|0x00000000d5d00000, 0x00000000d5d00000, 0x00000000d5e00000|  0%| F|  |TAMS 0x00000000d5d00000, 0x00000000d5d00000| Untracked 
| 178|0x00000000d5e00000, 0x00000000d5e00000, 0x00000000d5f00000|  0%| F|  |TAMS 0x00000000d5e00000, 0x00000000d5e00000| Untracked 
| 179|0x00000000d5f00000, 0x00000000d5f00000, 0x00000000d6000000|  0%| F|  |TAMS 0x00000000d5f00000, 0x00000000d5f00000| Untracked 
| 180|0x00000000d6000000, 0x00000000d6000000, 0x00000000d6100000|  0%| F|  |TAMS 0x00000000d6000000, 0x00000000d6000000| Untracked 
| 181|0x00000000d6100000, 0x00000000d6100000, 0x00000000d6200000|  0%| F|  |TAMS 0x00000000d6100000, 0x00000000d6100000| Untracked 
| 182|0x00000000d6200000, 0x00000000d6200000, 0x00000000d6300000|  0%| F|  |TAMS 0x00000000d6200000, 0x00000000d6200000| Untracked 
| 183|0x00000000d6300000, 0x00000000d6300000, 0x00000000d6400000|  0%| F|  |TAMS 0x00000000d6300000, 0x00000000d6300000| Untracked 
| 184|0x00000000d6400000, 0x00000000d6400000, 0x00000000d6500000|  0%| F|  |TAMS 0x00000000d6400000, 0x00000000d6400000| Untracked 
| 185|0x00000000d6500000, 0x00000000d6500000, 0x00000000d6600000|  0%| F|  |TAMS 0x00000000d6500000, 0x00000000d6500000| Untracked 
| 186|0x00000000d6600000, 0x00000000d6600000, 0x00000000d6700000|  0%| F|  |TAMS 0x00000000d6600000, 0x00000000d6600000| Untracked 
| 187|0x00000000d6700000, 0x00000000d6700000, 0x00000000d6800000|  0%| F|  |TAMS 0x00000000d6700000, 0x00000000d6700000| Untracked 
| 188|0x00000000d6800000, 0x00000000d6800000, 0x00000000d6900000|  0%| F|  |TAMS 0x00000000d6800000, 0x00000000d6800000| Untracked 
| 189|0x00000000d6900000, 0x00000000d6900000, 0x00000000d6a00000|  0%| F|  |TAMS 0x00000000d6900000, 0x00000000d6900000| Untracked 
| 190|0x00000000d6a00000, 0x00000000d6a00000, 0x00000000d6b00000|  0%| F|  |TAMS 0x00000000d6a00000, 0x00000000d6a00000| Untracked 
| 191|0x00000000d6b00000, 0x00000000d6b00000, 0x00000000d6c00000|  0%| F|  |TAMS 0x00000000d6b00000, 0x00000000d6b00000| Untracked 
| 192|0x00000000d6c00000, 0x00000000d6c00000, 0x00000000d6d00000|  0%| F|  |TAMS 0x00000000d6c00000, 0x00000000d6c00000| Untracked 
| 193|0x00000000d6d00000, 0x00000000d6d00000, 0x00000000d6e00000|  0%| F|  |TAMS 0x00000000d6d00000, 0x00000000d6d00000| Untracked 
| 194|0x00000000d6e00000, 0x00000000d6f00000, 0x00000000d6f00000|100%|HS|  |TAMS 0x00000000d6f00000, 0x00000000d6e00000| Complete 
| 195|0x00000000d6f00000, 0x00000000d7000000, 0x00000000d7000000|100%|HC|  |TAMS 0x00000000d7000000, 0x00000000d6f00000| Complete 
| 196|0x00000000d7000000, 0x00000000d7100000, 0x00000000d7100000|100%|HC|  |TAMS 0x00000000d7100000, 0x00000000d7000000| Complete 
| 197|0x00000000d7100000, 0x00000000d7200000, 0x00000000d7200000|100%|HC|  |TAMS 0x00000000d7200000, 0x00000000d7100000| Complete 
| 198|0x00000000d7200000, 0x00000000d7300000, 0x00000000d7300000|100%|HC|  |TAMS 0x00000000d7300000, 0x00000000d7200000| Complete 
| 199|0x00000000d7300000, 0x00000000d7400000, 0x00000000d7400000|100%|HC|  |TAMS 0x00000000d7400000, 0x00000000d7300000| Complete 
| 200|0x00000000d7400000, 0x00000000d7500000, 0x00000000d7500000|100%|HC|  |TAMS 0x00000000d7500000, 0x00000000d7400000| Complete 
| 201|0x00000000d7500000, 0x00000000d7600000, 0x00000000d7600000|100%|HC|  |TAMS 0x00000000d7600000, 0x00000000d7500000| Complete 
| 202|0x00000000d7600000, 0x00000000d7700000, 0x00000000d7700000|100%|HC|  |TAMS 0x00000000d7700000, 0x00000000d7600000| Complete 
| 203|0x00000000d7700000, 0x00000000d7800000, 0x00000000d7800000|100%|HC|  |TAMS 0x00000000d7800000, 0x00000000d7700000| Complete 
| 204|0x00000000d7800000, 0x00000000d7900000, 0x00000000d7900000|100%|HC|  |TAMS 0x00000000d7900000, 0x00000000d7800000| Complete 
| 205|0x00000000d7900000, 0x00000000d7a00000, 0x00000000d7a00000|100%|HC|  |TAMS 0x00000000d7a00000, 0x00000000d7900000| Complete 
| 206|0x00000000d7a00000, 0x00000000d7b00000, 0x00000000d7b00000|100%|HC|  |TAMS 0x00000000d7b00000, 0x00000000d7a00000| Complete 
| 207|0x00000000d7b00000, 0x00000000d7c00000, 0x00000000d7c00000|100%|HC|  |TAMS 0x00000000d7c00000, 0x00000000d7b00000| Complete 
| 208|0x00000000d7c00000, 0x00000000d7d00000, 0x00000000d7d00000|100%|HC|  |TAMS 0x00000000d7d00000, 0x00000000d7c00000| Complete 
| 209|0x00000000d7d00000, 0x00000000d7e00000, 0x00000000d7e00000|100%|HC|  |TAMS 0x00000000d7e00000, 0x00000000d7d00000| Complete 
| 210|0x00000000d7e00000, 0x00000000d7f00000, 0x00000000d7f00000|100%|HC|  |TAMS 0x00000000d7f00000, 0x00000000d7e00000| Complete 
| 211|0x00000000d7f00000, 0x00000000d8000000, 0x00000000d8000000|100%|HC|  |TAMS 0x00000000d8000000, 0x00000000d7f00000| Complete 
| 212|0x00000000d8000000, 0x00000000d8100000, 0x00000000d8100000|100%|HC|  |TAMS 0x00000000d8100000, 0x00000000d8000000| Complete 
| 213|0x00000000d8100000, 0x00000000d8200000, 0x00000000d8200000|100%|HC|  |TAMS 0x00000000d8200000, 0x00000000d8100000| Complete 
| 214|0x00000000d8200000, 0x00000000d8300000, 0x00000000d8300000|100%|HC|  |TAMS 0x00000000d8300000, 0x00000000d8200000| Complete 
| 215|0x00000000d8300000, 0x00000000d8400000, 0x00000000d8400000|100%|HC|  |TAMS 0x00000000d8400000, 0x00000000d8300000| Complete 
| 216|0x00000000d8400000, 0x00000000d8500000, 0x00000000d8500000|100%|HC|  |TAMS 0x00000000d8500000, 0x00000000d8400000| Complete 
| 217|0x00000000d8500000, 0x00000000d8600000, 0x00000000d8600000|100%|HC|  |TAMS 0x00000000d8600000, 0x00000000d8500000| Complete 
| 218|0x00000000d8600000, 0x00000000d8700000, 0x00000000d8700000|100%|HC|  |TAMS 0x00000000d8700000, 0x00000000d8600000| Complete 
| 219|0x00000000d8700000, 0x00000000d8800000, 0x00000000d8800000|100%|HC|  |TAMS 0x00000000d8800000, 0x00000000d8700000| Complete 
| 220|0x00000000d8800000, 0x00000000d8900000, 0x00000000d8900000|100%|HC|  |TAMS 0x00000000d8900000, 0x00000000d8800000| Complete 
| 221|0x00000000d8900000, 0x00000000d8a00000, 0x00000000d8a00000|100%|HC|  |TAMS 0x00000000d8a00000, 0x00000000d8900000| Complete 
| 222|0x00000000d8a00000, 0x00000000d8b00000, 0x00000000d8b00000|100%|HC|  |TAMS 0x00000000d8b00000, 0x00000000d8a00000| Complete 
| 223|0x00000000d8b00000, 0x00000000d8c00000, 0x00000000d8c00000|100%|HC|  |TAMS 0x00000000d8c00000, 0x00000000d8b00000| Complete 
| 224|0x00000000d8c00000, 0x00000000d8d00000, 0x00000000d8d00000|100%|HC|  |TAMS 0x00000000d8d00000, 0x00000000d8c00000| Complete 
| 225|0x00000000d8d00000, 0x00000000d8e00000, 0x00000000d8e00000|100%|HC|  |TAMS 0x00000000d8e00000, 0x00000000d8d00000| Complete 
| 226|0x00000000d8e00000, 0x00000000d8f00000, 0x00000000d8f00000|100%|HC|  |TAMS 0x00000000d8f00000, 0x00000000d8e00000| Complete 
| 227|0x00000000d8f00000, 0x00000000d9000000, 0x00000000d9000000|100%|HC|  |TAMS 0x00000000d9000000, 0x00000000d8f00000| Complete 
| 228|0x00000000d9000000, 0x00000000d9100000, 0x00000000d9100000|100%|HC|  |TAMS 0x00000000d9100000, 0x00000000d9000000| Complete 
| 229|0x00000000d9100000, 0x00000000d9200000, 0x00000000d9200000|100%|HC|  |TAMS 0x00000000d9200000, 0x00000000d9100000| Complete 
| 230|0x00000000d9200000, 0x00000000d9300000, 0x00000000d9300000|100%|HC|  |TAMS 0x00000000d9300000, 0x00000000d9200000| Complete 
| 231|0x00000000d9300000, 0x00000000d9400000, 0x00000000d9400000|100%|HC|  |TAMS 0x00000000d9400000, 0x00000000d9300000| Complete 
| 232|0x00000000d9400000, 0x00000000d9500000, 0x00000000d9500000|100%|HC|  |TAMS 0x00000000d9500000, 0x00000000d9400000| Complete 
| 233|0x00000000d9500000, 0x00000000d9600000, 0x00000000d9600000|100%|HC|  |TAMS 0x00000000d9600000, 0x00000000d9500000| Complete 
| 234|0x00000000d9600000, 0x00000000d9700000, 0x00000000d9700000|100%|HC|  |TAMS 0x00000000d9700000, 0x00000000d9600000| Complete 
| 235|0x00000000d9700000, 0x00000000d9800000, 0x00000000d9800000|100%|HC|  |TAMS 0x00000000d9800000, 0x00000000d9700000| Complete 
| 236|0x00000000d9800000, 0x00000000d9900000, 0x00000000d9900000|100%|HC|  |TAMS 0x00000000d9900000, 0x00000000d9800000| Complete 
| 237|0x00000000d9900000, 0x00000000d9a00000, 0x00000000d9a00000|100%|HC|  |TAMS 0x00000000d9a00000, 0x00000000d9900000| Complete 
| 238|0x00000000d9a00000, 0x00000000d9b00000, 0x00000000d9b00000|100%|HC|  |TAMS 0x00000000d9b00000, 0x00000000d9a00000| Complete 
| 239|0x00000000d9b00000, 0x00000000d9c00000, 0x00000000d9c00000|100%|HC|  |TAMS 0x00000000d9c00000, 0x00000000d9b00000| Complete 
| 240|0x00000000d9c00000, 0x00000000d9d00000, 0x00000000d9d00000|100%|HC|  |TAMS 0x00000000d9d00000, 0x00000000d9c00000| Complete 
| 241|0x00000000d9d00000, 0x00000000d9e00000, 0x00000000d9e00000|100%|HC|  |TAMS 0x00000000d9e00000, 0x00000000d9d00000| Complete 
| 242|0x00000000d9e00000, 0x00000000d9f00000, 0x00000000d9f00000|100%|HC|  |TAMS 0x00000000d9f00000, 0x00000000d9e00000| Complete 
| 243|0x00000000d9f00000, 0x00000000da000000, 0x00000000da000000|100%|HC|  |TAMS 0x00000000da000000, 0x00000000d9f00000| Complete 
| 244|0x00000000da000000, 0x00000000da100000, 0x00000000da100000|100%|HC|  |TAMS 0x00000000da100000, 0x00000000da000000| Complete 
| 245|0x00000000da100000, 0x00000000da200000, 0x00000000da200000|100%|HC|  |TAMS 0x00000000da200000, 0x00000000da100000| Complete 
| 246|0x00000000da200000, 0x00000000da300000, 0x00000000da300000|100%|HC|  |TAMS 0x00000000da300000, 0x00000000da200000| Complete 
| 247|0x00000000da300000, 0x00000000da400000, 0x00000000da400000|100%|HC|  |TAMS 0x00000000da400000, 0x00000000da300000| Complete 
| 248|0x00000000da400000, 0x00000000da500000, 0x00000000da500000|100%|HC|  |TAMS 0x00000000da500000, 0x00000000da400000| Complete 
| 249|0x00000000da500000, 0x00000000da600000, 0x00000000da600000|100%|HC|  |TAMS 0x00000000da600000, 0x00000000da500000| Complete 
| 250|0x00000000da600000, 0x00000000da700000, 0x00000000da700000|100%|HC|  |TAMS 0x00000000da700000, 0x00000000da600000| Complete 
| 251|0x00000000da700000, 0x00000000da800000, 0x00000000da800000|100%|HC|  |TAMS 0x00000000da800000, 0x00000000da700000| Complete 
| 252|0x00000000da800000, 0x00000000da900000, 0x00000000da900000|100%|HC|  |TAMS 0x00000000da900000, 0x00000000da800000| Complete 
| 253|0x00000000da900000, 0x00000000daa00000, 0x00000000daa00000|100%|HC|  |TAMS 0x00000000daa00000, 0x00000000da900000| Complete 
| 254|0x00000000daa00000, 0x00000000dab00000, 0x00000000dab00000|100%|HC|  |TAMS 0x00000000dab00000, 0x00000000daa00000| Complete 
| 255|0x00000000dab00000, 0x00000000dac00000, 0x00000000dac00000|100%|HC|  |TAMS 0x00000000dac00000, 0x00000000dab00000| Complete 
| 256|0x00000000dac00000, 0x00000000dad00000, 0x00000000dad00000|100%|HC|  |TAMS 0x00000000dad00000, 0x00000000dac00000| Complete 
| 257|0x00000000dad00000, 0x00000000dae00000, 0x00000000dae00000|100%|HC|  |TAMS 0x00000000dae00000, 0x00000000dad00000| Complete 
| 258|0x00000000dae00000, 0x00000000daf00000, 0x00000000daf00000|100%|HC|  |TAMS 0x00000000daf00000, 0x00000000dae00000| Complete 
| 259|0x00000000daf00000, 0x00000000db000000, 0x00000000db000000|100%|HC|  |TAMS 0x00000000db000000, 0x00000000daf00000| Complete 
| 260|0x00000000db000000, 0x00000000db100000, 0x00000000db100000|100%|HC|  |TAMS 0x00000000db100000, 0x00000000db000000| Complete 
| 261|0x00000000db100000, 0x00000000db200000, 0x00000000db200000|100%|HC|  |TAMS 0x00000000db200000, 0x00000000db100000| Complete 
| 262|0x00000000db200000, 0x00000000db300000, 0x00000000db300000|100%|HC|  |TAMS 0x00000000db300000, 0x00000000db200000| Complete 
| 263|0x00000000db300000, 0x00000000db400000, 0x00000000db400000|100%|HC|  |TAMS 0x00000000db400000, 0x00000000db300000| Complete 
| 264|0x00000000db400000, 0x00000000db500000, 0x00000000db500000|100%|HC|  |TAMS 0x00000000db500000, 0x00000000db400000| Complete 
| 265|0x00000000db500000, 0x00000000db600000, 0x00000000db600000|100%|HC|  |TAMS 0x00000000db600000, 0x00000000db500000| Complete 
| 266|0x00000000db600000, 0x00000000db700000, 0x00000000db700000|100%|HC|  |TAMS 0x00000000db700000, 0x00000000db600000| Complete 
| 267|0x00000000db700000, 0x00000000db800000, 0x00000000db800000|100%|HC|  |TAMS 0x00000000db800000, 0x00000000db700000| Complete 
| 268|0x00000000db800000, 0x00000000db900000, 0x00000000db900000|100%|HC|  |TAMS 0x00000000db900000, 0x00000000db800000| Complete 
| 269|0x00000000db900000, 0x00000000dba00000, 0x00000000dba00000|100%|HC|  |TAMS 0x00000000dba00000, 0x00000000db900000| Complete 
| 270|0x00000000dba00000, 0x00000000dbb00000, 0x00000000dbb00000|100%|HC|  |TAMS 0x00000000dbb00000, 0x00000000dba00000| Complete 
| 271|0x00000000dbb00000, 0x00000000dbc00000, 0x00000000dbc00000|100%|HC|  |TAMS 0x00000000dbc00000, 0x00000000dbb00000| Complete 
| 272|0x00000000dbc00000, 0x00000000dbd00000, 0x00000000dbd00000|100%|HC|  |TAMS 0x00000000dbd00000, 0x00000000dbc00000| Complete 
| 273|0x00000000dbd00000, 0x00000000dbe00000, 0x00000000dbe00000|100%|HC|  |TAMS 0x00000000dbe00000, 0x00000000dbd00000| Complete 
| 274|0x00000000dbe00000, 0x00000000dbf00000, 0x00000000dbf00000|100%|HC|  |TAMS 0x00000000dbf00000, 0x00000000dbe00000| Complete 
| 275|0x00000000dbf00000, 0x00000000dc000000, 0x00000000dc000000|100%|HC|  |TAMS 0x00000000dc000000, 0x00000000dbf00000| Complete 
| 276|0x00000000dc000000, 0x00000000dc100000, 0x00000000dc100000|100%|HC|  |TAMS 0x00000000dc100000, 0x00000000dc000000| Complete 
| 277|0x00000000dc100000, 0x00000000dc200000, 0x00000000dc200000|100%|HC|  |TAMS 0x00000000dc200000, 0x00000000dc100000| Complete 
| 278|0x00000000dc200000, 0x00000000dc300000, 0x00000000dc300000|100%|HC|  |TAMS 0x00000000dc300000, 0x00000000dc200000| Complete 
| 279|0x00000000dc300000, 0x00000000dc400000, 0x00000000dc400000|100%|HC|  |TAMS 0x00000000dc400000, 0x00000000dc300000| Complete 
| 280|0x00000000dc400000, 0x00000000dc500000, 0x00000000dc500000|100%|HC|  |TAMS 0x00000000dc500000, 0x00000000dc400000| Complete 
| 281|0x00000000dc500000, 0x00000000dc600000, 0x00000000dc600000|100%|HC|  |TAMS 0x00000000dc600000, 0x00000000dc500000| Complete 
| 282|0x00000000dc600000, 0x00000000dc700000, 0x00000000dc700000|100%|HC|  |TAMS 0x00000000dc700000, 0x00000000dc600000| Complete 
| 283|0x00000000dc700000, 0x00000000dc700000, 0x00000000dc800000|  0%| F|  |TAMS 0x00000000dc700000, 0x00000000dc700000| Untracked 
| 284|0x00000000dc800000, 0x00000000dc800000, 0x00000000dc900000|  0%| F|  |TAMS 0x00000000dc800000, 0x00000000dc800000| Untracked 
| 285|0x00000000dc900000, 0x00000000dc900000, 0x00000000dca00000|  0%| F|  |TAMS 0x00000000dc900000, 0x00000000dc900000| Untracked 
| 286|0x00000000dca00000, 0x00000000dca00000, 0x00000000dcb00000|  0%| F|  |TAMS 0x00000000dca00000, 0x00000000dca00000| Untracked 
| 287|0x00000000dcb00000, 0x00000000dcb00000, 0x00000000dcc00000|  0%| F|  |TAMS 0x00000000dcb00000, 0x00000000dcb00000| Untracked 
| 288|0x00000000dcc00000, 0x00000000dcc00000, 0x00000000dcd00000|  0%| F|  |TAMS 0x00000000dcc00000, 0x00000000dcc00000| Untracked 
| 289|0x00000000dcd00000, 0x00000000dcd00000, 0x00000000dce00000|  0%| F|  |TAMS 0x00000000dcd00000, 0x00000000dcd00000| Untracked 
| 290|0x00000000dce00000, 0x00000000dce00000, 0x00000000dcf00000|  0%| F|  |TAMS 0x00000000dce00000, 0x00000000dce00000| Untracked 
| 291|0x00000000dcf00000, 0x00000000dcf00000, 0x00000000dd000000|  0%| F|  |TAMS 0x00000000dcf00000, 0x00000000dcf00000| Untracked 
| 292|0x00000000dd000000, 0x00000000dd000000, 0x00000000dd100000|  0%| F|  |TAMS 0x00000000dd000000, 0x00000000dd000000| Untracked 
| 293|0x00000000dd100000, 0x00000000dd100000, 0x00000000dd200000|  0%| F|  |TAMS 0x00000000dd100000, 0x00000000dd100000| Untracked 
| 294|0x00000000dd200000, 0x00000000dd200000, 0x00000000dd300000|  0%| F|  |TAMS 0x00000000dd200000, 0x00000000dd200000| Untracked 
| 295|0x00000000dd300000, 0x00000000dd300000, 0x00000000dd400000|  0%| F|  |TAMS 0x00000000dd300000, 0x00000000dd300000| Untracked 
| 296|0x00000000dd400000, 0x00000000dd400000, 0x00000000dd500000|  0%| F|  |TAMS 0x00000000dd400000, 0x00000000dd400000| Untracked 
| 297|0x00000000dd500000, 0x00000000dd500000, 0x00000000dd600000|  0%| F|  |TAMS 0x00000000dd500000, 0x00000000dd500000| Untracked 
| 298|0x00000000dd600000, 0x00000000dd600000, 0x00000000dd700000|  0%| F|  |TAMS 0x00000000dd600000, 0x00000000dd600000| Untracked 
| 299|0x00000000dd700000, 0x00000000dd700000, 0x00000000dd800000|  0%| F|  |TAMS 0x00000000dd700000, 0x00000000dd700000| Untracked 
| 300|0x00000000dd800000, 0x00000000dd800000, 0x00000000dd900000|  0%| F|  |TAMS 0x00000000dd800000, 0x00000000dd800000| Untracked 
| 301|0x00000000dd900000, 0x00000000dd900000, 0x00000000dda00000|  0%| F|  |TAMS 0x00000000dd900000, 0x00000000dd900000| Untracked 
| 302|0x00000000dda00000, 0x00000000dda00000, 0x00000000ddb00000|  0%| F|  |TAMS 0x00000000dda00000, 0x00000000dda00000| Untracked 
| 303|0x00000000ddb00000, 0x00000000ddb00000, 0x00000000ddc00000|  0%| F|  |TAMS 0x00000000ddb00000, 0x00000000ddb00000| Untracked 
| 304|0x00000000ddc00000, 0x00000000ddc00000, 0x00000000ddd00000|  0%| F|  |TAMS 0x00000000ddc00000, 0x00000000ddc00000| Untracked 
| 305|0x00000000ddd00000, 0x00000000ddd00000, 0x00000000dde00000|  0%| F|  |TAMS 0x00000000ddd00000, 0x00000000ddd00000| Untracked 
| 306|0x00000000dde00000, 0x00000000dde00000, 0x00000000ddf00000|  0%| F|  |TAMS 0x00000000dde00000, 0x00000000dde00000| Untracked 
| 307|0x00000000ddf00000, 0x00000000ddf00000, 0x00000000de000000|  0%| F|  |TAMS 0x00000000ddf00000, 0x00000000ddf00000| Untracked 
| 308|0x00000000de000000, 0x00000000de000000, 0x00000000de100000|  0%| F|  |TAMS 0x00000000de000000, 0x00000000de000000| Untracked 
| 309|0x00000000de100000, 0x00000000de100000, 0x00000000de200000|  0%| F|  |TAMS 0x00000000de100000, 0x00000000de100000| Untracked 
| 310|0x00000000de200000, 0x00000000de200000, 0x00000000de300000|  0%| F|  |TAMS 0x00000000de200000, 0x00000000de200000| Untracked 
| 311|0x00000000de300000, 0x00000000de300000, 0x00000000de400000|  0%| F|  |TAMS 0x00000000de300000, 0x00000000de300000| Untracked 
| 312|0x00000000de400000, 0x00000000de400000, 0x00000000de500000|  0%| F|  |TAMS 0x00000000de400000, 0x00000000de400000| Untracked 
| 313|0x00000000de500000, 0x00000000de500000, 0x00000000de600000|  0%| F|  |TAMS 0x00000000de500000, 0x00000000de500000| Untracked 
| 314|0x00000000de600000, 0x00000000de600000, 0x00000000de700000|  0%| F|  |TAMS 0x00000000de600000, 0x00000000de600000| Untracked 
| 315|0x00000000de700000, 0x00000000de700000, 0x00000000de800000|  0%| F|  |TAMS 0x00000000de700000, 0x00000000de700000| Untracked 
| 316|0x00000000de800000, 0x00000000de800000, 0x00000000de900000|  0%| F|  |TAMS 0x00000000de800000, 0x00000000de800000| Untracked 
| 317|0x00000000de900000, 0x00000000de900000, 0x00000000dea00000|  0%| F|  |TAMS 0x00000000de900000, 0x00000000de900000| Untracked 
| 318|0x00000000dea00000, 0x00000000dea00000, 0x00000000deb00000|  0%| F|  |TAMS 0x00000000dea00000, 0x00000000dea00000| Untracked 
| 319|0x00000000deb00000, 0x00000000deb00000, 0x00000000dec00000|  0%| F|  |TAMS 0x00000000deb00000, 0x00000000deb00000| Untracked 
| 320|0x00000000dec00000, 0x00000000dec00000, 0x00000000ded00000|  0%| F|  |TAMS 0x00000000dec00000, 0x00000000dec00000| Untracked 
| 321|0x00000000ded00000, 0x00000000ded00000, 0x00000000dee00000|  0%| F|  |TAMS 0x00000000ded00000, 0x00000000ded00000| Untracked 
| 322|0x00000000dee00000, 0x00000000dee00000, 0x00000000def00000|  0%| F|  |TAMS 0x00000000dee00000, 0x00000000dee00000| Untracked 
| 323|0x00000000def00000, 0x00000000def00000, 0x00000000df000000|  0%| F|  |TAMS 0x00000000def00000, 0x00000000def00000| Untracked 
| 324|0x00000000df000000, 0x00000000df000000, 0x00000000df100000|  0%| F|  |TAMS 0x00000000df000000, 0x00000000df000000| Untracked 
| 325|0x00000000df100000, 0x00000000df100000, 0x00000000df200000|  0%| F|  |TAMS 0x00000000df100000, 0x00000000df100000| Untracked 
| 326|0x00000000df200000, 0x00000000df200000, 0x00000000df300000|  0%| F|  |TAMS 0x00000000df200000, 0x00000000df200000| Untracked 
| 327|0x00000000df300000, 0x00000000df300000, 0x00000000df400000|  0%| F|  |TAMS 0x00000000df300000, 0x00000000df300000| Untracked 
| 328|0x00000000df400000, 0x00000000df400000, 0x00000000df500000|  0%| F|  |TAMS 0x00000000df400000, 0x00000000df400000| Untracked 
| 329|0x00000000df500000, 0x00000000df500000, 0x00000000df600000|  0%| F|  |TAMS 0x00000000df500000, 0x00000000df500000| Untracked 
| 330|0x00000000df600000, 0x00000000df600000, 0x00000000df700000|  0%| F|  |TAMS 0x00000000df600000, 0x00000000df600000| Untracked 
| 331|0x00000000df700000, 0x00000000df700000, 0x00000000df800000|  0%| F|  |TAMS 0x00000000df700000, 0x00000000df700000| Untracked 
| 332|0x00000000df800000, 0x00000000df800000, 0x00000000df900000|  0%| F|  |TAMS 0x00000000df800000, 0x00000000df800000| Untracked 
| 333|0x00000000df900000, 0x00000000df900000, 0x00000000dfa00000|  0%| F|  |TAMS 0x00000000df900000, 0x00000000df900000| Untracked 
| 334|0x00000000dfa00000, 0x00000000dfa00000, 0x00000000dfb00000|  0%| F|  |TAMS 0x00000000dfa00000, 0x00000000dfa00000| Untracked 
| 335|0x00000000dfb00000, 0x00000000dfb00000, 0x00000000dfc00000|  0%| F|  |TAMS 0x00000000dfb00000, 0x00000000dfb00000| Untracked 
| 336|0x00000000dfc00000, 0x00000000dfcb0708, 0x00000000dfd00000| 68%| S|CS|TAMS 0x00000000dfc00000, 0x00000000dfc00000| Complete 
| 337|0x00000000dfd00000, 0x00000000dfe00000, 0x00000000dfe00000|100%| S|CS|TAMS 0x00000000dfd00000, 0x00000000dfd00000| Complete 
| 338|0x00000000dfe00000, 0x00000000dff00000, 0x00000000dff00000|100%| S|CS|TAMS 0x00000000dfe00000, 0x00000000dfe00000| Complete 
| 339|0x00000000dff00000, 0x00000000dff00000, 0x00000000e0000000|  0%| F|  |TAMS 0x00000000dff00000, 0x00000000dff00000| Untracked 

Card table byte_map: [0x000001e36c580000,0x000001e36c730000] _byte_map_base: 0x000001e36bf2a000

Marking Bits (Prev, Next): (CMBitMap*) 0x000001e3553d9560, (CMBitMap*) 0x000001e3553d9520
 Prev Bits: [0x000001e36d630000, 0x000001e36e380000)
 Next Bits: [0x000001e36c8e0000, 0x000001e36d630000)

Polling page: 0x000001e354b80000

Metaspace:

Usage:
  Non-class:     14.72 MB used.
      Class:      2.53 MB used.
       Both:     17.24 MB used.

Virtual space:
  Non-class space:       16.00 MB reserved,      14.88 MB ( 93%) committed,  2 nodes.
      Class space:        1.00 GB reserved,       2.62 MB ( <1%) committed,  1 nodes.
             Both:        1.02 GB reserved,      17.50 MB (  2%) committed. 

Chunk freelists:
   Non-Class:  1.09 MB
       Class:  1.33 MB
        Both:  2.42 MB

MaxMetaspaceSize: unlimited
CompressedClassSpaceSize: 1.00 GB
Initial GC threshold: 21.00 MB
Current GC threshold: 29.06 MB
CDS: on
MetaspaceReclaimPolicy: balanced
 - commit_granule_bytes: 65536.
 - commit_granule_words: 8192.
 - virtual_space_node_default_size: 1048576.
 - enlarge_chunks_in_place: 1.
 - new_chunks_are_fully_committed: 0.
 - uncommit_free_chunks: 1.
 - use_allocation_guard: 0.
 - handle_deallocations: 1.


Internal statistics:

num_allocs_failed_limit: 0.
num_arena_births: 226.
num_arena_deaths: 0.
num_vsnodes_births: 3.
num_vsnodes_deaths: 0.
num_space_committed: 280.
num_space_uncommitted: 0.
num_chunks_returned_to_freelist: 0.
num_chunks_taken_from_freelist: 819.
num_chunk_merges: 0.
num_chunk_splits: 556.
num_chunks_enlarged: 436.
num_purges: 0.
num_inconsistent_stats: 0.

CodeHeap 'non-profiled nmethods': size=120000Kb used=1614Kb max_used=1614Kb free=118385Kb
 bounds [0x000001e364940000, 0x000001e364bb0000, 0x000001e36be70000]
CodeHeap 'profiled nmethods': size=120000Kb used=6430Kb max_used=6430Kb free=113569Kb
 bounds [0x000001e35d410000, 0x000001e35da60000, 0x000001e364940000]
CodeHeap 'non-nmethods': size=5760Kb used=1445Kb max_used=1487Kb free=4314Kb
 bounds [0x000001e35ce70000, 0x000001e35d0e0000, 0x000001e35d410000]
 total_blobs=4093 nmethods=3281 adapters=722
 compilation: enabled
              stopped_count=0, restarted_count=0
 full_count=0

Compilation events (20 events):
Event: 12.357 Thread 0x000001e35547a4b0 3291       4       java.io.BufferedInputStream::fill (203 bytes)
Event: 12.361 Thread 0x000001e35547a4b0 nmethod 3291 0x000001e364ad1f10 code [0x000001e364ad20a0, 0x000001e364ad2638]
Event: 12.619 Thread 0x000001e35547a4b0 3292       4       com.sun.javafx.image.impl.ByteBgra$ToByteBgraPreConv::doConvert (214 bytes)
Event: 12.623 Thread 0x000001e35547a4b0 nmethod 3292 0x000001e364ad2890 code [0x000001e364ad2a20, 0x000001e364ad2dd8]
Event: 12.687 Thread 0x000001e35547a4b0 3293       4       com.sun.javafx.image.impl.BaseByteToByteConverter$FourByteReorderer::doConvert (138 bytes)
Event: 12.693 Thread 0x000001e35547a4b0 nmethod 3293 0x000001e364ad2f90 code [0x000001e364ad3120, 0x000001e364ad3538]
Event: 12.719 Thread 0x000001e35547adb0 3294       3       javax.xml.stream.util.StreamReaderDelegate::hasNext (10 bytes)
Event: 12.719 Thread 0x000001e35547adb0 nmethod 3294 0x000001e35da53110 code [0x000001e35da532c0, 0x000001e35da53488]
Event: 12.719 Thread 0x000001e35547adb0 3295       3       javax.xml.stream.util.StreamReaderDelegate::next (10 bytes)
Event: 12.719 Thread 0x000001e35547adb0 nmethod 3295 0x000001e35da53590 code [0x000001e35da53740, 0x000001e35da53908]
Event: 12.719 Thread 0x000001e35547adb0 3296   !   3       com.sun.org.apache.xerces.internal.impl.XMLStreamReaderImpl::next (288 bytes)
Event: 12.720 Thread 0x000001e35547a4b0 3299       4       java.lang.StringConcatHelper::newString (67 bytes)
Event: 12.720 Thread 0x000001e35547adb0 nmethod 3296 0x000001e35da53a10 code [0x000001e35da53d80, 0x000001e35da55268]
Event: 12.720 Thread 0x000001e35547adb0 3298       3       javafx.fxml.FXMLLoader$Element::isTyped (16 bytes)
Event: 12.720 Thread 0x000001e35547adb0 nmethod 3298 0x000001e35da55b10 code [0x000001e35da55ca0, 0x000001e35da55f18]
Event: 12.720 Thread 0x000001e35547adb0 3297       3       javafx.scene.Node::doNotifyLayoutBoundsChanged (47 bytes)
Event: 12.721 Thread 0x000001e35547adb0 nmethod 3297 0x000001e35da55f90 code [0x000001e35da561e0, 0x000001e35da56f28]
Event: 12.721 Thread 0x000001e35547adb0 3300       3       java.io.File::<init> (47 bytes)
Event: 12.721 Thread 0x000001e35547a4b0 nmethod 3299 0x000001e364ad3790 code [0x000001e364ad3920, 0x000001e364ad3a18]
Event: 12.721 Thread 0x000001e35547adb0 nmethod 3300 0x000001e35da57210 code [0x000001e35da573e0, 0x000001e35da57788]

GC Heap History (16 events):
Event: 2.321 GC heap before
{Heap before GC invocations=0 (full 0):
 garbage-first heap   total 55296K, used 22528K [0x00000000cac00000, 0x0000000100000000)
  region size 1024K, 23 young (23552K), 0 survivors (0K)
 Metaspace       used 6308K, committed 6464K, reserved 1056768K
  class space    used 766K, committed 832K, reserved 1048576K
}
Event: 2.326 GC heap after
{Heap after GC invocations=1 (full 0):
 garbage-first heap   total 55296K, used 3356K [0x00000000cac00000, 0x0000000100000000)
  region size 1024K, 3 young (3072K), 3 survivors (3072K)
 Metaspace       used 6308K, committed 6464K, reserved 1056768K
  class space    used 766K, committed 832K, reserved 1048576K
}
Event: 2.921 GC heap before
{Heap before GC invocations=1 (full 0):
 garbage-first heap   total 55296K, used 20764K [0x00000000cac00000, 0x0000000100000000)
  region size 1024K, 17 young (17408K), 3 survivors (3072K)
 Metaspace       used 9291K, committed 9472K, reserved 1064960K
  class space    used 1247K, committed 1344K, reserved 1048576K
}
Event: 2.929 GC heap after
{Heap after GC invocations=2 (full 0):
 garbage-first heap   total 55296K, used 9848K [0x00000000cac00000, 0x0000000100000000)
  region size 1024K, 3 young (3072K), 3 survivors (3072K)
 Metaspace       used 9291K, committed 9472K, reserved 1064960K
  class space    used 1247K, committed 1344K, reserved 1048576K
}
Event: 3.675 GC heap before
{Heap before GC invocations=2 (full 0):
 garbage-first heap   total 132096K, used 100984K [0x00000000cac00000, 0x0000000100000000)
  region size 1024K, 4 young (4096K), 3 survivors (3072K)
 Metaspace       used 9347K, committed 9536K, reserved 1064960K
  class space    used 1257K, committed 1344K, reserved 1048576K
}
Event: 3.680 GC heap after
{Heap after GC invocations=3 (full 0):
 garbage-first heap   total 132096K, used 101378K [0x00000000cac00000, 0x0000000100000000)
  region size 1024K, 1 young (1024K), 1 survivors (1024K)
 Metaspace       used 9347K, committed 9536K, reserved 1064960K
  class space    used 1257K, committed 1344K, reserved 1048576K
}
Event: 4.356 GC heap before
{Heap before GC invocations=4 (full 0):
 garbage-first heap   total 181248K, used 114690K [0x00000000cac00000, 0x0000000100000000)
  region size 1024K, 8 young (8192K), 1 survivors (1024K)
 Metaspace       used 11275K, committed 11456K, reserved 1064960K
  class space    used 1575K, committed 1664K, reserved 1048576K
}
Event: 4.358 GC heap after
{Heap after GC invocations=5 (full 0):
 garbage-first heap   total 181248K, used 107518K [0x00000000cac00000, 0x0000000100000000)
  region size 1024K, 1 young (1024K), 1 survivors (1024K)
 Metaspace       used 11275K, committed 11456K, reserved 1064960K
  class space    used 1575K, committed 1664K, reserved 1048576K
}
Event: 4.580 GC heap before
{Heap before GC invocations=5 (full 0):
 garbage-first heap   total 181248K, used 112638K [0x00000000cac00000, 0x0000000100000000)
  region size 1024K, 7 young (7168K), 1 survivors (1024K)
 Metaspace       used 12675K, committed 12928K, reserved 1064960K
  class space    used 1744K, committed 1856K, reserved 1048576K
}
Event: 4.582 GC heap after
{Heap after GC invocations=6 (full 0):
 garbage-first heap   total 181248K, used 108212K [0x00000000cac00000, 0x0000000100000000)
  region size 1024K, 2 young (2048K), 2 survivors (2048K)
 Metaspace       used 12675K, committed 12928K, reserved 1064960K
  class space    used 1744K, committed 1856K, reserved 1048576K
}
Event: 12.097 GC heap before
{Heap before GC invocations=7 (full 0):
 garbage-first heap   total 188416K, used 133812K [0x00000000cac00000, 0x0000000100000000)
  region size 1024K, 26 young (26624K), 2 survivors (2048K)
 Metaspace       used 17646K, committed 17856K, reserved 1064960K
  class space    used 2588K, committed 2688K, reserved 1048576K
}
Event: 12.168 GC heap after
{Heap after GC invocations=8 (full 0):
 garbage-first heap   total 188416K, used 112712K [0x00000000cac00000, 0x0000000100000000)
  region size 1024K, 4 young (4096K), 4 survivors (4096K)
 Metaspace       used 17646K, committed 17856K, reserved 1064960K
  class space    used 2588K, committed 2688K, reserved 1048576K
}
Event: 12.262 GC heap before
{Heap before GC invocations=9 (full 0):
 garbage-first heap   total 198656K, used 116808K [0x00000000cac00000, 0x0000000100000000)
  region size 1024K, 5 young (5120K), 4 survivors (4096K)
 Metaspace       used 17651K, committed 17856K, reserved 1064960K
  class space    used 2588K, committed 2688K, reserved 1048576K
}
Event: 12.266 GC heap after
{Heap after GC invocations=10 (full 0):
 garbage-first heap   total 198656K, used 116843K [0x00000000cac00000, 0x0000000100000000)
  region size 1024K, 3 young (3072K), 3 survivors (3072K)
 Metaspace       used 17651K, committed 17856K, reserved 1064960K
  class space    used 2588K, committed 2688K, reserved 1048576K
}
Event: 12.721 GC heap before
{Heap before GC invocations=11 (full 0):
 garbage-first heap   total 348160K, used 207979K [0x00000000cac00000, 0x0000000100000000)
  region size 1024K, 4 young (4096K), 3 survivors (3072K)
 Metaspace       used 17658K, committed 17920K, reserved 1064960K
  class space    used 2588K, committed 2688K, reserved 1048576K
}
Event: 12.724 GC heap after
{Heap after GC invocations=12 (full 0):
 garbage-first heap   total 348160K, used 208136K [0x00000000cac00000, 0x0000000100000000)
  region size 1024K, 3 young (3072K), 3 survivors (3072K)
 Metaspace       used 17658K, committed 17920K, reserved 1064960K
  class space    used 2588K, committed 2688K, reserved 1048576K
}

Deoptimization events (20 events):
Event: 9.909 Thread 0x000001e3725730d0 DEOPT PACKING pc=0x000001e364a7ea3c sp=0x00000043583fb3a0
Event: 9.909 Thread 0x000001e3725730d0 DEOPT UNPACKING pc=0x000001e35cec23a3 sp=0x00000043583fb328 mode 2
Event: 9.927 Thread 0x000001e3725730d0 Uncommon trap: trap_request=0xffffff45 fr.pc=0x000001e364a4f63c relative=0x000000000000367c
Event: 9.927 Thread 0x000001e3725730d0 Uncommon trap: reason=unstable_if action=reinterpret pc=0x000001e364a4f63c method=java.util.HashMap.removeNode(ILjava/lang/Object;Ljava/lang/Object;ZZ)Ljava/util/HashMap$Node; @ 46 c2
Event: 9.927 Thread 0x000001e3725730d0 DEOPT PACKING pc=0x000001e364a4f63c sp=0x00000043583faa40
Event: 9.927 Thread 0x000001e3725730d0 DEOPT UNPACKING pc=0x000001e35cec23a3 sp=0x00000043583fa890 mode 2
Event: 9.990 Thread 0x000001e372403430 Uncommon trap: trap_request=0xffffff45 fr.pc=0x000001e3649f187c relative=0x000000000000073c
Event: 9.990 Thread 0x000001e372403430 Uncommon trap: reason=unstable_if action=reinterpret pc=0x000001e3649f187c method=com.sun.marlin.MaskMarlinAlphaConsumer.setAndClearRelativeAlphas([I[IIII)V @ 414 c2
Event: 9.990 Thread 0x000001e372403430 DEOPT PACKING pc=0x000001e3649f187c sp=0x0000004357ffda50
Event: 9.990 Thread 0x000001e372403430 DEOPT UNPACKING pc=0x000001e35cec23a3 sp=0x0000004357ffd958 mode 2
Event: 9.994 Thread 0x000001e372403430 DEOPT PACKING pc=0x000001e35da1521a sp=0x0000004357ffe290
Event: 9.994 Thread 0x000001e372403430 DEOPT UNPACKING pc=0x000001e35cec2b43 sp=0x0000004357ffd6e8 mode 0
Event: 11.358 Thread 0x000001e3725730d0 Uncommon trap: trap_request=0xffffffd6 fr.pc=0x000001e364ab8a74 relative=0x0000000000000ff4
Event: 11.358 Thread 0x000001e3725730d0 Uncommon trap: reason=array_check action=maybe_recompile pc=0x000001e364ab8a74 method=javafx.css.SimpleSelector.applies(Ljavafx/css/Styleable;[Ljava/util/Set;I)Z @ 37 c2
Event: 11.358 Thread 0x000001e3725730d0 DEOPT PACKING pc=0x000001e364ab8a74 sp=0x00000043583f9260
Event: 11.358 Thread 0x000001e3725730d0 DEOPT UNPACKING pc=0x000001e35cec23a3 sp=0x00000043583f91c0 mode 2
Event: 12.619 Thread 0x000001e3725730d0 DEOPT PACKING pc=0x000001e35d6293ff sp=0x00000043583fb820
Event: 12.619 Thread 0x000001e3725730d0 DEOPT UNPACKING pc=0x000001e35cec2b43 sp=0x00000043583fac68 mode 0
Event: 12.687 Thread 0x000001e3725730d0 DEOPT PACKING pc=0x000001e35d62a69b sp=0x00000043583fb820
Event: 12.687 Thread 0x000001e3725730d0 DEOPT UNPACKING pc=0x000001e35cec2b43 sp=0x00000043583fac68 mode 0

Classes unloaded (0 events):
No events

Classes redefined (0 events):
No events

Internal exceptions (20 events):
Event: 3.938 Thread 0x000001e3725730d0 Implicit null exception at 0x000001e36496ae8f to 0x000001e36496af09
Event: 4.335 Thread 0x000001e3725730d0 Exception <a 'java/lang/NoSuchMethodError'{0x00000000d56516e8}: 'void java.lang.invoke.DirectMethodHandle$Holder.invokeSpecial(java.lang.Object, java.lang.Object, java.lang.Object, java.lang.Object, java.lang.Object)'> (0x00000000d56516e8) 
thrown [e:\jenkins\tmp\workspace\build\src\src\hotspot\share\interpreter\linkResolver.cpp, line 766]
Event: 4.336 Thread 0x000001e3725730d0 Exception <a 'java/lang/NoSuchMethodError'{0x00000000d5662010}: 'java.lang.Object java.lang.invoke.DirectMethodHandle$Holder.invokeInterface(java.lang.Object, java.lang.Object, java.lang.Object)'> (0x00000000d5662010) 
thrown [e:\jenkins\tmp\workspace\build\src\src\hotspot\share\interpreter\linkResolver.cpp, line 766]
Event: 4.337 Thread 0x000001e3725730d0 Exception <a 'java/lang/IncompatibleClassChangeError'{0x00000000d5665998}: Found class java.lang.Object, but interface was expected> (0x00000000d5665998) 
thrown [e:\jenkins\tmp\workspace\build\src\src\hotspot\share\interpreter\linkResolver.cpp, line 833]
Event: 4.410 Thread 0x000001e3725730d0 Exception <a 'java/lang/NoSuchMethodError'{0x00000000d5b13800}: 'java.lang.Object java.lang.invoke.DirectMethodHandle$Holder.newInvokeSpecial(java.lang.Object, java.lang.Object, int)'> (0x00000000d5b13800) 
thrown [e:\jenkins\tmp\workspace\build\src\src\hotspot\share\interpreter\linkResolver.cpp, line 766]
Event: 4.474 Thread 0x000001e372403430 Exception <a 'java/lang/NoSuchMethodError'{0x00000000d5a9c558}: 'int java.lang.invoke.DirectMethodHandle$Holder.invokeStaticInit(java.lang.Object, java.lang.Object)'> (0x00000000d5a9c558) 
thrown [e:\jenkins\tmp\workspace\build\src\src\hotspot\share\interpreter\linkResolver.cpp, line 766]
Event: 4.520 Thread 0x000001e372403430 Exception <a 'java/lang/NoSuchMethodError'{0x00000000d5979470}: 'java.lang.Object java.lang.invoke.DirectMethodHandle$Holder.invokeStaticInit(java.lang.Object, int)'> (0x00000000d5979470) 
thrown [e:\jenkins\tmp\workspace\build\src\src\hotspot\share\interpreter\linkResolver.cpp, line 766]
Event: 6.200 Thread 0x000001e3725730d0 Exception <a 'java/lang/NoSuchMethodError'{0x00000000d62922b8}: 'java.lang.Object java.lang.invoke.DirectMethodHandle$Holder.newInvokeSpecial(java.lang.Object, java.lang.Object, int, int, int, int, int, java.lang.Object)'> (0x00000000d62922b8) 
thrown [e:\jenkins\tmp\workspace\build\src\src\hotspot\share\interpreter\linkResolver.cpp, line 766]
Event: 6.202 Thread 0x000001e3725730d0 Exception <a 'java/lang/NoSuchMethodError'{0x00000000d62a5298}: 'java.lang.Object java.lang.invoke.DirectMethodHandle$Holder.newInvokeSpecial(java.lang.Object, java.lang.Object, java.lang.Object, int, int, int, int, int)'> (0x00000000d62a5298) 
thrown [e:\jenkins\tmp\workspace\build\src\src\hotspot\share\interpreter\linkResolver.cpp, line 766]
Event: 6.202 Thread 0x000001e3725730d0 Exception <a 'java/lang/NoSuchMethodError'{0x00000000d62acaf8}: 'java.lang.Object java.lang.invoke.Invokers$Holder.linkToTargetMethod(java.lang.Object, java.lang.Object, int, int, int, int, int, java.lang.Object)'> (0x00000000d62acaf8) 
thrown [e:\jenkins\tmp\workspace\build\src\src\hotspot\share\interpreter\linkResolver.cpp, line 766]
Event: 6.211 Thread 0x000001e3725730d0 Exception <a 'java/lang/NoSuchMethodError'{0x00000000d62c4cb8}: 'long java.lang.invoke.DirectMethodHandle$Holder.invokeStatic(java.lang.Object, java.lang.Object, java.lang.Object)'> (0x00000000d62c4cb8) 
thrown [e:\jenkins\tmp\workspace\build\src\src\hotspot\share\interpreter\linkResolver.cpp, line 766]
Event: 6.212 Thread 0x000001e3725730d0 Exception <a 'java/lang/NoSuchMethodError'{0x00000000d62c8460}: 'long java.lang.invoke.DirectMethodHandle$Holder.invokeStaticInit(java.lang.Object, java.lang.Object, java.lang.Object)'> (0x00000000d62c8460) 
thrown [e:\jenkins\tmp\workspace\build\src\src\hotspot\share\interpreter\linkResolver.cpp, line 766]
Event: 6.213 Thread 0x000001e3725730d0 Exception <a 'java/lang/NoSuchMethodError'{0x00000000d62e0068}: 'java.lang.Object java.lang.invoke.DirectMethodHandle$Holder.newInvokeSpecial(java.lang.Object, java.lang.Object, long)'> (0x00000000d62e0068) 
thrown [e:\jenkins\tmp\workspace\build\src\src\hotspot\share\interpreter\linkResolver.cpp, line 766]
Event: 6.214 Thread 0x000001e3725730d0 Exception <a 'java/lang/NoSuchMethodError'{0x00000000d62e3bd8}: 'java.lang.Object java.lang.invoke.Invokers$Holder.linkToTargetMethod(java.lang.Object, long, java.lang.Object)'> (0x00000000d62e3bd8) 
thrown [e:\jenkins\tmp\workspace\build\src\src\hotspot\share\interpreter\linkResolver.cpp, line 766]
Event: 6.408 Thread 0x000001e3725730d0 Exception <a 'java/lang/NoSuchMethodError'{0x00000000d5e51898}: 'void java.lang.invoke.DirectMethodHandle$Holder.invokeSpecialIFC(java.lang.Object, java.lang.Object, java.lang.Object, java.lang.Object)'> (0x00000000d5e51898) 
thrown [e:\jenkins\tmp\workspace\build\src\src\hotspot\share\interpreter\linkResolver.cpp, line 766]
Event: 6.419 Thread 0x000001e3725730d0 Exception <a 'java/lang/ClassNotFoundException'{0x00000000d5ea1230}: com/sun/javafx/scene/control/skin/resources/controls> (0x00000000d5ea1230) 
thrown [e:\jenkins\tmp\workspace\build\src\src\hotspot\share\prims\jni.cpp, line 535]
Event: 6.420 Thread 0x000001e3725730d0 Exception <a 'java/lang/ClassNotFoundException'{0x00000000d5eaf780}: com/sun/javafx/scene/control/skin/resources/controls_en> (0x00000000d5eaf780) 
thrown [e:\jenkins\tmp\workspace\build\src\src\hotspot\share\prims\jni.cpp, line 535]
Event: 6.420 Thread 0x000001e3725730d0 Exception <a 'java/lang/ClassNotFoundException'{0x00000000d5eb0cc8}: com/sun/javafx/scene/control/skin/resources/controls_en_US> (0x00000000d5eb0cc8) 
thrown [e:\jenkins\tmp\workspace\build\src\src\hotspot\share\prims\jni.cpp, line 535]
Event: 6.465 Thread 0x000001e3725730d0 Exception <a 'java/lang/NoSuchMethodError'{0x00000000d5b57458}: 'int java.lang.invoke.DirectMethodHandle$Holder.invokeSpecial(java.lang.Object, java.lang.Object, int)'> (0x00000000d5b57458) 
thrown [e:\jenkins\tmp\workspace\build\src\src\hotspot\share\interpreter\linkResolver.cpp, line 766]
Event: 6.573 Thread 0x000001e3725730d0 Exception <a 'java/lang/NoSuchMethodError'{0x00000000d5768158}: 'void java.lang.invoke.DirectMethodHandle$Holder.invokeSpecial(java.lang.Object, java.lang.Object, java.lang.Object, java.lang.Object, java.lang.Object, java.lang.Object)'> (0x00000000d5768158) 
thrown [e:\jenkins\tmp\workspace\build\src\src\hotspot\share\interpreter\linkResolver.cpp, line 766]

VM Operations (20 events):
Event: 8.931 Executing VM operation: Cleanup done
Event: 9.889 Executing VM operation: HandshakeAllThreads
Event: 9.889 Executing VM operation: HandshakeAllThreads done
Event: 10.890 Executing VM operation: Cleanup
Event: 10.890 Executing VM operation: Cleanup done
Event: 12.075 Executing VM operation: G1TryInitiateConcMark
Event: 12.169 Executing VM operation: G1TryInitiateConcMark done
Event: 12.181 Executing VM operation: G1Concurrent
Event: 12.187 Executing VM operation: G1Concurrent done
Event: 12.189 Executing VM operation: G1Concurrent
Event: 12.189 Executing VM operation: G1Concurrent done
Event: 12.261 Executing VM operation: G1TryInitiateConcMark
Event: 12.267 Executing VM operation: G1TryInitiateConcMark done
Event: 12.273 Executing VM operation: G1Concurrent
Event: 12.327 Executing VM operation: G1Concurrent done
Event: 12.329 Executing VM operation: G1Concurrent
Event: 12.329 Executing VM operation: G1Concurrent done
Event: 12.721 Executing VM operation: G1TryInitiateConcMark
Event: 12.724 Executing VM operation: G1TryInitiateConcMark done
Event: 12.729 Executing VM operation: G1Concurrent

Events (20 events):
Event: 9.942 loading class sun/util/locale/provider/BreakIteratorProviderImpl
Event: 9.944 loading class sun/util/locale/provider/BreakIteratorProviderImpl done
Event: 9.947 loading class sun/text/resources/BreakIteratorInfo
Event: 9.948 loading class sun/text/resources/BreakIteratorInfo done
Event: 9.948 loading class sun/text/resources/BreakIteratorResources
Event: 9.948 loading class sun/util/resources/BreakIteratorResourceBundle
Event: 9.949 loading class sun/util/resources/BreakIteratorResourceBundle done
Event: 9.949 loading class sun/text/resources/BreakIteratorResources done
Event: 9.949 loading class sun/text/resources/BreakIteratorResources_en
Event: 9.950 loading class sun/text/resources/BreakIteratorResources_en done
Event: 9.950 loading class sun/text/resources/BreakIteratorResources_en_US
Event: 9.950 loading class sun/text/resources/BreakIteratorResources_en_US done
Event: 9.953 loading class sun/text/RuleBasedBreakIterator
Event: 9.954 loading class sun/text/RuleBasedBreakIterator done
Event: 9.955 loading class sun/text/CompactByteArray
Event: 9.955 loading class sun/text/CompactByteArray done
Event: 9.955 loading class sun/text/SupplementaryCharacterData
Event: 9.956 loading class sun/text/SupplementaryCharacterData done
Event: 9.956 loading class java/text/BreakIterator$BreakIteratorCache
Event: 9.956 loading class java/text/BreakIterator$BreakIteratorCache done


Dynamic libraries:
0x00007ff624550000 - 0x00007ff62455e000 	C:\Program Files\Eclipse Adoptium\jdk-17.0.1.12-hotspot\bin\java.exe
0x00007ffa4eb30000 - 0x00007ffa4ed47000 	C:\WINDOWS\SYSTEM32\ntdll.dll
0x00007ffa4d3d0000 - 0x00007ffa4d494000 	C:\WINDOWS\System32\KERNEL32.DLL
0x00007ffa4c450000 - 0x00007ffa4c7f5000 	C:\WINDOWS\System32\KERNELBASE.dll
0x00007ffa4c330000 - 0x00007ffa4c441000 	C:\WINDOWS\System32\ucrtbase.dll
0x00007ffa1faa0000 - 0x00007ffa1fab8000 	C:\Program Files\Eclipse Adoptium\jdk-17.0.1.12-hotspot\bin\jli.dll
0x00007ffa1fa80000 - 0x00007ffa1fa99000 	C:\Program Files\Eclipse Adoptium\jdk-17.0.1.12-hotspot\bin\VCRUNTIME140.dll
0x00007ffa4cb90000 - 0x00007ffa4cd3e000 	C:\WINDOWS\System32\USER32.dll
0x00007ffa31d20000 - 0x00007ffa31fb3000 	C:\WINDOWS\WinSxS\amd64_microsoft.windows.common-controls_6595b64144ccf1df_6.0.22621.2506_none_270c5ae97388e100\COMCTL32.dll
0x00007ffa4c300000 - 0x00007ffa4c326000 	C:\WINDOWS\System32\win32u.dll
0x00007ffa4cd40000 - 0x00007ffa4cde7000 	C:\WINDOWS\System32\msvcrt.dll
0x00007ffa4cb50000 - 0x00007ffa4cb79000 	C:\WINDOWS\System32\GDI32.dll
0x00007ffa4bea0000 - 0x00007ffa4bfb9000 	C:\WINDOWS\System32\gdi32full.dll
0x00007ffa4bfc0000 - 0x00007ffa4c05a000 	C:\WINDOWS\System32\msvcp_win.dll
0x00007ffa4d4a0000 - 0x00007ffa4d4d1000 	C:\WINDOWS\System32\IMM32.DLL
0x00007ffa1fa70000 - 0x00007ffa1fa7c000 	C:\Program Files\Eclipse Adoptium\jdk-17.0.1.12-hotspot\bin\vcruntime140_1.dll
0x00007ffa0c850000 - 0x00007ffa0c8e1000 	C:\Program Files\Eclipse Adoptium\jdk-17.0.1.12-hotspot\bin\msvcp140.dll
0x00007ff998530000 - 0x00007ff999176000 	C:\Program Files\Eclipse Adoptium\jdk-17.0.1.12-hotspot\bin\server\jvm.dll
0x00007ffa4e890000 - 0x00007ffa4e941000 	C:\WINDOWS\System32\ADVAPI32.dll
0x00007ffa4c880000 - 0x00007ffa4c926000 	C:\WINDOWS\System32\sechost.dll
0x00007ffa4e590000 - 0x00007ffa4e6a7000 	C:\WINDOWS\System32\RPCRT4.dll
0x00007ffa4d200000 - 0x00007ffa4d208000 	C:\WINDOWS\System32\PSAPI.DLL
0x00007ffa43ef0000 - 0x00007ffa43f24000 	C:\WINDOWS\SYSTEM32\WINMM.dll
0x00007ffa31630000 - 0x00007ffa31639000 	C:\WINDOWS\SYSTEM32\WSOCK32.dll
0x00007ffa44000000 - 0x00007ffa4400a000 	C:\WINDOWS\SYSTEM32\VERSION.dll
0x00007ffa4d4e0000 - 0x00007ffa4d551000 	C:\WINDOWS\System32\WS2_32.dll
0x00007ffa4aea0000 - 0x00007ffa4aeb8000 	C:\WINDOWS\SYSTEM32\kernel.appcore.dll
0x00007ffa1f990000 - 0x00007ffa1f99a000 	C:\Program Files\Eclipse Adoptium\jdk-17.0.1.12-hotspot\bin\jimage.dll
0x00007ffa39820000 - 0x00007ffa39a53000 	C:\WINDOWS\SYSTEM32\DBGHELP.DLL
0x00007ffa4ce70000 - 0x00007ffa4d1f9000 	C:\WINDOWS\System32\combase.dll
0x00007ffa4db70000 - 0x00007ffa4dc47000 	C:\WINDOWS\System32\OLEAUT32.dll
0x00007ffa335a0000 - 0x00007ffa335d2000 	C:\WINDOWS\SYSTEM32\dbgcore.DLL
0x00007ffa4c800000 - 0x00007ffa4c87a000 	C:\WINDOWS\System32\bcryptPrimitives.dll
0x00007ffa487b0000 - 0x00007ffa487be000 	C:\Program Files\Eclipse Adoptium\jdk-17.0.1.12-hotspot\bin\instrument.dll
0x00007ffa0c820000 - 0x00007ffa0c845000 	C:\Program Files\Eclipse Adoptium\jdk-17.0.1.12-hotspot\bin\java.dll
0x00007ffa0c740000 - 0x00007ffa0c816000 	C:\Program Files\Eclipse Adoptium\jdk-17.0.1.12-hotspot\bin\svml.dll
0x00007ffa4dd30000 - 0x00007ffa4e589000 	C:\WINDOWS\System32\SHELL32.dll
0x00007ffa49dc0000 - 0x00007ffa4a6b4000 	C:\WINDOWS\SYSTEM32\windows.storage.dll
0x00007ffa49c80000 - 0x00007ffa49dbe000 	C:\WINDOWS\SYSTEM32\wintypes.dll
0x00007ffa4e780000 - 0x00007ffa4e873000 	C:\WINDOWS\System32\SHCORE.dll
0x00007ffa4dc50000 - 0x00007ffa4dcae000 	C:\WINDOWS\System32\shlwapi.dll
0x00007ffa4bdd0000 - 0x00007ffa4bdf6000 	C:\WINDOWS\SYSTEM32\profapi.dll
0x00007ffa1f970000 - 0x00007ffa1f989000 	C:\Program Files\Eclipse Adoptium\jdk-17.0.1.12-hotspot\bin\net.dll
0x00007ffa45b90000 - 0x00007ffa45cc7000 	C:\WINDOWS\SYSTEM32\WINHTTP.dll
0x00007ffa4b390000 - 0x00007ffa4b3f9000 	C:\WINDOWS\system32\mswsock.dll
0x00007ffa17390000 - 0x00007ffa173a5000 	C:\Program Files\Eclipse Adoptium\jdk-17.0.1.12-hotspot\bin\nio.dll
0x00007ffa0c700000 - 0x00007ffa0c718000 	C:\Program Files\Eclipse Adoptium\jdk-17.0.1.12-hotspot\bin\zip.dll
0x00007ffa43eb0000 - 0x00007ffa43eca000 	C:\Program Files\JetBrains\IntelliJ IDEA Community Edition 2023.2.2\bin\breakgen64.dll
0x000001e355340000 - 0x000001e355343000 	C:\Users\Toye Sobayo\.openjfx\cache\17.0.6\api-ms-win-core-console-l1-1-0.dll
0x000001e355350000 - 0x000001e355353000 	C:\Users\Toye Sobayo\.openjfx\cache\17.0.6\api-ms-win-core-console-l1-2-0.dll
0x000001e355360000 - 0x000001e355363000 	C:\Users\Toye Sobayo\.openjfx\cache\17.0.6\api-ms-win-core-datetime-l1-1-0.dll
0x000001e355370000 - 0x000001e355373000 	C:\Users\Toye Sobayo\.openjfx\cache\17.0.6\api-ms-win-core-debug-l1-1-0.dll
0x000001e371130000 - 0x000001e371133000 	C:\Users\Toye Sobayo\.openjfx\cache\17.0.6\api-ms-win-core-errorhandling-l1-1-0.dll
0x000001e371140000 - 0x000001e371144000 	C:\Users\Toye Sobayo\.openjfx\cache\17.0.6\api-ms-win-core-file-l1-1-0.dll
0x000001e371150000 - 0x000001e371153000 	C:\Users\Toye Sobayo\.openjfx\cache\17.0.6\api-ms-win-core-file-l1-2-0.dll
0x000001e371160000 - 0x000001e371163000 	C:\Users\Toye Sobayo\.openjfx\cache\17.0.6\api-ms-win-core-file-l2-1-0.dll
0x000001e371170000 - 0x000001e371173000 	C:\Users\Toye Sobayo\.openjfx\cache\17.0.6\api-ms-win-core-handle-l1-1-0.dll
0x000001e371180000 - 0x000001e371183000 	C:\Users\Toye Sobayo\.openjfx\cache\17.0.6\api-ms-win-core-heap-l1-1-0.dll
0x000001e371190000 - 0x000001e371193000 	C:\Users\Toye Sobayo\.openjfx\cache\17.0.6\api-ms-win-core-interlocked-l1-1-0.dll
0x000001e3711a0000 - 0x000001e3711a3000 	C:\Users\Toye Sobayo\.openjfx\cache\17.0.6\api-ms-win-core-libraryloader-l1-1-0.dll
0x000001e3711b0000 - 0x000001e3711b3000 	C:\Users\Toye Sobayo\.openjfx\cache\17.0.6\api-ms-win-core-localization-l1-2-0.dll
0x000001e3711c0000 - 0x000001e3711c3000 	C:\Users\Toye Sobayo\.openjfx\cache\17.0.6\api-ms-win-core-memory-l1-1-0.dll
0x000001e3711d0000 - 0x000001e3711d3000 	C:\Users\Toye Sobayo\.openjfx\cache\17.0.6\api-ms-win-core-namedpipe-l1-1-0.dll
0x000001e3711e0000 - 0x000001e3711e3000 	C:\Users\Toye Sobayo\.openjfx\cache\17.0.6\api-ms-win-core-processenvironment-l1-1-0.dll
0x000001e3711f0000 - 0x000001e3711f3000 	C:\Users\Toye Sobayo\.openjfx\cache\17.0.6\api-ms-win-core-processthreads-l1-1-0.dll
0x000001e371200000 - 0x000001e371203000 	C:\Users\Toye Sobayo\.openjfx\cache\17.0.6\api-ms-win-core-processthreads-l1-1-1.dll
0x000001e371210000 - 0x000001e371213000 	C:\Users\Toye Sobayo\.openjfx\cache\17.0.6\api-ms-win-core-profile-l1-1-0.dll
0x000001e371220000 - 0x000001e371223000 	C:\Users\Toye Sobayo\.openjfx\cache\17.0.6\api-ms-win-core-rtlsupport-l1-1-0.dll
0x000001e371230000 - 0x000001e371233000 	C:\Users\Toye Sobayo\.openjfx\cache\17.0.6\api-ms-win-core-string-l1-1-0.dll
0x000001e371240000 - 0x000001e371243000 	C:\Users\Toye Sobayo\.openjfx\cache\17.0.6\api-ms-win-core-synch-l1-1-0.dll
0x000001e371250000 - 0x000001e371253000 	C:\Users\Toye Sobayo\.openjfx\cache\17.0.6\api-ms-win-core-synch-l1-2-0.dll
0x000001e371260000 - 0x000001e371263000 	C:\Users\Toye Sobayo\.openjfx\cache\17.0.6\api-ms-win-core-sysinfo-l1-1-0.dll
0x000001e371270000 - 0x000001e371273000 	C:\Users\Toye Sobayo\.openjfx\cache\17.0.6\api-ms-win-core-timezone-l1-1-0.dll
0x000001e371280000 - 0x000001e371283000 	C:\Users\Toye Sobayo\.openjfx\cache\17.0.6\api-ms-win-core-util-l1-1-0.dll
0x000001e371290000 - 0x000001e371293000 	C:\Users\Toye Sobayo\.openjfx\cache\17.0.6\api-ms-win-crt-conio-l1-1-0.dll
0x000001e3712a0000 - 0x000001e3712a4000 	C:\Users\Toye Sobayo\.openjfx\cache\17.0.6\api-ms-win-crt-convert-l1-1-0.dll
0x000001e3712b0000 - 0x000001e3712b3000 	C:\Users\Toye Sobayo\.openjfx\cache\17.0.6\api-ms-win-crt-environment-l1-1-0.dll
0x000001e3712c0000 - 0x000001e3712c3000 	C:\Users\Toye Sobayo\.openjfx\cache\17.0.6\api-ms-win-crt-filesystem-l1-1-0.dll
0x000001e3712d0000 - 0x000001e3712d3000 	C:\Users\Toye Sobayo\.openjfx\cache\17.0.6\api-ms-win-crt-heap-l1-1-0.dll
0x000001e3712e0000 - 0x000001e3712e3000 	C:\Users\Toye Sobayo\.openjfx\cache\17.0.6\api-ms-win-crt-locale-l1-1-0.dll
0x000001e3712f0000 - 0x000001e3712f5000 	C:\Users\Toye Sobayo\.openjfx\cache\17.0.6\api-ms-win-crt-math-l1-1-0.dll
0x000001e371300000 - 0x000001e371305000 	C:\Users\Toye Sobayo\.openjfx\cache\17.0.6\api-ms-win-crt-multibyte-l1-1-0.dll
0x000001e371310000 - 0x000001e371320000 	C:\Users\Toye Sobayo\.openjfx\cache\17.0.6\api-ms-win-crt-private-l1-1-0.dll
0x000001e371320000 - 0x000001e371323000 	C:\Users\Toye Sobayo\.openjfx\cache\17.0.6\api-ms-win-crt-process-l1-1-0.dll
0x000001e371330000 - 0x000001e371334000 	C:\Users\Toye Sobayo\.openjfx\cache\17.0.6\api-ms-win-crt-runtime-l1-1-0.dll
0x000001e371340000 - 0x000001e371344000 	C:\Users\Toye Sobayo\.openjfx\cache\17.0.6\api-ms-win-crt-stdio-l1-1-0.dll
0x000001e371350000 - 0x000001e371354000 	C:\Users\Toye Sobayo\.openjfx\cache\17.0.6\api-ms-win-crt-string-l1-1-0.dll
0x000001e371360000 - 0x000001e371363000 	C:\Users\Toye Sobayo\.openjfx\cache\17.0.6\api-ms-win-crt-time-l1-1-0.dll
0x000001e371370000 - 0x000001e371373000 	C:\Users\Toye Sobayo\.openjfx\cache\17.0.6\api-ms-win-crt-utility-l1-1-0.dll
0x00007ffa22300000 - 0x00007ffa223fc000 	C:\Users\Toye Sobayo\.openjfx\cache\17.0.6\ucrtbase.dll
0x00007ffa43e80000 - 0x00007ffa43e9a000 	C:\Users\Toye Sobayo\.openjfx\cache\17.0.6\vcruntime140.dll
0x00007ffa40690000 - 0x00007ffa4069c000 	C:\Users\Toye Sobayo\.openjfx\cache\17.0.6\vcruntime140_1.dll
0x00007ffa38620000 - 0x00007ffa386ad000 	C:\Users\Toye Sobayo\.openjfx\cache\17.0.6\msvcp140.dll
0x00007ffa38ab0000 - 0x00007ffa38ab9000 	C:\Users\Toye Sobayo\.openjfx\cache\17.0.6\msvcp140_1.dll
0x00007ffa385f0000 - 0x00007ffa3861f000 	C:\Users\Toye Sobayo\.openjfx\cache\17.0.6\msvcp140_2.dll
0x00007ffa385c0000 - 0x00007ffa385ea000 	C:\Users\Toye Sobayo\.openjfx\cache\17.0.6\prism_d3d.dll
0x00007ff9f9a40000 - 0x00007ff9f9be9000 	C:\WINDOWS\system32\d3d9.dll
0x00007ffa497f0000 - 0x00007ffa4981b000 	C:\WINDOWS\SYSTEM32\dwmapi.dll
0x00007ffa494c0000 - 0x00007ffa494f6000 	C:\WINDOWS\SYSTEM32\dxcore.dll
0x00007ffa493c0000 - 0x00007ffa4946b000 	C:\WINDOWS\system32\uxtheme.dll
0x00007ffa42350000 - 0x00007ffa4250b000 	C:\WINDOWS\System32\DriverStore\FileRepository\u0387389.inf_amd64_995be970e30b8c79\B385477\aticfx64.dll
0x00007ffa38560000 - 0x00007ffa38594000 	C:\WINDOWS\System32\DriverStore\FileRepository\u0387389.inf_amd64_995be970e30b8c79\B385477\atiu9p64.dll
0x00007ff9d12b0000 - 0x00007ff9d2005000 	C:\WINDOWS\System32\DriverStore\FileRepository\u0387389.inf_amd64_995be970e30b8c79\B385477\atiumd64.dll
0x00007ffa4c9b0000 - 0x00007ffa4cb50000 	C:\WINDOWS\System32\ole32.dll
0x0000000065100000 - 0x0000000066027000 	C:\WINDOWS\System32\DriverStore\FileRepository\u0387389.inf_amd64_995be970e30b8c79\B385477\atiumd6a.dll
0x00007ffa4d6f0000 - 0x00007ffa4db64000 	C:\WINDOWS\System32\SETUPAPI.dll
0x00007ffa4b6e0000 - 0x00007ffa4b72d000 	C:\WINDOWS\SYSTEM32\POWRPROF.dll
0x00007ffa4b6c0000 - 0x00007ffa4b6d3000 	C:\WINDOWS\SYSTEM32\UMPDC.dll
0x00007ffa429a0000 - 0x00007ffa429d5000 	C:\WINDOWS\SYSTEM32\amdihk64.dll
0x00007ffa46a00000 - 0x00007ffa46a4a000 	C:\WINDOWS\SYSTEM32\directxdatabasehelper.dll
0x00007ffa326f0000 - 0x00007ffa32732000 	C:\Users\Toye Sobayo\.openjfx\cache\17.0.6\glass.dll
0x00007ffa4d560000 - 0x00007ffa4d659000 	C:\WINDOWS\System32\COMDLG32.dll
0x00007ffa4e950000 - 0x00007ffa4ea9f000 	C:\WINDOWS\System32\MSCTF.dll
0x00007ffa34af0000 - 0x00007ffa34b04000 	C:\Users\Toye Sobayo\.openjfx\cache\17.0.6\javafx_font.dll
0x00007ffa481a0000 - 0x00007ffa48413000 	C:\WINDOWS\SYSTEM32\dwrite.dll
0x00007ffa4e6d0000 - 0x00007ffa4e780000 	C:\WINDOWS\System32\clbcatq.dll
0x00007ffa47a00000 - 0x00007ffa47bb0000 	C:\WINDOWS\SYSTEM32\WindowsCodecs.dll
0x00007ffa34850000 - 0x00007ffa348ae000 	C:\WINDOWS\system32\dataexchange.dll
0x00007ffa432f0000 - 0x00007ffa43575000 	C:\WINDOWS\system32\twinapi.appcore.dll
0x00007ffa32670000 - 0x00007ffa326a2000 	C:\Program Files\Common Files\Microsoft Shared\Ink\rtscom.dll
0x00007ffa37ef0000 - 0x00007ffa3803a000 	C:\WINDOWS\SYSTEM32\textinputframework.dll
0x00007ffa48f10000 - 0x00007ffa49043000 	C:\WINDOWS\SYSTEM32\CoreMessaging.dll
0x00007ffa457f0000 - 0x00007ffa45b5c000 	C:\WINDOWS\SYSTEM32\CoreUIComponents.dll
0x00007ffa4b600000 - 0x00007ffa4b60c000 	C:\WINDOWS\SYSTEM32\CRYPTBASE.DLL

dbghelp: loaded successfully - version: 4.0.5 - missing functions: none
symbol engine: initialized successfully - sym options: 0x614 - pdb path: .;C:\Program Files\Eclipse Adoptium\jdk-17.0.1.12-hotspot\bin;C:\WINDOWS\SYSTEM32;C:\WINDOWS\WinSxS\amd64_microsoft.windows.common-controls_6595b64144ccf1df_6.0.22621.2506_none_270c5ae97388e100;C:\Program Files\Eclipse Adoptium\jdk-17.0.1.12-hotspot\bin\server;C:\Program Files\JetBrains\IntelliJ IDEA Community Edition 2023.2.2\bin;C:\Users\Toye Sobayo\.openjfx\cache\17.0.6;C:\WINDOWS\System32\DriverStore\FileRepository\u0387389.inf_amd64_995be970e30b8c79\B385477;C:\Program Files\Common Files\Microsoft Shared\Ink

VM Arguments:
jvm_args: -javaagent:C:\Program Files\JetBrains\IntelliJ IDEA Community Edition 2023.2.2\lib\idea_rt.jar=64498:C:\Program Files\JetBrains\IntelliJ IDEA Community Edition 2023.2.2\bin -Dfile.encoding=UTF-8 --module-path=C:\Users\Toye Sobayo\.m2\repository\org\openjfx\javafx-fxml\17.0.6\javafx-fxml-17.0.6-win.jar;C:\Users\Toye Sobayo\.m2\repository\org\openjfx\javafx-controls\17.0.6\javafx-controls-17.0.6-win.jar;C:\Users\Toye Sobayo\.m2\repository\org\openjfx\javafx-base\17.0.6\javafx-base-17.0.6-win.jar;C:\Users\Toye Sobayo\.m2\repository\org\openjfx\javafx-graphics\17.0.6\javafx-graphics-17.0.6-win.jar;C:\Users\Toye Sobayo\IdeaProjects\Project4\target\classes -Djdk.module.main=com.example.project4 
java_command: com.example.project4/com.example.project4.MainApplication
java_class_path (initial): C:\Users\Toye Sobayo\.m2\repository\org\openjfx\javafx-controls\17.0.6\javafx-controls-17.0.6.jar;C:\Users\Toye Sobayo\.m2\repository\org\openjfx\javafx-graphics\17.0.6\javafx-graphics-17.0.6.jar;C:\Users\Toye Sobayo\.m2\repository\org\openjfx\javafx-base\17.0.6\javafx-base-17.0.6.jar;C:\Users\Toye Sobayo\.m2\repository\org\openjfx\javafx-fxml\17.0.6\javafx-fxml-17.0.6.jar
Launcher Type: SUN_STANDARD

[Global flags]
     intx CICompilerCount                          = 4                                         {product} {ergonomic}
     uint ConcGCThreads                            = 3                                         {product} {ergonomic}
     uint G1ConcRefinementThreads                  = 10                                        {product} {ergonomic}
   size_t G1HeapRegionSize                         = 1048576                                   {product} {ergonomic}
    uintx GCDrainStackTargetSize                   = 64                                        {product} {ergonomic}
   size_t InitialHeapSize                          = 56623104                                  {product} {ergonomic}
   size_t MarkStackSize                            = 4194304                                   {product} {ergonomic}
   size_t MaxHeapSize                              = 893386752                                 {product} {ergonomic}
   size_t MaxNewSize                               = 535822336                                 {product} {ergonomic}
   size_t MinHeapDeltaBytes                        = 1048576                                   {product} {ergonomic}
   size_t MinHeapSize                              = 8388608                                   {product} {ergonomic}
    uintx NonNMethodCodeHeapSize                   = 5839372                                {pd product} {ergonomic}
    uintx NonProfiledCodeHeapSize                  = 122909434                              {pd product} {ergonomic}
    uintx ProfiledCodeHeapSize                     = 122909434                              {pd product} {ergonomic}
    uintx ReservedCodeCacheSize                    = 251658240                              {pd product} {ergonomic}
     bool SegmentedCodeCache                       = true                                      {product} {ergonomic}
   size_t SoftMaxHeapSize                          = 893386752                              {manageable} {ergonomic}
     bool UseCompressedClassPointers               = true                           {product lp64_product} {ergonomic}
     bool UseCompressedOops                        = true                           {product lp64_product} {ergonomic}
     bool UseG1GC                                  = true                                      {product} {ergonomic}
     bool UseLargePagesIndividualAllocation        = false                                  {pd product} {ergonomic}

Logging:
Log output configuration:
 #0: stdout all=warning uptime,level,tags
 #1: stderr all=off uptime,level,tags

Environment Variables:
PATH=C:\Program Files\Eclipse Adoptium\jdk-17.0.1.12-hotspot\bin;C:\WINDOWS\system32;C:\WINDOWS;C:\WINDOWS\System32\Wbem;C:\WINDOWS\System32\WindowsPowerShell\v1.0\;C:\WINDOWS\System32\OpenSSH\;C:\Program Files\Git\cmd;C:\MinGW\bin;C:\Program Files\nodejs\;C:\Program Files\dotnet\;C:\Users\Toye Sobayo\AppData\Local\Microsoft\WindowsApps;C:\Users\Toye Sobayo\AppData\Local\Programs\Microsoft VS Code\bin;C:\Users\Toye Sobayo\AppData\Roaming\npm;C:\Users\Toye Sobayo\Downloads\mongosh-1.9.1-win32-x64\bin;
USERNAME=Toye Sobayo
OS=Windows_NT
PROCESSOR_IDENTIFIER=AMD64 Family 23 Model 104 Stepping 1, AuthenticAMD



---------------  S Y S T E M  ---------------

OS:
 Windows 10 , 64 bit Build 22621 (10.0.22621.2506)
OS uptime: 0 days 1:16 hours

CPU: total 12 (initial active 12) (12 cores per cpu, 2 threads per core) family 23 model 104 stepping 1 microcode 0x0, cx8, cmov, fxsr, ht, mmx, 3dnowpref, sse, sse2, sse3, ssse3, sse4a, sse4.1, sse4.2, popcnt, lzcnt, tsc, tscinvbit, avx, avx2, aes, clmul, bmi1, bmi2, adx, sha, fma, vzeroupper, clflush, clflushopt

Memory: 4k page, system-wide physical 3406M (76M free)
TotalPageFile size 13646M (AvailPageFile size 12M)
current process WorkingSet (physical memory assigned to process): 209M, peak: 231M
current process commit charge ("private bytes"): 701M, peak: 711M

vm_info: OpenJDK 64-Bit Server VM (17.0.1+12) for windows-amd64 JRE (17.0.1+12), built on Oct 20 2021 07:42:55 by "" with MS VC++ 16.7 (VS2019)

END.
