#
# There is insufficient memory for the Java Runtime Environment to continue.
# Native memory allocation (mmap) failed to map 1048576 bytes for G1 virtual space
# Possible reasons:
#   The system is out of physical RAM or swap space
#   The process is running with CompressedOops enabled, and the Java Heap may be blocking the growth of the native heap
# Possible solutions:
#   Reduce memory load on the system
#   Increase physical memory or swap space
#   Check if swap backing store is full
#   Decrease Java heap size (-Xmx/-Xms)
#   Decrease number of Java threads
#   Decrease Java thread stack sizes (-Xss)
#   Set larger code cache with -XX:ReservedCodeCacheSize=
#   JVM is running with Unscaled Compressed Oops mode in which the Java heap is
#     placed in the first 4GB address space. The Java Heap base address is the
#     maximum limit for the native heap growth. Please use -XX:HeapBaseMinAddress
#     to set the Java Heap base and to place the Java Heap above 4GB virtual address.
# This output file may be truncated or incomplete.
#
#  Out of Memory Error (os_windows.cpp:3469), pid=5808, tid=11024
#
# JRE version: OpenJDK Runtime Environment Temurin-17.0.1+12 (17.0.1+12) (build 17.0.1+12)
# Java VM: OpenJDK 64-Bit Server VM Temurin-17.0.1+12 (17.0.1+12, mixed mode, sharing, tiered, compressed oops, compressed class ptrs, g1 gc, windows-amd64)
# No core dump will be written. Minidumps are not enabled by default on client versions of Windows
#

---------------  S U M M A R Y ------------

Command Line: -javaagent:C:\Program Files\JetBrains\IntelliJ IDEA Community Edition 2023.2.2\lib\idea_rt.jar=63638:C:\Program Files\JetBrains\IntelliJ IDEA Community Edition 2023.2.2\bin -Dfile.encoding=UTF-8 --module-path=C:\Users\Toye Sobayo\.m2\repository\org\openjfx\javafx-fxml\17.0.6\javafx-fxml-17.0.6-win.jar;C:\Users\Toye Sobayo\.m2\repository\org\openjfx\javafx-controls\17.0.6\javafx-controls-17.0.6-win.jar;C:\Users\Toye Sobayo\.m2\repository\org\openjfx\javafx-base\17.0.6\javafx-base-17.0.6-win.jar;C:\Users\Toye Sobayo\.m2\repository\org\openjfx\javafx-graphics\17.0.6\javafx-graphics-17.0.6-win.jar;C:\Users\Toye Sobayo\IdeaProjects\Project4\target\classes -Djdk.module.main=com.example.project4 com.example.project4/com.example.project4.MainApplication

Host: AMD Ryzen 5 5500U with Radeon Graphics         , 12 cores, 3G,  Windows 10 , 64 bit Build 22621 (10.0.22621.2506)
Time: Mon Nov 27 20:24:43 2023 Eastern Standard Time elapsed time: 17.036087 seconds (0d 0h 0m 17s)

---------------  T H R E A D  ---------------

Current thread (0x000001a0365118f0):  JavaThread "JavaFX Application Thread" [_thread_in_vm, id=11024, stack(0x0000000e76a00000,0x0000000e76b00000)]

Stack: [0x0000000e76a00000,0x0000000e76b00000]
Native frames: (J=compiled Java code, j=interpreted, Vv=VM code, C=native code)
V  [jvm.dll+0x6744da]
V  [jvm.dll+0x82e144]
V  [jvm.dll+0x82f8ee]
V  [jvm.dll+0x82ff53]
V  [jvm.dll+0x245175]
V  [jvm.dll+0x6714c9]
V  [jvm.dll+0x665f92]
V  [jvm.dll+0x303c3b]
V  [jvm.dll+0x30b176]
V  [jvm.dll+0x35ac0b]
V  [jvm.dll+0x35b230]
V  [jvm.dll+0x35ade6]
V  [jvm.dll+0x2db0c4]
V  [jvm.dll+0x2d7106]
V  [jvm.dll+0x607c73]
V  [jvm.dll+0x20fe95]
V  [jvm.dll+0x7f81f6]
V  [jvm.dll+0x380d5a]
C  0x000001a02111b90d

Java frames: (J=compiled Java code, j=interpreted, Vv=VM code)
j  java.nio.HeapByteBuffer.<init>(IILjdk/internal/access/foreign/MemorySegmentProxy;)V+6 java.base@17.0.1
j  java.nio.ByteBuffer.allocate(I)Ljava/nio/ByteBuffer;+16 java.base@17.0.1
j  com.sun.javafx.iio.png.PNGImageLoader2.load(IIIZZ)Lcom/sun/javafx/iio/ImageFrame;+134 javafx.graphics
j  com.sun.javafx.iio.ImageStorage.loadAll(Lcom/sun/javafx/iio/ImageLoader;DDZFZ)[Lcom/sun/javafx/iio/ImageFrame;+54 javafx.graphics
j  com.sun.javafx.iio.ImageStorage.loadAll(Ljava/lang/String;Lcom/sun/javafx/iio/ImageLoadListener;DDZFZ)[Lcom/sun/javafx/iio/ImageFrame;+215 javafx.graphics
j  com.sun.javafx.tk.quantum.PrismImageLoader2.loadAll(Ljava/lang/String;DDZFZ)V+22 javafx.graphics
j  com.sun.javafx.tk.quantum.PrismImageLoader2.<init>(Ljava/lang/String;DDZFZ)V+15 javafx.graphics
j  com.sun.javafx.tk.quantum.QuantumToolkit.loadImage(Ljava/lang/String;DDZZ)Lcom/sun/javafx/tk/ImageLoader;+16 javafx.graphics
j  javafx.scene.image.Image.loadImage(Ljava/lang/String;DDZZ)Lcom/sun/javafx/tk/ImageLoader;+10 javafx.graphics
j  javafx.scene.image.Image.initialize(Ljava/lang/Object;)V+92 javafx.graphics
j  javafx.scene.image.Image.<init>(Ljava/lang/String;DDZZZ)V+20 javafx.graphics
j  com.sun.javafx.fxml.builder.JavaFXImageBuilder.build()Ljavafx/scene/image/Image;+28 javafx.fxml
j  com.sun.javafx.fxml.builder.JavaFXImageBuilder.build()Ljava/lang/Object;+1 javafx.fxml
j  javafx.fxml.FXMLLoader$ValueElement.processEndElement()V+24 javafx.fxml
j  javafx.fxml.FXMLLoader.processEndElement()V+4 javafx.fxml
j  javafx.fxml.FXMLLoader.loadImpl(Ljava/io/InputStream;Ljava/lang/Class;)Ljava/lang/Object;+214 javafx.fxml
j  javafx.fxml.FXMLLoader.loadImpl(Ljava/lang/Class;)Ljava/lang/Object;+31 javafx.fxml
j  javafx.fxml.FXMLLoader.load()Ljava/lang/Object;+17 javafx.fxml
j  com.example.project4.Controllers.BuildOwnController.backToMain(Ljavafx/event/ActionEvent;)V+35 com.example.project4
v  ~StubRoutines::call_stub
J 2116  jdk.internal.reflect.NativeMethodAccessorImpl.invoke0(Ljava/lang/reflect/Method;Ljava/lang/Object;[Ljava/lang/Object;)Ljava/lang/Object; java.base@17.0.1 (0 bytes) @ 0x000001a028cab0a7 [0x000001a028cab020+0x0000000000000087]
J 2115 c1 jdk.internal.reflect.NativeMethodAccessorImpl.invoke(Ljava/lang/Object;[Ljava/lang/Object;)Ljava/lang/Object; java.base@17.0.1 (137 bytes) @ 0x000001a021a53fbc [0x000001a021a535e0+0x00000000000009dc]
J 1269 c1 jdk.internal.reflect.DelegatingMethodAccessorImpl.invoke(Ljava/lang/Object;[Ljava/lang/Object;)Ljava/lang/Object; java.base@17.0.1 (10 bytes) @ 0x000001a0218bf6c4 [0x000001a0218bf5c0+0x0000000000000104]
J 1268 c1 java.lang.reflect.Method.invoke(Ljava/lang/Object;[Ljava/lang/Object;)Ljava/lang/Object; java.base@17.0.1 (65 bytes) @ 0x000001a0218bf144 [0x000001a0218bee00+0x0000000000000344]
j  com.sun.javafx.reflect.Trampoline.invoke(Ljava/lang/reflect/Method;Ljava/lang/Object;[Ljava/lang/Object;)Ljava/lang/Object;+7
j  jdk.internal.reflect.GeneratedMethodAccessor2.invoke(Ljava/lang/Object;[Ljava/lang/Object;)Ljava/lang/Object;+40
J 1269 c1 jdk.internal.reflect.DelegatingMethodAccessorImpl.invoke(Ljava/lang/Object;[Ljava/lang/Object;)Ljava/lang/Object; java.base@17.0.1 (10 bytes) @ 0x000001a0218bf6c4 [0x000001a0218bf5c0+0x0000000000000104]
J 1268 c1 java.lang.reflect.Method.invoke(Ljava/lang/Object;[Ljava/lang/Object;)Ljava/lang/Object; java.base@17.0.1 (65 bytes) @ 0x000001a0218bf144 [0x000001a0218bee00+0x0000000000000344]
j  com.sun.javafx.reflect.MethodUtil.invoke(Ljava/lang/reflect/Method;Ljava/lang/Object;[Ljava/lang/Object;)Ljava/lang/Object;+20 javafx.base
j  com.sun.javafx.fxml.MethodHelper.invoke(Ljava/lang/reflect/Method;Ljava/lang/Object;[Ljava/lang/Object;)Ljava/lang/Object;+142 javafx.fxml
j  javafx.fxml.FXMLLoader$MethodHandler.invoke([Ljava/lang/Object;)V+19 javafx.fxml
j  javafx.fxml.FXMLLoader$ControllerMethodEventHandler.handle(Ljavafx/event/Event;)V+12 javafx.fxml
J 3571 c2 com.sun.javafx.event.EventHandlerManager.dispatchBubblingEvent(Ljavafx/event/Event;)Ljavafx/event/Event; javafx.base (23 bytes) @ 0x000001a028d95b28 [0x000001a028d95760+0x00000000000003c8]
J 3424 c2 com.sun.javafx.event.CompositeEventDispatcher.dispatchBubblingEvent(Ljavafx/event/Event;)Ljavafx/event/Event; javafx.base (35 bytes) @ 0x000001a028d66798 [0x000001a028d66720+0x0000000000000078]
J 2981 c2 com.sun.javafx.event.BasicEventDispatcher.dispatchEvent(Ljavafx/event/Event;Ljavafx/event/EventDispatchChain;)Ljavafx/event/Event; javafx.base (44 bytes) @ 0x000001a028d343c8 [0x000001a028d342a0+0x0000000000000128]
J 2981 c2 com.sun.javafx.event.BasicEventDispatcher.dispatchEvent(Ljavafx/event/Event;Ljavafx/event/EventDispatchChain;)Ljavafx/event/Event; javafx.base (44 bytes) @ 0x000001a028d34384 [0x000001a028d342a0+0x00000000000000e4]
J 2981 c2 com.sun.javafx.event.BasicEventDispatcher.dispatchEvent(Ljavafx/event/Event;Ljavafx/event/EventDispatchChain;)Ljavafx/event/Event; javafx.base (44 bytes) @ 0x000001a028d34384 [0x000001a028d342a0+0x00000000000000e4]
J 2824 c2 com.sun.javafx.event.EventDispatchChainImpl.dispatchEvent(Ljavafx/event/Event;)Ljavafx/event/Event; javafx.base (101 bytes) @ 0x000001a028d110c8 [0x000001a028d11020+0x00000000000000a8]
J 1901 c1 com.sun.javafx.event.EventUtil.fireEvent(Ljavafx/event/EventTarget;Ljavafx/event/Event;)Ljavafx/event/Event; javafx.base (81 bytes) @ 0x000001a0219e49dc [0x000001a0219e3ca0+0x0000000000000d3c]
J 1900 c1 javafx.event.Event.fireEvent(Ljavafx/event/EventTarget;Ljavafx/event/Event;)V javafx.base (35 bytes) @ 0x000001a0219e3624 [0x000001a0219e3560+0x00000000000000c4]
j  javafx.scene.Node.fireEvent(Ljavafx/event/Event;)V+86 javafx.graphics
j  javafx.scene.control.Button.fire()V+15 javafx.controls
j  com.sun.javafx.scene.control.behavior.ButtonBehavior.mouseReleased(Ljavafx/scene/input/MouseEvent;)V+27 javafx.controls
j  com.sun.javafx.scene.control.behavior.ButtonBehavior$$Lambda$231+0x0000000800db4748.handle(Ljavafx/event/Event;)V+8 javafx.controls
j  com.sun.javafx.scene.control.inputmap.InputMap.handle(Ljavafx/event/Event;)V+61 javafx.controls
j  com.sun.javafx.scene.control.inputmap.InputMap$$Lambda$226+0x0000000800db3a78.handle(Ljavafx/event/Event;)V+5 javafx.controls
J 1981 c1 com.sun.javafx.event.CompositeEventHandler$NormalEventHandlerRecord.handleBubblingEvent(Ljavafx/event/Event;)V javafx.base (11 bytes) @ 0x000001a021a188c4 [0x000001a021a187c0+0x0000000000000104]
J 3571 c2 com.sun.javafx.event.EventHandlerManager.dispatchBubblingEvent(Ljavafx/event/Event;)Ljavafx/event/Event; javafx.base (23 bytes) @ 0x000001a028d95d48 [0x000001a028d95760+0x00000000000005e8]
J 3424 c2 com.sun.javafx.event.CompositeEventDispatcher.dispatchBubblingEvent(Ljavafx/event/Event;)Ljavafx/event/Event; javafx.base (35 bytes) @ 0x000001a028d66798 [0x000001a028d66720+0x0000000000000078]
J 2981 c2 com.sun.javafx.event.BasicEventDispatcher.dispatchEvent(Ljavafx/event/Event;Ljavafx/event/EventDispatchChain;)Ljavafx/event/Event; javafx.base (44 bytes) @ 0x000001a028d343c8 [0x000001a028d342a0+0x0000000000000128]
J 2981 c2 com.sun.javafx.event.BasicEventDispatcher.dispatchEvent(Ljavafx/event/Event;Ljavafx/event/EventDispatchChain;)Ljavafx/event/Event; javafx.base (44 bytes) @ 0x000001a028d34384 [0x000001a028d342a0+0x00000000000000e4]
J 2981 c2 com.sun.javafx.event.BasicEventDispatcher.dispatchEvent(Ljavafx/event/Event;Ljavafx/event/EventDispatchChain;)Ljavafx/event/Event; javafx.base (44 bytes) @ 0x000001a028d34384 [0x000001a028d342a0+0x00000000000000e4]
J 2824 c2 com.sun.javafx.event.EventDispatchChainImpl.dispatchEvent(Ljavafx/event/Event;)Ljavafx/event/Event; javafx.base (101 bytes) @ 0x000001a028d110c8 [0x000001a028d11020+0x00000000000000a8]
J 1901 c1 com.sun.javafx.event.EventUtil.fireEvent(Ljavafx/event/EventTarget;Ljavafx/event/Event;)Ljavafx/event/Event; javafx.base (81 bytes) @ 0x000001a0219e461c [0x000001a0219e3ca0+0x000000000000097c]
J 1909 c1 javafx.scene.Scene$MouseHandler.process(Ljavafx/scene/input/MouseEvent;Z)V javafx.graphics (793 bytes) @ 0x000001a0219edf0c [0x000001a0219ec080+0x0000000000001e8c]
J 2696 c1 javafx.scene.Scene$ScenePeerListener.mouseEvent(Ljavafx/event/EventType;DDDDLjavafx/scene/input/MouseButton;ZZZZZZZZZZZ)V javafx.graphics (54 bytes) @ 0x000001a021ba5154 [0x000001a021ba4ec0+0x0000000000000294]
J 2692 c1 com.sun.javafx.tk.quantum.GlassViewEventHandler$MouseEventNotification.run()Ljava/lang/Void; javafx.graphics (703 bytes) @ 0x000001a021ba3024 [0x000001a021ba2060+0x0000000000000fc4]
J 1957 c1 com.sun.javafx.tk.quantum.GlassViewEventHandler$$Lambda$269+0x0000000800de07f8.get()Ljava/lang/Object; javafx.graphics (8 bytes) @ 0x000001a021a0d2fc [0x000001a021a0d040+0x00000000000002bc]
J 1889 c1 com.sun.javafx.tk.quantum.QuantumToolkit.runWithoutRenderLock(Ljava/util/function/Supplier;)Ljava/lang/Object; javafx.graphics (49 bytes) @ 0x000001a0219d83d4 [0x000001a0219d7ee0+0x00000000000004f4]
J 1955 c1 com.sun.javafx.tk.quantum.GlassViewEventHandler.handleMouseEvent(Lcom/sun/glass/ui/View;JIIIIIIIZZ)V javafx.graphics (108 bytes) @ 0x000001a021a0c57c [0x000001a021a0c120+0x000000000000045c]
J 1912 c1 com.sun.glass.ui.View.handleMouseEvent(JIIIIIIIZZ)V javafx.graphics (34 bytes) @ 0x000001a0219f2b8c [0x000001a0219f29c0+0x00000000000001cc]
J 1910 c1 com.sun.glass.ui.View.notifyMouse(IIIIIIIZZ)V javafx.graphics (221 bytes) @ 0x000001a0219f1784 [0x000001a0219f0980+0x0000000000000e04]
v  ~StubRoutines::call_stub
j  com.sun.glass.ui.win.WinApplication._runLoop(Ljava/lang/Runnable;)V+0 javafx.graphics
j  com.sun.glass.ui.win.WinApplication.lambda$runLoop$3(ILjava/lang/Runnable;)V+8 javafx.graphics
j  com.sun.glass.ui.win.WinApplication$$Lambda$78+0x0000000800c2dff8.run()V+12 javafx.graphics
j  java.lang.Thread.run()V+11 java.base@17.0.1
v  ~StubRoutines::call_stub

---------------  P R O C E S S  ---------------

Threads class SMR info:
_java_thread_list=0x000001a03b9ff4a0, length=20, elements={
0x000001a01963c990, 0x000001a0196f4e10, 0x000001a0196f5c80, 0x000001a0197084e0,
0x000001a01970a0a0, 0x000001a01970ca60, 0x000001a01970d410, 0x000001a01970e1a0,
0x000001a0351c9440, 0x000001a0351ec170, 0x000001a0196df230, 0x000001a036275ea0,
0x000001a036276370, 0x000001a0362e0280, 0x000001a0364f2860, 0x000001a0365118f0,
0x000001a0366b5f90, 0x000001a0366be920, 0x000001a03b5f4a10, 0x000001a03bf02bd0
}

Java Threads: ( => current thread )
  0x000001a01963c990 JavaThread "main" [_thread_blocked, id=16176, stack(0x0000000e75100000,0x0000000e75200000)]
  0x000001a0196f4e10 JavaThread "Reference Handler" daemon [_thread_blocked, id=17232, stack(0x0000000e75800000,0x0000000e75900000)]
  0x000001a0196f5c80 JavaThread "Finalizer" daemon [_thread_blocked, id=19588, stack(0x0000000e75900000,0x0000000e75a00000)]
  0x000001a0197084e0 JavaThread "Signal Dispatcher" daemon [_thread_blocked, id=7900, stack(0x0000000e75a00000,0x0000000e75b00000)]
  0x000001a01970a0a0 JavaThread "Attach Listener" daemon [_thread_blocked, id=7008, stack(0x0000000e75b00000,0x0000000e75c00000)]
  0x000001a01970ca60 JavaThread "Service Thread" daemon [_thread_blocked, id=12940, stack(0x0000000e75c00000,0x0000000e75d00000)]
  0x000001a01970d410 JavaThread "Monitor Deflation Thread" daemon [_thread_blocked, id=11676, stack(0x0000000e75d00000,0x0000000e75e00000)]
  0x000001a01970e1a0 JavaThread "C2 CompilerThread0" daemon [_thread_blocked, id=16552, stack(0x0000000e75e00000,0x0000000e75f00000)]
  0x000001a0351c9440 JavaThread "C1 CompilerThread0" daemon [_thread_blocked, id=4072, stack(0x0000000e75f00000,0x0000000e76000000)]
  0x000001a0351ec170 JavaThread "Sweeper thread" daemon [_thread_blocked, id=17992, stack(0x0000000e76000000,0x0000000e76100000)]
  0x000001a0196df230 JavaThread "Common-Cleaner" daemon [_thread_blocked, id=8808, stack(0x0000000e76100000,0x0000000e76200000)]
  0x000001a036275ea0 JavaThread "Monitor Ctrl-Break" daemon [_thread_in_native, id=5440, stack(0x0000000e76200000,0x0000000e76300000)]
  0x000001a036276370 JavaThread "Notification Thread" daemon [_thread_blocked, id=4060, stack(0x0000000e76300000,0x0000000e76400000)]
  0x000001a0362e0280 JavaThread "QuantumRenderer-0" daemon [_thread_blocked, id=2812, stack(0x0000000e76500000,0x0000000e76600000)]
  0x000001a0364f2860 JavaThread "InvokeLaterDispatcher" daemon [_thread_blocked, id=3848, stack(0x0000000e76900000,0x0000000e76a00000)]
=>0x000001a0365118f0 JavaThread "JavaFX Application Thread" [_thread_in_vm, id=11024, stack(0x0000000e76a00000,0x0000000e76b00000)]
  0x000001a0366b5f90 JavaThread "Thread-1" daemon [_thread_in_native, id=17032, stack(0x0000000e77300000,0x0000000e77400000)]
  0x000001a0366be920 JavaThread "JavaFX-Launcher" [_thread_blocked, id=3136, stack(0x0000000e77400000,0x0000000e77500000)]
  0x000001a03b5f4a10 JavaThread "Prism Font Disposer" daemon [_thread_blocked, id=11876, stack(0x0000000e78100000,0x0000000e78200000)]
  0x000001a03bf02bd0 JavaThread "Cleaner-0" daemon [_thread_blocked, id=16620, stack(0x0000000e78200000,0x0000000e78300000)]

Other Threads:
  0x000001a0196f1220 VMThread "VM Thread" [stack: 0x0000000e75700000,0x0000000e75800000] [id=6420]
  0x000001a019677810 WatcherThread [stack: 0x0000000e76400000,0x0000000e76500000] [id=4016]
  0x000001a019666fe0 GCTaskThread "GC Thread#0" [stack: 0x0000000e75200000,0x0000000e75300000] [id=19552]
  0x000001a036753e60 GCTaskThread "GC Thread#1" [stack: 0x0000000e77500000,0x0000000e77600000] [id=16724]
  0x000001a036751250 GCTaskThread "GC Thread#2" [stack: 0x0000000e77600000,0x0000000e77700000] [id=8656]
  0x000001a036751500 GCTaskThread "GC Thread#3" [stack: 0x0000000e77700000,0x0000000e77800000] [id=17744]
  0x000001a0367517b0 GCTaskThread "GC Thread#4" [stack: 0x0000000e77800000,0x0000000e77900000] [id=19696]
  0x000001a03676ddd0 GCTaskThread "GC Thread#5" [stack: 0x0000000e77900000,0x0000000e77a00000] [id=17568]
  0x000001a0367a3bf0 GCTaskThread "GC Thread#6" [stack: 0x0000000e77a00000,0x0000000e77b00000] [id=2004]
  0x000001a03b71cde0 GCTaskThread "GC Thread#7" [stack: 0x0000000e77b00000,0x0000000e77c00000] [id=12964]
  0x000001a03b88a320 GCTaskThread "GC Thread#8" [stack: 0x0000000e77c00000,0x0000000e77d00000] [id=16660]
  0x000001a03b4ece80 GCTaskThread "GC Thread#9" [stack: 0x0000000e77d00000,0x0000000e77e00000] [id=19876]
  0x000001a01966e9a0 ConcurrentGCThread "G1 Main Marker" [stack: 0x0000000e75300000,0x0000000e75400000] [id=11280]
  0x000001a01966f3b0 ConcurrentGCThread "G1 Conc#0" [stack: 0x0000000e75400000,0x0000000e75500000] [id=3260]
  0x000001a03bdb8ab0 ConcurrentGCThread "G1 Conc#1" [stack: 0x0000000e77e00000,0x0000000e77f00000] [id=19376]
  0x000001a03b7c1d60 ConcurrentGCThread "G1 Conc#2" [stack: 0x0000000e77f00000,0x0000000e78000000] [id=4024]
  0x000001a0196ca420 ConcurrentGCThread "G1 Refine#0" [stack: 0x0000000e75500000,0x0000000e75600000] [id=4052]
  0x000001a0196cae40 ConcurrentGCThread "G1 Service" [stack: 0x0000000e75600000,0x0000000e75700000] [id=1252]

Threads with active compile tasks:

VM state: not at safepoint (normal execution)

VM Mutex/Monitor currently owned by a thread:  ([mutex/lock_event])
[0x000001a019638070] Heap_lock - owner thread: 0x000001a0365118f0

Heap address: 0x00000000cac00000, size: 852 MB, Compressed Oops mode: 32-bit

CDS archive(s) mapped at: [0x0000000800000000-0x0000000800bc0000-0x0000000800bc0000), size 12320768, SharedBaseAddress: 0x0000000800000000, ArchiveRelocationMode: 0.
Compressed class space mapped at: 0x0000000800c00000-0x0000000840c00000, reserved size: 1073741824
Narrow klass base: 0x0000000800000000, Narrow klass shift: 0, Narrow klass range: 0x100000000

GC Precious Log:
 CPUs: 12 total, 12 available
 Memory: 3406M
 Large Page Support: Disabled
 NUMA Support: Disabled
 Compressed Oops: Enabled (32-bit)
 Heap Region Size: 1M
 Heap Min Capacity: 8M
 Heap Initial Capacity: 54M
 Heap Max Capacity: 852M
 Pre-touch: Disabled
 Parallel Workers: 10
 Concurrent Workers: 3
 Concurrent Refinement Workers: 10
 Periodic GC: Disabled

Heap:
 garbage-first heap   total 227328K, used 116910K [0x00000000cac00000, 0x0000000100000000)
  region size 1024K, 3 young (3072K), 3 survivors (3072K)
 Metaspace       used 17572K, committed 17856K, reserved 1064960K
  class space    used 2522K, committed 2624K, reserved 1048576K

Heap Regions: E=young(eden), S=young(survivor), O=old, HS=humongous(starts), HC=humongous(continues), CS=collection set, F=free, OA=open archive, CA=closed archive, TAMS=top-at-mark-start (previous, next)
|   0|0x00000000cac00000, 0x00000000cad00000, 0x00000000cad00000|100%| O|  |TAMS 0x00000000cad00000, 0x00000000cad00000| Untracked 
|   1|0x00000000cad00000, 0x00000000cae00000, 0x00000000cae00000|100%|HS|  |TAMS 0x00000000cae00000, 0x00000000cae00000| Complete 
|   2|0x00000000cae00000, 0x00000000caf00000, 0x00000000caf00000|100%|HC|  |TAMS 0x00000000caf00000, 0x00000000caf00000| Complete 
|   3|0x00000000caf00000, 0x00000000cb000000, 0x00000000cb000000|100%|HC|  |TAMS 0x00000000cb000000, 0x00000000cb000000| Complete 
|   4|0x00000000cb000000, 0x00000000cb100000, 0x00000000cb100000|100%|HC|  |TAMS 0x00000000cb100000, 0x00000000cb100000| Complete 
|   5|0x00000000cb100000, 0x00000000cb200000, 0x00000000cb200000|100%| O|  |TAMS 0x00000000cb200000, 0x00000000cb200000| Untracked 
|   6|0x00000000cb200000, 0x00000000cb300000, 0x00000000cb300000|100%| O|  |TAMS 0x00000000cb300000, 0x00000000cb300000| Untracked 
|   7|0x00000000cb300000, 0x00000000cb400000, 0x00000000cb400000|100%| O|  |TAMS 0x00000000cb400000, 0x00000000cb400000| Untracked 
|   8|0x00000000cb400000, 0x00000000cb500000, 0x00000000cb500000|100%|HS|  |TAMS 0x00000000cb500000, 0x00000000cb500000| Complete 
|   9|0x00000000cb500000, 0x00000000cb600000, 0x00000000cb600000|100%|HC|  |TAMS 0x00000000cb600000, 0x00000000cb600000| Complete 
|  10|0x00000000cb600000, 0x00000000cb700000, 0x00000000cb700000|100%|HC|  |TAMS 0x00000000cb700000, 0x00000000cb700000| Complete 
|  11|0x00000000cb700000, 0x00000000cb800000, 0x00000000cb800000|100%|HC|  |TAMS 0x00000000cb800000, 0x00000000cb800000| Complete 
|  12|0x00000000cb800000, 0x00000000cb900000, 0x00000000cb900000|100%|HC|  |TAMS 0x00000000cb900000, 0x00000000cb900000| Complete 
|  13|0x00000000cb900000, 0x00000000cba00000, 0x00000000cba00000|100%|HC|  |TAMS 0x00000000cba00000, 0x00000000cba00000| Complete 
|  14|0x00000000cba00000, 0x00000000cbb00000, 0x00000000cbb00000|100%| O|  |TAMS 0x00000000cbb00000, 0x00000000cbb00000| Untracked 
|  15|0x00000000cbb00000, 0x00000000cbc00000, 0x00000000cbc00000|100%| O|  |TAMS 0x00000000cbb35a00, 0x00000000cbb35a00| Untracked 
|  16|0x00000000cbc00000, 0x00000000cbd00000, 0x00000000cbd00000|100%|HS|  |TAMS 0x00000000cbd00000, 0x00000000cbd00000| Complete 
|  17|0x00000000cbd00000, 0x00000000cbe00000, 0x00000000cbe00000|100%|HC|  |TAMS 0x00000000cbe00000, 0x00000000cbe00000| Complete 
|  18|0x00000000cbe00000, 0x00000000cbf00000, 0x00000000cbf00000|100%|HS|  |TAMS 0x00000000cbe00000, 0x00000000cbf00000| Complete 
|  19|0x00000000cbf00000, 0x00000000cc000000, 0x00000000cc000000|100%|HC|  |TAMS 0x00000000cbf00000, 0x00000000cc000000| Complete 
|  20|0x00000000cc000000, 0x00000000cc100000, 0x00000000cc100000|100%|HC|  |TAMS 0x00000000cc000000, 0x00000000cc100000| Complete 
|  21|0x00000000cc100000, 0x00000000cc200000, 0x00000000cc200000|100%|HC|  |TAMS 0x00000000cc100000, 0x00000000cc200000| Complete 
|  22|0x00000000cc200000, 0x00000000cc287a00, 0x00000000cc300000| 52%| O|  |TAMS 0x00000000cc200000, 0x00000000cc200000| Untracked 
|  23|0x00000000cc300000, 0x00000000cc300000, 0x00000000cc400000|  0%| F|  |TAMS 0x00000000cc300000, 0x00000000cc300000| Untracked 
|  24|0x00000000cc400000, 0x00000000cc400000, 0x00000000cc500000|  0%| F|  |TAMS 0x00000000cc400000, 0x00000000cc400000| Untracked 
|  25|0x00000000cc500000, 0x00000000cc500000, 0x00000000cc600000|  0%| F|  |TAMS 0x00000000cc500000, 0x00000000cc500000| Untracked 
|  26|0x00000000cc600000, 0x00000000cc600000, 0x00000000cc700000|  0%| F|  |TAMS 0x00000000cc600000, 0x00000000cc600000| Untracked 
|  27|0x00000000cc700000, 0x00000000cc700000, 0x00000000cc800000|  0%| F|  |TAMS 0x00000000cc700000, 0x00000000cc700000| Untracked 
|  28|0x00000000cc800000, 0x00000000cc800000, 0x00000000cc900000|  0%| F|  |TAMS 0x00000000cc800000, 0x00000000cc800000| Untracked 
|  29|0x00000000cc900000, 0x00000000cc900000, 0x00000000cca00000|  0%| F|  |TAMS 0x00000000cc900000, 0x00000000cc900000| Untracked 
|  30|0x00000000cca00000, 0x00000000cca00000, 0x00000000ccb00000|  0%| F|  |TAMS 0x00000000cca00000, 0x00000000cca00000| Untracked 
|  31|0x00000000ccb00000, 0x00000000ccb00000, 0x00000000ccc00000|  0%| F|  |TAMS 0x00000000ccb00000, 0x00000000ccb00000| Untracked 
|  32|0x00000000ccc00000, 0x00000000ccc00000, 0x00000000ccd00000|  0%| F|  |TAMS 0x00000000ccc00000, 0x00000000ccc00000| Untracked 
|  33|0x00000000ccd00000, 0x00000000ccd00000, 0x00000000cce00000|  0%| F|  |TAMS 0x00000000ccd00000, 0x00000000ccd00000| Untracked 
|  34|0x00000000cce00000, 0x00000000cce00000, 0x00000000ccf00000|  0%| F|  |TAMS 0x00000000cce00000, 0x00000000cce00000| Untracked 
|  35|0x00000000ccf00000, 0x00000000ccf00000, 0x00000000cd000000|  0%| F|  |TAMS 0x00000000ccf00000, 0x00000000ccf00000| Untracked 
|  36|0x00000000cd000000, 0x00000000cd000000, 0x00000000cd100000|  0%| F|  |TAMS 0x00000000cd000000, 0x00000000cd000000| Untracked 
|  37|0x00000000cd100000, 0x00000000cd100000, 0x00000000cd200000|  0%| F|  |TAMS 0x00000000cd100000, 0x00000000cd100000| Untracked 
|  38|0x00000000cd200000, 0x00000000cd200000, 0x00000000cd300000|  0%| F|  |TAMS 0x00000000cd200000, 0x00000000cd200000| Untracked 
|  39|0x00000000cd300000, 0x00000000cd300000, 0x00000000cd400000|  0%| F|  |TAMS 0x00000000cd300000, 0x00000000cd300000| Untracked 
|  40|0x00000000cd400000, 0x00000000cd400000, 0x00000000cd500000|  0%| F|  |TAMS 0x00000000cd400000, 0x00000000cd400000| Untracked 
|  41|0x00000000cd500000, 0x00000000cd500000, 0x00000000cd600000|  0%| F|  |TAMS 0x00000000cd500000, 0x00000000cd500000| Untracked 
|  42|0x00000000cd600000, 0x00000000cd700000, 0x00000000cd700000|100%|HS|  |TAMS 0x00000000cd700000, 0x00000000cd700000| Complete 
|  43|0x00000000cd700000, 0x00000000cd800000, 0x00000000cd800000|100%|HC|  |TAMS 0x00000000cd800000, 0x00000000cd800000| Complete 
|  44|0x00000000cd800000, 0x00000000cd900000, 0x00000000cd900000|100%|HC|  |TAMS 0x00000000cd900000, 0x00000000cd900000| Complete 
|  45|0x00000000cd900000, 0x00000000cda00000, 0x00000000cda00000|100%|HC|  |TAMS 0x00000000cda00000, 0x00000000cda00000| Complete 
|  46|0x00000000cda00000, 0x00000000cdb00000, 0x00000000cdb00000|100%|HC|  |TAMS 0x00000000cdb00000, 0x00000000cdb00000| Complete 
|  47|0x00000000cdb00000, 0x00000000cdc00000, 0x00000000cdc00000|100%|HC|  |TAMS 0x00000000cdc00000, 0x00000000cdc00000| Complete 
|  48|0x00000000cdc00000, 0x00000000cdd00000, 0x00000000cdd00000|100%|HC|  |TAMS 0x00000000cdd00000, 0x00000000cdd00000| Complete 
|  49|0x00000000cdd00000, 0x00000000cde00000, 0x00000000cde00000|100%|HC|  |TAMS 0x00000000cde00000, 0x00000000cde00000| Complete 
|  50|0x00000000cde00000, 0x00000000cdf00000, 0x00000000cdf00000|100%|HC|  |TAMS 0x00000000cdf00000, 0x00000000cdf00000| Complete 
|  51|0x00000000cdf00000, 0x00000000ce000000, 0x00000000ce000000|100%|HC|  |TAMS 0x00000000ce000000, 0x00000000ce000000| Complete 
|  52|0x00000000ce000000, 0x00000000ce100000, 0x00000000ce100000|100%|HC|  |TAMS 0x00000000ce100000, 0x00000000ce100000| Complete 
|  53|0x00000000ce100000, 0x00000000ce200000, 0x00000000ce200000|100%|HC|  |TAMS 0x00000000ce200000, 0x00000000ce200000| Complete 
|  54|0x00000000ce200000, 0x00000000ce300000, 0x00000000ce300000|100%|HC|  |TAMS 0x00000000ce300000, 0x00000000ce300000| Complete 
|  55|0x00000000ce300000, 0x00000000ce400000, 0x00000000ce400000|100%|HC|  |TAMS 0x00000000ce400000, 0x00000000ce400000| Complete 
|  56|0x00000000ce400000, 0x00000000ce500000, 0x00000000ce500000|100%|HC|  |TAMS 0x00000000ce500000, 0x00000000ce500000| Complete 
|  57|0x00000000ce500000, 0x00000000ce600000, 0x00000000ce600000|100%|HC|  |TAMS 0x00000000ce600000, 0x00000000ce600000| Complete 
|  58|0x00000000ce600000, 0x00000000ce700000, 0x00000000ce700000|100%|HC|  |TAMS 0x00000000ce700000, 0x00000000ce700000| Complete 
|  59|0x00000000ce700000, 0x00000000ce800000, 0x00000000ce800000|100%|HC|  |TAMS 0x00000000ce800000, 0x00000000ce800000| Complete 
|  60|0x00000000ce800000, 0x00000000ce900000, 0x00000000ce900000|100%|HC|  |TAMS 0x00000000ce900000, 0x00000000ce900000| Complete 
|  61|0x00000000ce900000, 0x00000000cea00000, 0x00000000cea00000|100%|HC|  |TAMS 0x00000000cea00000, 0x00000000cea00000| Complete 
|  62|0x00000000cea00000, 0x00000000ceb00000, 0x00000000ceb00000|100%|HC|  |TAMS 0x00000000ceb00000, 0x00000000ceb00000| Complete 
|  63|0x00000000ceb00000, 0x00000000cec00000, 0x00000000cec00000|100%|HC|  |TAMS 0x00000000cec00000, 0x00000000cec00000| Complete 
|  64|0x00000000cec00000, 0x00000000ced00000, 0x00000000ced00000|100%|HC|  |TAMS 0x00000000ced00000, 0x00000000ced00000| Complete 
|  65|0x00000000ced00000, 0x00000000cee00000, 0x00000000cee00000|100%|HC|  |TAMS 0x00000000cee00000, 0x00000000cee00000| Complete 
|  66|0x00000000cee00000, 0x00000000cef00000, 0x00000000cef00000|100%|HC|  |TAMS 0x00000000cef00000, 0x00000000cef00000| Complete 
|  67|0x00000000cef00000, 0x00000000cf000000, 0x00000000cf000000|100%|HC|  |TAMS 0x00000000cf000000, 0x00000000cf000000| Complete 
|  68|0x00000000cf000000, 0x00000000cf100000, 0x00000000cf100000|100%|HC|  |TAMS 0x00000000cf100000, 0x00000000cf100000| Complete 
|  69|0x00000000cf100000, 0x00000000cf200000, 0x00000000cf200000|100%|HC|  |TAMS 0x00000000cf200000, 0x00000000cf200000| Complete 
|  70|0x00000000cf200000, 0x00000000cf300000, 0x00000000cf300000|100%|HC|  |TAMS 0x00000000cf300000, 0x00000000cf300000| Complete 
|  71|0x00000000cf300000, 0x00000000cf400000, 0x00000000cf400000|100%|HC|  |TAMS 0x00000000cf400000, 0x00000000cf400000| Complete 
|  72|0x00000000cf400000, 0x00000000cf500000, 0x00000000cf500000|100%|HC|  |TAMS 0x00000000cf500000, 0x00000000cf500000| Complete 
|  73|0x00000000cf500000, 0x00000000cf600000, 0x00000000cf600000|100%|HC|  |TAMS 0x00000000cf600000, 0x00000000cf600000| Complete 
|  74|0x00000000cf600000, 0x00000000cf700000, 0x00000000cf700000|100%|HC|  |TAMS 0x00000000cf700000, 0x00000000cf700000| Complete 
|  75|0x00000000cf700000, 0x00000000cf800000, 0x00000000cf800000|100%|HC|  |TAMS 0x00000000cf800000, 0x00000000cf800000| Complete 
|  76|0x00000000cf800000, 0x00000000cf900000, 0x00000000cf900000|100%|HC|  |TAMS 0x00000000cf900000, 0x00000000cf900000| Complete 
|  77|0x00000000cf900000, 0x00000000cfa00000, 0x00000000cfa00000|100%|HC|  |TAMS 0x00000000cfa00000, 0x00000000cfa00000| Complete 
|  78|0x00000000cfa00000, 0x00000000cfb00000, 0x00000000cfb00000|100%|HC|  |TAMS 0x00000000cfb00000, 0x00000000cfb00000| Complete 
|  79|0x00000000cfb00000, 0x00000000cfc00000, 0x00000000cfc00000|100%|HC|  |TAMS 0x00000000cfc00000, 0x00000000cfc00000| Complete 
|  80|0x00000000cfc00000, 0x00000000cfd00000, 0x00000000cfd00000|100%|HC|  |TAMS 0x00000000cfd00000, 0x00000000cfd00000| Complete 
|  81|0x00000000cfd00000, 0x00000000cfe00000, 0x00000000cfe00000|100%|HC|  |TAMS 0x00000000cfe00000, 0x00000000cfe00000| Complete 
|  82|0x00000000cfe00000, 0x00000000cff00000, 0x00000000cff00000|100%|HC|  |TAMS 0x00000000cff00000, 0x00000000cff00000| Complete 
|  83|0x00000000cff00000, 0x00000000d0000000, 0x00000000d0000000|100%|HC|  |TAMS 0x00000000d0000000, 0x00000000d0000000| Complete 
|  84|0x00000000d0000000, 0x00000000d0100000, 0x00000000d0100000|100%|HC|  |TAMS 0x00000000d0100000, 0x00000000d0100000| Complete 
|  85|0x00000000d0100000, 0x00000000d0200000, 0x00000000d0200000|100%|HC|  |TAMS 0x00000000d0200000, 0x00000000d0200000| Complete 
|  86|0x00000000d0200000, 0x00000000d0300000, 0x00000000d0300000|100%|HC|  |TAMS 0x00000000d0300000, 0x00000000d0300000| Complete 
|  87|0x00000000d0300000, 0x00000000d0400000, 0x00000000d0400000|100%|HC|  |TAMS 0x00000000d0400000, 0x00000000d0400000| Complete 
|  88|0x00000000d0400000, 0x00000000d0500000, 0x00000000d0500000|100%|HC|  |TAMS 0x00000000d0500000, 0x00000000d0500000| Complete 
|  89|0x00000000d0500000, 0x00000000d0600000, 0x00000000d0600000|100%|HC|  |TAMS 0x00000000d0600000, 0x00000000d0600000| Complete 
|  90|0x00000000d0600000, 0x00000000d0700000, 0x00000000d0700000|100%|HC|  |TAMS 0x00000000d0700000, 0x00000000d0700000| Complete 
|  91|0x00000000d0700000, 0x00000000d0800000, 0x00000000d0800000|100%|HC|  |TAMS 0x00000000d0800000, 0x00000000d0800000| Complete 
|  92|0x00000000d0800000, 0x00000000d0900000, 0x00000000d0900000|100%|HC|  |TAMS 0x00000000d0900000, 0x00000000d0900000| Complete 
|  93|0x00000000d0900000, 0x00000000d0a00000, 0x00000000d0a00000|100%|HC|  |TAMS 0x00000000d0a00000, 0x00000000d0a00000| Complete 
|  94|0x00000000d0a00000, 0x00000000d0b00000, 0x00000000d0b00000|100%|HC|  |TAMS 0x00000000d0b00000, 0x00000000d0b00000| Complete 
|  95|0x00000000d0b00000, 0x00000000d0c00000, 0x00000000d0c00000|100%|HC|  |TAMS 0x00000000d0c00000, 0x00000000d0c00000| Complete 
|  96|0x00000000d0c00000, 0x00000000d0d00000, 0x00000000d0d00000|100%|HC|  |TAMS 0x00000000d0d00000, 0x00000000d0d00000| Complete 
|  97|0x00000000d0d00000, 0x00000000d0e00000, 0x00000000d0e00000|100%|HC|  |TAMS 0x00000000d0e00000, 0x00000000d0e00000| Complete 
|  98|0x00000000d0e00000, 0x00000000d0f00000, 0x00000000d0f00000|100%|HC|  |TAMS 0x00000000d0f00000, 0x00000000d0f00000| Complete 
|  99|0x00000000d0f00000, 0x00000000d1000000, 0x00000000d1000000|100%|HC|  |TAMS 0x00000000d1000000, 0x00000000d1000000| Complete 
| 100|0x00000000d1000000, 0x00000000d1100000, 0x00000000d1100000|100%|HC|  |TAMS 0x00000000d1100000, 0x00000000d1100000| Complete 
| 101|0x00000000d1100000, 0x00000000d1200000, 0x00000000d1200000|100%|HC|  |TAMS 0x00000000d1200000, 0x00000000d1200000| Complete 
| 102|0x00000000d1200000, 0x00000000d1300000, 0x00000000d1300000|100%|HC|  |TAMS 0x00000000d1300000, 0x00000000d1300000| Complete 
| 103|0x00000000d1300000, 0x00000000d1400000, 0x00000000d1400000|100%|HC|  |TAMS 0x00000000d1400000, 0x00000000d1400000| Complete 
| 104|0x00000000d1400000, 0x00000000d1500000, 0x00000000d1500000|100%|HC|  |TAMS 0x00000000d1500000, 0x00000000d1500000| Complete 
| 105|0x00000000d1500000, 0x00000000d1600000, 0x00000000d1600000|100%|HC|  |TAMS 0x00000000d1600000, 0x00000000d1600000| Complete 
| 106|0x00000000d1600000, 0x00000000d1700000, 0x00000000d1700000|100%|HC|  |TAMS 0x00000000d1700000, 0x00000000d1700000| Complete 
| 107|0x00000000d1700000, 0x00000000d1800000, 0x00000000d1800000|100%|HC|  |TAMS 0x00000000d1800000, 0x00000000d1800000| Complete 
| 108|0x00000000d1800000, 0x00000000d1900000, 0x00000000d1900000|100%|HC|  |TAMS 0x00000000d1900000, 0x00000000d1900000| Complete 
| 109|0x00000000d1900000, 0x00000000d1a00000, 0x00000000d1a00000|100%|HC|  |TAMS 0x00000000d1a00000, 0x00000000d1a00000| Complete 
| 110|0x00000000d1a00000, 0x00000000d1b00000, 0x00000000d1b00000|100%|HC|  |TAMS 0x00000000d1b00000, 0x00000000d1b00000| Complete 
| 111|0x00000000d1b00000, 0x00000000d1c00000, 0x00000000d1c00000|100%|HC|  |TAMS 0x00000000d1c00000, 0x00000000d1c00000| Complete 
| 112|0x00000000d1c00000, 0x00000000d1d00000, 0x00000000d1d00000|100%|HC|  |TAMS 0x00000000d1d00000, 0x00000000d1d00000| Complete 
| 113|0x00000000d1d00000, 0x00000000d1e00000, 0x00000000d1e00000|100%|HC|  |TAMS 0x00000000d1e00000, 0x00000000d1e00000| Complete 
| 114|0x00000000d1e00000, 0x00000000d1f00000, 0x00000000d1f00000|100%|HC|  |TAMS 0x00000000d1f00000, 0x00000000d1f00000| Complete 
| 115|0x00000000d1f00000, 0x00000000d2000000, 0x00000000d2000000|100%|HC|  |TAMS 0x00000000d2000000, 0x00000000d2000000| Complete 
| 116|0x00000000d2000000, 0x00000000d2100000, 0x00000000d2100000|100%|HC|  |TAMS 0x00000000d2100000, 0x00000000d2100000| Complete 
| 117|0x00000000d2100000, 0x00000000d2200000, 0x00000000d2200000|100%|HC|  |TAMS 0x00000000d2200000, 0x00000000d2200000| Complete 
| 118|0x00000000d2200000, 0x00000000d2300000, 0x00000000d2300000|100%|HC|  |TAMS 0x00000000d2300000, 0x00000000d2300000| Complete 
| 119|0x00000000d2300000, 0x00000000d2400000, 0x00000000d2400000|100%|HC|  |TAMS 0x00000000d2400000, 0x00000000d2400000| Complete 
| 120|0x00000000d2400000, 0x00000000d2500000, 0x00000000d2500000|100%|HC|  |TAMS 0x00000000d2500000, 0x00000000d2500000| Complete 
| 121|0x00000000d2500000, 0x00000000d2600000, 0x00000000d2600000|100%|HC|  |TAMS 0x00000000d2600000, 0x00000000d2600000| Complete 
| 122|0x00000000d2600000, 0x00000000d2700000, 0x00000000d2700000|100%|HC|  |TAMS 0x00000000d2700000, 0x00000000d2700000| Complete 
| 123|0x00000000d2700000, 0x00000000d2800000, 0x00000000d2800000|100%|HC|  |TAMS 0x00000000d2800000, 0x00000000d2800000| Complete 
| 124|0x00000000d2800000, 0x00000000d2900000, 0x00000000d2900000|100%|HC|  |TAMS 0x00000000d2900000, 0x00000000d2900000| Complete 
| 125|0x00000000d2900000, 0x00000000d2a00000, 0x00000000d2a00000|100%|HC|  |TAMS 0x00000000d2a00000, 0x00000000d2a00000| Complete 
| 126|0x00000000d2a00000, 0x00000000d2b00000, 0x00000000d2b00000|100%|HC|  |TAMS 0x00000000d2b00000, 0x00000000d2b00000| Complete 
| 127|0x00000000d2b00000, 0x00000000d2c00000, 0x00000000d2c00000|100%|HC|  |TAMS 0x00000000d2c00000, 0x00000000d2c00000| Complete 
| 128|0x00000000d2c00000, 0x00000000d2d00000, 0x00000000d2d00000|100%|HC|  |TAMS 0x00000000d2d00000, 0x00000000d2d00000| Complete 
| 129|0x00000000d2d00000, 0x00000000d2e00000, 0x00000000d2e00000|100%|HC|  |TAMS 0x00000000d2e00000, 0x00000000d2e00000| Complete 
| 130|0x00000000d2e00000, 0x00000000d2f00000, 0x00000000d2f00000|100%|HC|  |TAMS 0x00000000d2f00000, 0x00000000d2f00000| Complete 
| 131|0x00000000d2f00000, 0x00000000d2f00000, 0x00000000d3000000|  0%| F|  |TAMS 0x00000000d2f00000, 0x00000000d2f00000| Untracked 
| 132|0x00000000d3000000, 0x00000000d3000000, 0x00000000d3100000|  0%| F|  |TAMS 0x00000000d3000000, 0x00000000d3000000| Untracked 
| 133|0x00000000d3100000, 0x00000000d3100000, 0x00000000d3200000|  0%| F|  |TAMS 0x00000000d3100000, 0x00000000d3100000| Untracked 
| 134|0x00000000d3200000, 0x00000000d3200000, 0x00000000d3300000|  0%| F|  |TAMS 0x00000000d3200000, 0x00000000d3200000| Untracked 
| 135|0x00000000d3300000, 0x00000000d3300000, 0x00000000d3400000|  0%| F|  |TAMS 0x00000000d3300000, 0x00000000d3300000| Untracked 
| 136|0x00000000d3400000, 0x00000000d3400000, 0x00000000d3500000|  0%| F|  |TAMS 0x00000000d3400000, 0x00000000d3400000| Untracked 
| 137|0x00000000d3500000, 0x00000000d3500000, 0x00000000d3600000|  0%| F|  |TAMS 0x00000000d3500000, 0x00000000d3500000| Untracked 
| 138|0x00000000d3600000, 0x00000000d3600000, 0x00000000d3700000|  0%| F|  |TAMS 0x00000000d3600000, 0x00000000d3600000| Untracked 
| 139|0x00000000d3700000, 0x00000000d3700000, 0x00000000d3800000|  0%| F|  |TAMS 0x00000000d3700000, 0x00000000d3700000| Untracked 
| 140|0x00000000d3800000, 0x00000000d3800000, 0x00000000d3900000|  0%| F|  |TAMS 0x00000000d3800000, 0x00000000d3800000| Untracked 
| 141|0x00000000d3900000, 0x00000000d3900000, 0x00000000d3a00000|  0%| F|  |TAMS 0x00000000d3900000, 0x00000000d3900000| Untracked 
| 142|0x00000000d3a00000, 0x00000000d3a00000, 0x00000000d3b00000|  0%| F|  |TAMS 0x00000000d3a00000, 0x00000000d3a00000| Untracked 
| 143|0x00000000d3b00000, 0x00000000d3b00000, 0x00000000d3c00000|  0%| F|  |TAMS 0x00000000d3b00000, 0x00000000d3b00000| Untracked 
| 144|0x00000000d3c00000, 0x00000000d3c00000, 0x00000000d3d00000|  0%| F|  |TAMS 0x00000000d3c00000, 0x00000000d3c00000| Untracked 
| 145|0x00000000d3d00000, 0x00000000d3d00000, 0x00000000d3e00000|  0%| F|  |TAMS 0x00000000d3d00000, 0x00000000d3d00000| Untracked 
| 146|0x00000000d3e00000, 0x00000000d3e00000, 0x00000000d3f00000|  0%| F|  |TAMS 0x00000000d3e00000, 0x00000000d3e00000| Untracked 
| 147|0x00000000d3f00000, 0x00000000d3f00000, 0x00000000d4000000|  0%| F|  |TAMS 0x00000000d3f00000, 0x00000000d3f00000| Untracked 
| 148|0x00000000d4000000, 0x00000000d4000000, 0x00000000d4100000|  0%| F|  |TAMS 0x00000000d4000000, 0x00000000d4000000| Untracked 
| 149|0x00000000d4100000, 0x00000000d4100000, 0x00000000d4200000|  0%| F|  |TAMS 0x00000000d4100000, 0x00000000d4100000| Untracked 
| 150|0x00000000d4200000, 0x00000000d4200000, 0x00000000d4300000|  0%| F|  |TAMS 0x00000000d4200000, 0x00000000d4200000| Untracked 
| 151|0x00000000d4300000, 0x00000000d4300000, 0x00000000d4400000|  0%| F|  |TAMS 0x00000000d4300000, 0x00000000d4300000| Untracked 
| 152|0x00000000d4400000, 0x00000000d4400000, 0x00000000d4500000|  0%| F|  |TAMS 0x00000000d4400000, 0x00000000d4400000| Untracked 
| 153|0x00000000d4500000, 0x00000000d4500000, 0x00000000d4600000|  0%| F|  |TAMS 0x00000000d4500000, 0x00000000d4500000| Untracked 
| 154|0x00000000d4600000, 0x00000000d4600000, 0x00000000d4700000|  0%| F|  |TAMS 0x00000000d4600000, 0x00000000d4600000| Untracked 
| 155|0x00000000d4700000, 0x00000000d4700000, 0x00000000d4800000|  0%| F|  |TAMS 0x00000000d4700000, 0x00000000d4700000| Untracked 
| 156|0x00000000d4800000, 0x00000000d4800000, 0x00000000d4900000|  0%| F|  |TAMS 0x00000000d4800000, 0x00000000d4800000| Untracked 
| 157|0x00000000d4900000, 0x00000000d4900000, 0x00000000d4a00000|  0%| F|  |TAMS 0x00000000d4900000, 0x00000000d4900000| Untracked 
| 158|0x00000000d4a00000, 0x00000000d4a00000, 0x00000000d4b00000|  0%| F|  |TAMS 0x00000000d4a00000, 0x00000000d4a00000| Untracked 
| 159|0x00000000d4b00000, 0x00000000d4b00000, 0x00000000d4c00000|  0%| F|  |TAMS 0x00000000d4b00000, 0x00000000d4b00000| Untracked 
| 160|0x00000000d4c00000, 0x00000000d4c00000, 0x00000000d4d00000|  0%| F|  |TAMS 0x00000000d4c00000, 0x00000000d4c00000| Untracked 
| 161|0x00000000d4d00000, 0x00000000d4d00000, 0x00000000d4e00000|  0%| F|  |TAMS 0x00000000d4d00000, 0x00000000d4d00000| Untracked 
| 162|0x00000000d4e00000, 0x00000000d4e00000, 0x00000000d4f00000|  0%| F|  |TAMS 0x00000000d4e00000, 0x00000000d4e00000| Untracked 
| 163|0x00000000d4f00000, 0x00000000d4f00000, 0x00000000d5000000|  0%| F|  |TAMS 0x00000000d4f00000, 0x00000000d4f00000| Untracked 
| 164|0x00000000d5000000, 0x00000000d5000000, 0x00000000d5100000|  0%| F|  |TAMS 0x00000000d5000000, 0x00000000d5000000| Untracked 
| 165|0x00000000d5100000, 0x00000000d5100000, 0x00000000d5200000|  0%| F|  |TAMS 0x00000000d5100000, 0x00000000d5100000| Untracked 
| 166|0x00000000d5200000, 0x00000000d5200000, 0x00000000d5300000|  0%| F|  |TAMS 0x00000000d5200000, 0x00000000d5200000| Untracked 
| 167|0x00000000d5300000, 0x00000000d5300000, 0x00000000d5400000|  0%| F|  |TAMS 0x00000000d5300000, 0x00000000d5300000| Untracked 
| 168|0x00000000d5400000, 0x00000000d5400000, 0x00000000d5500000|  0%| F|  |TAMS 0x00000000d5400000, 0x00000000d5400000| Untracked 
| 169|0x00000000d5500000, 0x00000000d5500000, 0x00000000d5600000|  0%| F|  |TAMS 0x00000000d5500000, 0x00000000d5500000| Untracked 
| 170|0x00000000d5600000, 0x00000000d5600000, 0x00000000d5700000|  0%| F|  |TAMS 0x00000000d5600000, 0x00000000d5600000| Untracked 
| 171|0x00000000d5700000, 0x00000000d5700000, 0x00000000d5800000|  0%| F|  |TAMS 0x00000000d5700000, 0x00000000d5700000| Untracked 
| 172|0x00000000d5800000, 0x00000000d5800000, 0x00000000d5900000|  0%| F|  |TAMS 0x00000000d5800000, 0x00000000d5800000| Untracked 
| 173|0x00000000d5900000, 0x00000000d5900000, 0x00000000d5a00000|  0%| F|  |TAMS 0x00000000d5900000, 0x00000000d5900000| Untracked 
| 174|0x00000000d5a00000, 0x00000000d5a00000, 0x00000000d5b00000|  0%| F|  |TAMS 0x00000000d5a00000, 0x00000000d5a00000| Untracked 
| 175|0x00000000d5b00000, 0x00000000d5b00000, 0x00000000d5c00000|  0%| F|  |TAMS 0x00000000d5b00000, 0x00000000d5b00000| Untracked 
| 176|0x00000000d5c00000, 0x00000000d5c00000, 0x00000000d5d00000|  0%| F|  |TAMS 0x00000000d5c00000, 0x00000000d5c00000| Untracked 
| 177|0x00000000d5d00000, 0x00000000d5d00000, 0x00000000d5e00000|  0%| F|  |TAMS 0x00000000d5d00000, 0x00000000d5d00000| Untracked 
| 178|0x00000000d5e00000, 0x00000000d5e00000, 0x00000000d5f00000|  0%| F|  |TAMS 0x00000000d5e00000, 0x00000000d5e00000| Untracked 
| 179|0x00000000d5f00000, 0x00000000d5f00000, 0x00000000d6000000|  0%| F|  |TAMS 0x00000000d5f00000, 0x00000000d5f00000| Untracked 
| 180|0x00000000d6000000, 0x00000000d6000000, 0x00000000d6100000|  0%| F|  |TAMS 0x00000000d6000000, 0x00000000d6000000| Untracked 
| 181|0x00000000d6100000, 0x00000000d6100000, 0x00000000d6200000|  0%| F|  |TAMS 0x00000000d6100000, 0x00000000d6100000| Untracked 
| 182|0x00000000d6200000, 0x00000000d6200000, 0x00000000d6300000|  0%| F|  |TAMS 0x00000000d6200000, 0x00000000d6200000| Untracked 
| 183|0x00000000d6300000, 0x00000000d6300000, 0x00000000d6400000|  0%| F|  |TAMS 0x00000000d6300000, 0x00000000d6300000| Untracked 
| 184|0x00000000d6400000, 0x00000000d6400000, 0x00000000d6500000|  0%| F|  |TAMS 0x00000000d6400000, 0x00000000d6400000| Untracked 
| 185|0x00000000d6500000, 0x00000000d6500000, 0x00000000d6600000|  0%| F|  |TAMS 0x00000000d6500000, 0x00000000d6500000| Untracked 
| 186|0x00000000d6600000, 0x00000000d6600000, 0x00000000d6700000|  0%| F|  |TAMS 0x00000000d6600000, 0x00000000d6600000| Untracked 
| 187|0x00000000d6700000, 0x00000000d6700000, 0x00000000d6800000|  0%| F|  |TAMS 0x00000000d6700000, 0x00000000d6700000| Untracked 
| 188|0x00000000d6800000, 0x00000000d6800000, 0x00000000d6900000|  0%| F|  |TAMS 0x00000000d6800000, 0x00000000d6800000| Untracked 
| 189|0x00000000d6900000, 0x00000000d6900000, 0x00000000d6a00000|  0%| F|  |TAMS 0x00000000d6900000, 0x00000000d6900000| Untracked 
| 190|0x00000000d6a00000, 0x00000000d6a00000, 0x00000000d6b00000|  0%| F|  |TAMS 0x00000000d6a00000, 0x00000000d6a00000| Untracked 
| 191|0x00000000d6b00000, 0x00000000d6ba4020, 0x00000000d6c00000| 64%| S|CS|TAMS 0x00000000d6b00000, 0x00000000d6b00000| Complete 
| 192|0x00000000d6c00000, 0x00000000d6d00000, 0x00000000d6d00000|100%| S|CS|TAMS 0x00000000d6c00000, 0x00000000d6c00000| Complete 
| 193|0x00000000d6d00000, 0x00000000d6e00000, 0x00000000d6e00000|100%| S|CS|TAMS 0x00000000d6d00000, 0x00000000d6d00000| Complete 
| 194|0x00000000d6e00000, 0x00000000d6e00000, 0x00000000d6f00000|  0%| F|  |TAMS 0x00000000d6e00000, 0x00000000d6e00000| Untracked 
| 195|0x00000000d6f00000, 0x00000000d6f00000, 0x00000000d7000000|  0%| F|  |TAMS 0x00000000d6f00000, 0x00000000d6f00000| Untracked 
| 196|0x00000000d7000000, 0x00000000d7000000, 0x00000000d7100000|  0%| F|  |TAMS 0x00000000d7000000, 0x00000000d7000000| Untracked 
| 197|0x00000000d7100000, 0x00000000d7100000, 0x00000000d7200000|  0%| F|  |TAMS 0x00000000d7100000, 0x00000000d7100000| Untracked 
| 198|0x00000000d7200000, 0x00000000d7200000, 0x00000000d7300000|  0%| F|  |TAMS 0x00000000d7200000, 0x00000000d7200000| Untracked 
| 199|0x00000000d7300000, 0x00000000d7300000, 0x00000000d7400000|  0%| F|  |TAMS 0x00000000d7300000, 0x00000000d7300000| Untracked 
| 200|0x00000000d7400000, 0x00000000d7400000, 0x00000000d7500000|  0%| F|  |TAMS 0x00000000d7400000, 0x00000000d7400000| Untracked 
| 201|0x00000000d7500000, 0x00000000d7500000, 0x00000000d7600000|  0%| F|  |TAMS 0x00000000d7500000, 0x00000000d7500000| Untracked 
| 202|0x00000000d7600000, 0x00000000d7600000, 0x00000000d7700000|  0%| F|  |TAMS 0x00000000d7600000, 0x00000000d7600000| Untracked 
| 203|0x00000000d7700000, 0x00000000d7700000, 0x00000000d7800000|  0%| F|  |TAMS 0x00000000d7700000, 0x00000000d7700000| Untracked 
| 204|0x00000000d7800000, 0x00000000d7800000, 0x00000000d7900000|  0%| F|  |TAMS 0x00000000d7800000, 0x00000000d7800000| Untracked 
| 205|0x00000000d7900000, 0x00000000d7900000, 0x00000000d7a00000|  0%| F|  |TAMS 0x00000000d7900000, 0x00000000d7900000| Untracked 
| 206|0x00000000d7a00000, 0x00000000d7a00000, 0x00000000d7b00000|  0%| F|  |TAMS 0x00000000d7a00000, 0x00000000d7a00000| Untracked 
| 207|0x00000000d7b00000, 0x00000000d7b00000, 0x00000000d7c00000|  0%| F|  |TAMS 0x00000000d7b00000, 0x00000000d7b00000| Untracked 
| 208|0x00000000d7c00000, 0x00000000d7c00000, 0x00000000d7d00000|  0%| F|  |TAMS 0x00000000d7c00000, 0x00000000d7c00000| Untracked 
| 209|0x00000000d7d00000, 0x00000000d7d00000, 0x00000000d7e00000|  0%| F|  |TAMS 0x00000000d7d00000, 0x00000000d7d00000| Untracked 
| 210|0x00000000d7e00000, 0x00000000d7e00000, 0x00000000d7f00000|  0%| F|  |TAMS 0x00000000d7e00000, 0x00000000d7e00000| Untracked 
| 211|0x00000000d7f00000, 0x00000000d7f00000, 0x00000000d8000000|  0%| F|  |TAMS 0x00000000d7f00000, 0x00000000d7f00000| Untracked 
| 212|0x00000000d8000000, 0x00000000d8000000, 0x00000000d8100000|  0%| F|  |TAMS 0x00000000d8000000, 0x00000000d8000000| Untracked 
| 213|0x00000000d8100000, 0x00000000d8100000, 0x00000000d8200000|  0%| F|  |TAMS 0x00000000d8100000, 0x00000000d8100000| Untracked 
| 214|0x00000000d8200000, 0x00000000d8200000, 0x00000000d8300000|  0%| F|  |TAMS 0x00000000d8200000, 0x00000000d8200000| Untracked 
| 215|0x00000000d8300000, 0x00000000d8300000, 0x00000000d8400000|  0%| F|  |TAMS 0x00000000d8300000, 0x00000000d8300000| Untracked 
| 216|0x00000000d8400000, 0x00000000d8400000, 0x00000000d8500000|  0%| F|  |TAMS 0x00000000d8400000, 0x00000000d8400000| Untracked 
| 217|0x00000000d8500000, 0x00000000d8500000, 0x00000000d8600000|  0%| F|  |TAMS 0x00000000d8500000, 0x00000000d8500000| Untracked 
| 218|0x00000000d8600000, 0x00000000d8600000, 0x00000000d8700000|  0%| F|  |TAMS 0x00000000d8600000, 0x00000000d8600000| Untracked 
| 219|0x00000000d8700000, 0x00000000d8700000, 0x00000000d8800000|  0%| F|  |TAMS 0x00000000d8700000, 0x00000000d8700000| Untracked 
| 220|0x00000000d8800000, 0x00000000d8800000, 0x00000000d8900000|  0%| F|  |TAMS 0x00000000d8800000, 0x00000000d8800000| Untracked 
| 221|0x00000000d8900000, 0x00000000d8900000, 0x00000000d8a00000|  0%| F|  |TAMS 0x00000000d8900000, 0x00000000d8900000| Untracked 

Card table byte_map: [0x000001a030800000,0x000001a0309b0000] _byte_map_base: 0x000001a0301aa000

Marking Bits (Prev, Next): (CMBitMap*) 0x000001a019667630, (CMBitMap*) 0x000001a0196675f0
 Prev Bits: [0x000001a0318b0000, 0x000001a032600000)
 Next Bits: [0x000001a030b60000, 0x000001a0318b0000)

Polling page: 0x000001a017630000

Metaspace:

Usage:
  Non-class:     14.70 MB used.
      Class:      2.46 MB used.
       Both:     17.16 MB used.

Virtual space:
  Non-class space:       16.00 MB reserved,      14.88 MB ( 93%) committed,  2 nodes.
      Class space:        1.00 GB reserved,       2.56 MB ( <1%) committed,  1 nodes.
             Both:        1.02 GB reserved,      17.44 MB (  2%) committed. 

Chunk freelists:
   Non-Class:  490.00 KB
       Class:  1.39 MB
        Both:  1.87 MB

MaxMetaspaceSize: unlimited
CompressedClassSpaceSize: 1.00 GB
Initial GC threshold: 21.00 MB
Current GC threshold: 29.00 MB
CDS: on
MetaspaceReclaimPolicy: balanced
 - commit_granule_bytes: 65536.
 - commit_granule_words: 8192.
 - virtual_space_node_default_size: 1048576.
 - enlarge_chunks_in_place: 1.
 - new_chunks_are_fully_committed: 0.
 - uncommit_free_chunks: 1.
 - use_allocation_guard: 0.
 - handle_deallocations: 1.


Internal statistics:

num_allocs_failed_limit: 0.
num_arena_births: 232.
num_arena_deaths: 0.
num_vsnodes_births: 3.
num_vsnodes_deaths: 0.
num_space_committed: 279.
num_space_uncommitted: 0.
num_chunks_returned_to_freelist: 0.
num_chunks_taken_from_freelist: 825.
num_chunk_merges: 0.
num_chunk_splits: 566.
num_chunks_enlarged: 433.
num_purges: 0.
num_inconsistent_stats: 0.

CodeHeap 'non-profiled nmethods': size=120000Kb used=1935Kb max_used=1935Kb free=118064Kb
 bounds [0x000001a028bd0000, 0x000001a028e40000, 0x000001a030100000]
CodeHeap 'profiled nmethods': size=120000Kb used=7313Kb max_used=7313Kb free=112687Kb
 bounds [0x000001a0216a0000, 0x000001a021dd0000, 0x000001a028bd0000]
CodeHeap 'non-nmethods': size=5760Kb used=1443Kb max_used=1499Kb free=4316Kb
 bounds [0x000001a021100000, 0x000001a021370000, 0x000001a0216a0000]
 total_blobs=4430 nmethods=3621 adapters=719
 compilation: enabled
              stopped_count=0, restarted_count=0
 full_count=0

Compilation events (20 events):
Event: 17.007 Thread 0x000001a01970e1a0 3626       4       com.sun.javafx.iio.png.PNGImageLoader2::copy (76 bytes)
Event: 17.008 Thread 0x000001a01970e1a0 nmethod 3626 0x000001a028db3890 code [0x000001a028db3a20, 0x000001a028db3b78]
Event: 17.013 Thread 0x000001a0351c9440 3627       3       java.io.InputStream::skip (70 bytes)
Event: 17.014 Thread 0x000001a0351c9440 nmethod 3627 0x000001a021db5690 code [0x000001a021db5860, 0x000001a021db5e28]
Event: 17.014 Thread 0x000001a0351c9440 3628       3       com.sun.javafx.iio.common.ImageTools::skipFully (49 bytes)
Event: 17.015 Thread 0x000001a0351c9440 nmethod 3628 0x000001a021db6010 code [0x000001a021db61e0, 0x000001a021db6688]
Event: 17.015 Thread 0x000001a0351c9440 3629       3       java.io.FilterInputStream::skip (9 bytes)
Event: 17.015 Thread 0x000001a0351c9440 nmethod 3629 0x000001a021db6810 code [0x000001a021db69c0, 0x000001a021db6b88]
Event: 17.016 Thread 0x000001a0351c9440 3630       3       com.sun.javafx.scene.NodeHelper::notifyLayoutBoundsChangedImpl (10 bytes)
Event: 17.016 Thread 0x000001a0351c9440 nmethod 3630 0x000001a021db6c90 code [0x000001a021db6e40, 0x000001a021db7048]
Event: 17.016 Thread 0x000001a0351c9440 3631       3       javafx.scene.Node$1::doNotifyLayoutBoundsChanged (5 bytes)
Event: 17.016 Thread 0x000001a0351c9440 nmethod 3631 0x000001a021db7190 code [0x000001a021db7340, 0x000001a021db7488]
Event: 17.016 Thread 0x000001a0351c9440 3632       3       javafx.scene.Node::doNotifyLayoutBoundsChanged (47 bytes)
Event: 17.017 Thread 0x000001a0351c9440 nmethod 3632 0x000001a021db7590 code [0x000001a021db77e0, 0x000001a021db8528]
Event: 17.017 Thread 0x000001a0351c9440 3633       3       com.sun.org.apache.xerces.internal.impl.XMLStreamReaderImpl::isWhiteSpace (64 bytes)
Event: 17.017 Thread 0x000001a0351c9440 nmethod 3633 0x000001a021db8810 code [0x000001a021db8a20, 0x000001a021db8fe8]
Event: 17.017 Thread 0x000001a0351c9440 3634   !   3       com.sun.org.apache.xerces.internal.impl.XMLDocumentFragmentScannerImpl$FragmentContentDriver::next (2331 bytes)
Event: 17.027 Thread 0x000001a0351c9440 nmethod 3634 0x000001a021db9210 code [0x000001a021db9c40, 0x000001a021dbfe38]
Event: 17.027 Thread 0x000001a0351c9440 3635       3       java.lang.Character::isJavaIdentifierPart (5 bytes)
Event: 17.028 Thread 0x000001a0351c9440 nmethod 3635 0x000001a021dc3f10 code [0x000001a021dc40c0, 0x000001a021dc4318]

GC Heap History (14 events):
Event: 1.154 GC heap before
{Heap before GC invocations=0 (full 0):
 garbage-first heap   total 55296K, used 22528K [0x00000000cac00000, 0x0000000100000000)
  region size 1024K, 23 young (23552K), 0 survivors (0K)
 Metaspace       used 6451K, committed 6592K, reserved 1056768K
  class space    used 786K, committed 832K, reserved 1048576K
}
Event: 1.159 GC heap after
{Heap after GC invocations=1 (full 0):
 garbage-first heap   total 55296K, used 3245K [0x00000000cac00000, 0x0000000100000000)
  region size 1024K, 3 young (3072K), 3 survivors (3072K)
 Metaspace       used 6451K, committed 6592K, reserved 1056768K
  class space    used 786K, committed 832K, reserved 1048576K
}
Event: 1.447 GC heap before
{Heap before GC invocations=1 (full 0):
 garbage-first heap   total 55296K, used 18605K [0x00000000cac00000, 0x0000000100000000)
  region size 1024K, 15 young (15360K), 3 survivors (3072K)
 Metaspace       used 9161K, committed 9344K, reserved 1064960K
  class space    used 1236K, committed 1344K, reserved 1048576K
}
Event: 1.454 GC heap after
{Heap after GC invocations=2 (full 0):
 garbage-first heap   total 55296K, used 9574K [0x00000000cac00000, 0x0000000100000000)
  region size 1024K, 3 young (3072K), 3 survivors (3072K)
 Metaspace       used 9161K, committed 9344K, reserved 1064960K
  class space    used 1236K, committed 1344K, reserved 1048576K
}
Event: 2.122 GC heap before
{Heap before GC invocations=2 (full 0):
 garbage-first heap   total 134144K, used 101734K [0x00000000cac00000, 0x0000000100000000)
  region size 1024K, 5 young (5120K), 3 survivors (3072K)
 Metaspace       used 9350K, committed 9536K, reserved 1064960K
  class space    used 1257K, committed 1344K, reserved 1048576K
}
Event: 2.124 GC heap after
{Heap after GC invocations=3 (full 0):
 garbage-first heap   total 134144K, used 101090K [0x00000000cac00000, 0x0000000100000000)
  region size 1024K, 3 young (3072K), 3 survivors (3072K)
 Metaspace       used 9350K, committed 9536K, reserved 1064960K
  class space    used 1257K, committed 1344K, reserved 1048576K
}
Event: 2.505 GC heap before
{Heap before GC invocations=4 (full 0):
 garbage-first heap   total 183296K, used 114402K [0x00000000cac00000, 0x0000000100000000)
  region size 1024K, 10 young (10240K), 3 survivors (3072K)
 Metaspace       used 11279K, committed 11456K, reserved 1064960K
  class space    used 1577K, committed 1664K, reserved 1048576K
}
Event: 2.508 GC heap after
{Heap after GC invocations=5 (full 0):
 garbage-first heap   total 183296K, used 107648K [0x00000000cac00000, 0x0000000100000000)
  region size 1024K, 1 young (1024K), 1 survivors (1024K)
 Metaspace       used 11279K, committed 11456K, reserved 1064960K
  class space    used 1577K, committed 1664K, reserved 1048576K
}
Event: 3.117 GC heap before
{Heap before GC invocations=5 (full 0):
 garbage-first heap   total 183296K, used 112768K [0x00000000cac00000, 0x0000000100000000)
  region size 1024K, 7 young (7168K), 1 survivors (1024K)
 Metaspace       used 12680K, committed 12928K, reserved 1064960K
  class space    used 1746K, committed 1856K, reserved 1048576K
}
Event: 3.120 GC heap after
{Heap after GC invocations=6 (full 0):
 garbage-first heap   total 183296K, used 108253K [0x00000000cac00000, 0x0000000100000000)
  region size 1024K, 2 young (2048K), 2 survivors (2048K)
 Metaspace       used 12680K, committed 12928K, reserved 1064960K
  class space    used 1746K, committed 1856K, reserved 1048576K
}
Event: 16.933 GC heap before
{Heap before GC invocations=7 (full 0):
 garbage-first heap   total 188416K, used 135901K [0x00000000cac00000, 0x0000000100000000)
  region size 1024K, 28 young (28672K), 2 survivors (2048K)
 Metaspace       used 17526K, committed 17792K, reserved 1064960K
  class space    used 2522K, committed 2624K, reserved 1048576K
}
Event: 16.940 GC heap after
{Heap after GC invocations=8 (full 0):
 garbage-first heap   total 188416K, used 112678K [0x00000000cac00000, 0x0000000100000000)
  region size 1024K, 4 young (4096K), 4 survivors (4096K)
 Metaspace       used 17526K, committed 17792K, reserved 1064960K
  class space    used 2522K, committed 2624K, reserved 1048576K
}
Event: 17.020 GC heap before
{Heap before GC invocations=9 (full 0):
 garbage-first heap   total 198656K, used 116774K [0x00000000cac00000, 0x0000000100000000)
  region size 1024K, 5 young (5120K), 4 survivors (4096K)
 Metaspace       used 17572K, committed 17856K, reserved 1064960K
  class space    used 2522K, committed 2624K, reserved 1048576K
}
Event: 17.026 GC heap after
{Heap after GC invocations=10 (full 0):
 garbage-first heap   total 198656K, used 116910K [0x00000000cac00000, 0x0000000100000000)
  region size 1024K, 3 young (3072K), 3 survivors (3072K)
 Metaspace       used 17572K, committed 17856K, reserved 1064960K
  class space    used 2522K, committed 2624K, reserved 1048576K
}

Deoptimization events (20 events):
Event: 14.717 Thread 0x000001a0365118f0 Uncommon trap: trap_request=0xffffff45 fr.pc=0x000001a028cc0edc relative=0x000000000000005c
Event: 14.717 Thread 0x000001a0365118f0 Uncommon trap: reason=unstable_if action=reinterpret pc=0x000001a028cc0edc method=java.util.Objects.equals(Ljava/lang/Object;Ljava/lang/Object;)Z @ 6 c2
Event: 14.717 Thread 0x000001a0365118f0 DEOPT PACKING pc=0x000001a028cc0edc sp=0x0000000e76afb470
Event: 14.717 Thread 0x000001a0365118f0 DEOPT UNPACKING pc=0x000001a0211523a3 sp=0x0000000e76afb410 mode 2
Event: 14.718 Thread 0x000001a0365118f0 Uncommon trap: trap_request=0xffffff45 fr.pc=0x000001a028d51088 relative=0x00000000000000c8
Event: 14.718 Thread 0x000001a0365118f0 Uncommon trap: reason=unstable_if action=reinterpret pc=0x000001a028d51088 method=java.lang.StrictMath.floorOrCeil(DDDD)D @ 38 c2
Event: 14.718 Thread 0x000001a0365118f0 DEOPT PACKING pc=0x000001a028d51088 sp=0x0000000e76afbbb0
Event: 14.718 Thread 0x000001a0365118f0 DEOPT UNPACKING pc=0x000001a0211523a3 sp=0x0000000e76afba68 mode 2
Event: 14.739 Thread 0x000001a0365118f0 Uncommon trap: trap_request=0xffffffc6 fr.pc=0x000001a028d5cbd4 relative=0x0000000000000714
Event: 14.739 Thread 0x000001a0365118f0 Uncommon trap: reason=bimorphic_or_optimized_type_check action=maybe_recompile pc=0x000001a028d5cbd4 method=com.sun.javafx.event.EventHandlerManager.dispatchCapturingEvent(Ljavafx/event/Event;)Ljavafx/event/Event; @ 1 c2
Event: 14.739 Thread 0x000001a0365118f0 DEOPT PACKING pc=0x000001a028d5cbd4 sp=0x0000000e76afc180
Event: 14.739 Thread 0x000001a0365118f0 DEOPT UNPACKING pc=0x000001a0211523a3 sp=0x0000000e76afc138 mode 2
Event: 14.739 Thread 0x000001a0365118f0 Uncommon trap: trap_request=0xffffffc6 fr.pc=0x000001a028d4b434 relative=0x0000000000000954
Event: 14.739 Thread 0x000001a0365118f0 Uncommon trap: reason=bimorphic_or_optimized_type_check action=maybe_recompile pc=0x000001a028d4b434 method=com.sun.javafx.event.EventHandlerManager.dispatchBubblingEvent(Ljavafx/event/Event;)Ljavafx/event/Event; @ 1 c2
Event: 14.739 Thread 0x000001a0365118f0 DEOPT PACKING pc=0x000001a028d4b434 sp=0x0000000e76afc190
Event: 14.739 Thread 0x000001a0365118f0 DEOPT UNPACKING pc=0x000001a0211523a3 sp=0x0000000e76afc148 mode 2
Event: 15.439 Thread 0x000001a0362e0280 Uncommon trap: trap_request=0xffffff45 fr.pc=0x000001a028d58a98 relative=0x00000000000004b8
Event: 15.439 Thread 0x000001a0362e0280 Uncommon trap: reason=unstable_if action=reinterpret pc=0x000001a028d58a98 method=com.sun.javafx.geom.transform.AffineBase.updateState2D()V @ 51 c2
Event: 15.439 Thread 0x000001a0362e0280 DEOPT PACKING pc=0x000001a028d58a98 sp=0x0000000e765fe6d0
Event: 15.439 Thread 0x000001a0362e0280 DEOPT UNPACKING pc=0x000001a0211523a3 sp=0x0000000e765fe5a8 mode 2

Classes unloaded (0 events):
No events

Classes redefined (0 events):
No events

Internal exceptions (20 events):
Event: 2.485 Thread 0x000001a0365118f0 Exception <a 'java/lang/NoSuchMethodError'{0x00000000d594cfc8}: 'void java.lang.invoke.DirectMethodHandle$Holder.invokeSpecial(java.lang.Object, java.lang.Object, java.lang.Object, java.lang.Object, java.lang.Object)'> (0x00000000d594cfc8) 
thrown [e:\jenkins\tmp\workspace\build\src\src\hotspot\share\interpreter\linkResolver.cpp, line 766]
Event: 2.488 Thread 0x000001a0365118f0 Exception <a 'java/lang/NoSuchMethodError'{0x00000000d595d578}: 'java.lang.Object java.lang.invoke.DirectMethodHandle$Holder.invokeInterface(java.lang.Object, java.lang.Object, java.lang.Object)'> (0x00000000d595d578) 
thrown [e:\jenkins\tmp\workspace\build\src\src\hotspot\share\interpreter\linkResolver.cpp, line 766]
Event: 2.488 Thread 0x000001a0365118f0 Exception <a 'java/lang/IncompatibleClassChangeError'{0x00000000d5961158}: Found class java.lang.Object, but interface was expected> (0x00000000d5961158) 
thrown [e:\jenkins\tmp\workspace\build\src\src\hotspot\share\interpreter\linkResolver.cpp, line 833]
Event: 2.588 Thread 0x000001a0365118f0 Exception <a 'java/lang/NoSuchMethodError'{0x00000000d5d23640}: 'java.lang.Object java.lang.invoke.DirectMethodHandle$Holder.newInvokeSpecial(java.lang.Object, java.lang.Object, int)'> (0x00000000d5d23640) 
thrown [e:\jenkins\tmp\workspace\build\src\src\hotspot\share\interpreter\linkResolver.cpp, line 766]
Event: 2.730 Thread 0x000001a0362e0280 Exception <a 'java/lang/NoSuchMethodError'{0x00000000d5c9c558}: 'int java.lang.invoke.DirectMethodHandle$Holder.invokeStaticInit(java.lang.Object, java.lang.Object)'> (0x00000000d5c9c558) 
thrown [e:\jenkins\tmp\workspace\build\src\src\hotspot\share\interpreter\linkResolver.cpp, line 766]
Event: 2.956 Thread 0x000001a0362e0280 Exception <a 'java/lang/NoSuchMethodError'{0x00000000d5b79138}: 'java.lang.Object java.lang.invoke.DirectMethodHandle$Holder.invokeStaticInit(java.lang.Object, int)'> (0x00000000d5b79138) 
thrown [e:\jenkins\tmp\workspace\build\src\src\hotspot\share\interpreter\linkResolver.cpp, line 766]
Event: 5.604 Thread 0x000001a0365118f0 Exception <a 'java/lang/NoSuchMethodError'{0x00000000d6107f50}: 'long java.lang.invoke.DirectMethodHandle$Holder.invokeStatic(java.lang.Object, java.lang.Object, java.lang.Object)'> (0x00000000d6107f50) 
thrown [e:\jenkins\tmp\workspace\build\src\src\hotspot\share\interpreter\linkResolver.cpp, line 766]
Event: 5.604 Thread 0x000001a0365118f0 Exception <a 'java/lang/NoSuchMethodError'{0x00000000d610b6f8}: 'long java.lang.invoke.DirectMethodHandle$Holder.invokeStaticInit(java.lang.Object, java.lang.Object, java.lang.Object)'> (0x00000000d610b6f8) 
thrown [e:\jenkins\tmp\workspace\build\src\src\hotspot\share\interpreter\linkResolver.cpp, line 766]
Event: 5.606 Thread 0x000001a0365118f0 Exception <a 'java/lang/NoSuchMethodError'{0x00000000d6123300}: 'java.lang.Object java.lang.invoke.DirectMethodHandle$Holder.newInvokeSpecial(java.lang.Object, java.lang.Object, long)'> (0x00000000d6123300) 
thrown [e:\jenkins\tmp\workspace\build\src\src\hotspot\share\interpreter\linkResolver.cpp, line 766]
Event: 5.606 Thread 0x000001a0365118f0 Exception <a 'java/lang/NoSuchMethodError'{0x00000000d6126e70}: 'java.lang.Object java.lang.invoke.Invokers$Holder.linkToTargetMethod(java.lang.Object, long, java.lang.Object)'> (0x00000000d6126e70) 
thrown [e:\jenkins\tmp\workspace\build\src\src\hotspot\share\interpreter\linkResolver.cpp, line 766]
Event: 5.787 Thread 0x000001a0365118f0 Exception <a 'java/lang/ClassNotFoundException'{0x00000000d5d7b2e0}: com/sun/javafx/scene/control/skin/resources/controls> (0x00000000d5d7b2e0) 
thrown [e:\jenkins\tmp\workspace\build\src\src\hotspot\share\prims\jni.cpp, line 535]
Event: 5.789 Thread 0x000001a0365118f0 Exception <a 'java/lang/ClassNotFoundException'{0x00000000d5d89e60}: com/sun/javafx/scene/control/skin/resources/controls_en> (0x00000000d5d89e60) 
thrown [e:\jenkins\tmp\workspace\build\src\src\hotspot\share\prims\jni.cpp, line 535]
Event: 5.790 Thread 0x000001a0365118f0 Exception <a 'java/lang/ClassNotFoundException'{0x00000000d5d8b0f0}: com/sun/javafx/scene/control/skin/resources/controls_en_US> (0x00000000d5d8b0f0) 
thrown [e:\jenkins\tmp\workspace\build\src\src\hotspot\share\prims\jni.cpp, line 535]
Event: 5.827 Thread 0x000001a0365118f0 Exception <a 'java/lang/NoSuchMethodError'{0x00000000d5b354b8}: 'int java.lang.invoke.DirectMethodHandle$Holder.invokeSpecial(java.lang.Object, java.lang.Object, int)'> (0x00000000d5b354b8) 
thrown [e:\jenkins\tmp\workspace\build\src\src\hotspot\share\interpreter\linkResolver.cpp, line 766]
Event: 5.921 Thread 0x000001a0365118f0 Exception <a 'java/lang/NoSuchMethodError'{0x00000000d5556c58}: 'void java.lang.invoke.DirectMethodHandle$Holder.invokeSpecial(java.lang.Object, java.lang.Object, java.lang.Object, java.lang.Object, java.lang.Object, java.lang.Object)'> (0x00000000d5556c58) 
thrown [e:\jenkins\tmp\workspace\build\src\src\hotspot\share\interpreter\linkResolver.cpp, line 766]
Event: 10.307 Thread 0x000001a0365118f0 Exception <a 'java/lang/NoSuchMethodError'{0x00000000d4f48cd8}: 'java.lang.Object java.lang.invoke.DirectMethodHandle$Holder.newInvokeSpecial(java.lang.Object, java.lang.Object, int, int, int, int, int, java.lang.Object)'> (0x00000000d4f48cd8) 
thrown [e:\jenkins\tmp\workspace\build\src\src\hotspot\share\interpreter\linkResolver.cpp, line 766]
Event: 10.309 Thread 0x000001a0365118f0 Exception <a 'java/lang/NoSuchMethodError'{0x00000000d4f5bcb8}: 'java.lang.Object java.lang.invoke.DirectMethodHandle$Holder.newInvokeSpecial(java.lang.Object, java.lang.Object, java.lang.Object, int, int, int, int, int)'> (0x00000000d4f5bcb8) 
thrown [e:\jenkins\tmp\workspace\build\src\src\hotspot\share\interpreter\linkResolver.cpp, line 766]
Event: 10.310 Thread 0x000001a0365118f0 Exception <a 'java/lang/NoSuchMethodError'{0x00000000d4f63518}: 'java.lang.Object java.lang.invoke.Invokers$Holder.linkToTargetMethod(java.lang.Object, java.lang.Object, int, int, int, int, int, java.lang.Object)'> (0x00000000d4f63518) 
thrown [e:\jenkins\tmp\workspace\build\src\src\hotspot\share\interpreter\linkResolver.cpp, line 766]
Event: 13.313 Thread 0x000001a0365118f0 Implicit null exception at 0x000001a028ced7e1 to 0x000001a028cee0fc
Event: 14.690 Thread 0x000001a0365118f0 Implicit null exception at 0x000001a028d6eb88 to 0x000001a028d74dc4

VM Operations (20 events):
Event: 12.701 Executing VM operation: Cleanup
Event: 12.701 Executing VM operation: Cleanup done
Event: 13.701 Executing VM operation: Cleanup
Event: 13.701 Executing VM operation: Cleanup done
Event: 14.691 Executing VM operation: HandshakeAllThreads
Event: 14.691 Executing VM operation: HandshakeAllThreads done
Event: 14.694 Executing VM operation: HandshakeAllThreads
Event: 14.694 Executing VM operation: HandshakeAllThreads done
Event: 15.695 Executing VM operation: Cleanup
Event: 15.695 Executing VM operation: Cleanup done
Event: 16.695 Executing VM operation: Cleanup
Event: 16.696 Executing VM operation: Cleanup done
Event: 16.932 Executing VM operation: G1TryInitiateConcMark
Event: 16.940 Executing VM operation: G1TryInitiateConcMark done
Event: 16.947 Executing VM operation: G1Concurrent
Event: 16.949 Executing VM operation: G1Concurrent done
Event: 16.950 Executing VM operation: G1Concurrent
Event: 16.950 Executing VM operation: G1Concurrent done
Event: 17.020 Executing VM operation: G1TryInitiateConcMark
Event: 17.026 Executing VM operation: G1TryInitiateConcMark done

Events (20 events):
Event: 14.721 loading class sun/util/locale/provider/BreakIteratorProviderImpl
Event: 14.722 loading class sun/util/locale/provider/BreakIteratorProviderImpl done
Event: 14.724 loading class sun/text/resources/BreakIteratorInfo
Event: 14.724 loading class sun/text/resources/BreakIteratorInfo done
Event: 14.724 loading class sun/text/resources/BreakIteratorResources
Event: 14.724 loading class sun/util/resources/BreakIteratorResourceBundle
Event: 14.725 loading class sun/util/resources/BreakIteratorResourceBundle done
Event: 14.725 loading class sun/text/resources/BreakIteratorResources done
Event: 14.725 loading class sun/text/resources/BreakIteratorResources_en
Event: 14.725 loading class sun/text/resources/BreakIteratorResources_en done
Event: 14.725 loading class sun/text/resources/BreakIteratorResources_en_US
Event: 14.725 loading class sun/text/resources/BreakIteratorResources_en_US done
Event: 14.726 loading class sun/text/RuleBasedBreakIterator
Event: 14.726 loading class sun/text/RuleBasedBreakIterator done
Event: 14.727 loading class sun/text/CompactByteArray
Event: 14.727 loading class sun/text/CompactByteArray done
Event: 14.727 loading class sun/text/SupplementaryCharacterData
Event: 14.727 loading class sun/text/SupplementaryCharacterData done
Event: 14.727 loading class java/text/BreakIterator$BreakIteratorCache
Event: 14.727 loading class java/text/BreakIterator$BreakIteratorCache done


Dynamic libraries:
0x00007ff624550000 - 0x00007ff62455e000 	C:\Program Files\Eclipse Adoptium\jdk-17.0.1.12-hotspot\bin\java.exe
0x00007ffa4eb30000 - 0x00007ffa4ed47000 	C:\WINDOWS\SYSTEM32\ntdll.dll
0x00007ffa4d3d0000 - 0x00007ffa4d494000 	C:\WINDOWS\System32\KERNEL32.DLL
0x00007ffa4c450000 - 0x00007ffa4c7f5000 	C:\WINDOWS\System32\KERNELBASE.dll
0x00007ffa4c330000 - 0x00007ffa4c441000 	C:\WINDOWS\System32\ucrtbase.dll
0x00007ffa1faa0000 - 0x00007ffa1fab8000 	C:\Program Files\Eclipse Adoptium\jdk-17.0.1.12-hotspot\bin\jli.dll
0x00007ffa1fa80000 - 0x00007ffa1fa99000 	C:\Program Files\Eclipse Adoptium\jdk-17.0.1.12-hotspot\bin\VCRUNTIME140.dll
0x00007ffa4cb90000 - 0x00007ffa4cd3e000 	C:\WINDOWS\System32\USER32.dll
0x00007ffa4c300000 - 0x00007ffa4c326000 	C:\WINDOWS\System32\win32u.dll
0x00007ffa4cb50000 - 0x00007ffa4cb79000 	C:\WINDOWS\System32\GDI32.dll
0x00007ffa4bea0000 - 0x00007ffa4bfb9000 	C:\WINDOWS\System32\gdi32full.dll
0x00007ffa4bfc0000 - 0x00007ffa4c05a000 	C:\WINDOWS\System32\msvcp_win.dll
0x00007ffa31d20000 - 0x00007ffa31fb3000 	C:\WINDOWS\WinSxS\amd64_microsoft.windows.common-controls_6595b64144ccf1df_6.0.22621.2506_none_270c5ae97388e100\COMCTL32.dll
0x00007ffa4cd40000 - 0x00007ffa4cde7000 	C:\WINDOWS\System32\msvcrt.dll
0x00007ffa4d4a0000 - 0x00007ffa4d4d1000 	C:\WINDOWS\System32\IMM32.DLL
0x00007ffa1fa70000 - 0x00007ffa1fa7c000 	C:\Program Files\Eclipse Adoptium\jdk-17.0.1.12-hotspot\bin\vcruntime140_1.dll
0x00007ffa0c850000 - 0x00007ffa0c8e1000 	C:\Program Files\Eclipse Adoptium\jdk-17.0.1.12-hotspot\bin\msvcp140.dll
0x00007ff998530000 - 0x00007ff999176000 	C:\Program Files\Eclipse Adoptium\jdk-17.0.1.12-hotspot\bin\server\jvm.dll
0x00007ffa4e890000 - 0x00007ffa4e941000 	C:\WINDOWS\System32\ADVAPI32.dll
0x00007ffa4c880000 - 0x00007ffa4c926000 	C:\WINDOWS\System32\sechost.dll
0x00007ffa4e590000 - 0x00007ffa4e6a7000 	C:\WINDOWS\System32\RPCRT4.dll
0x00007ffa4d200000 - 0x00007ffa4d208000 	C:\WINDOWS\System32\PSAPI.DLL
0x00007ffa44000000 - 0x00007ffa4400a000 	C:\WINDOWS\SYSTEM32\VERSION.dll
0x00007ffa31630000 - 0x00007ffa31639000 	C:\WINDOWS\SYSTEM32\WSOCK32.dll
0x00007ffa43ef0000 - 0x00007ffa43f24000 	C:\WINDOWS\SYSTEM32\WINMM.dll
0x00007ffa4d4e0000 - 0x00007ffa4d551000 	C:\WINDOWS\System32\WS2_32.dll
0x00007ffa4aea0000 - 0x00007ffa4aeb8000 	C:\WINDOWS\SYSTEM32\kernel.appcore.dll
0x00007ffa1f990000 - 0x00007ffa1f99a000 	C:\Program Files\Eclipse Adoptium\jdk-17.0.1.12-hotspot\bin\jimage.dll
0x00007ffa39820000 - 0x00007ffa39a53000 	C:\WINDOWS\SYSTEM32\DBGHELP.DLL
0x00007ffa4ce70000 - 0x00007ffa4d1f9000 	C:\WINDOWS\System32\combase.dll
0x00007ffa4db70000 - 0x00007ffa4dc47000 	C:\WINDOWS\System32\OLEAUT32.dll
0x00007ffa335a0000 - 0x00007ffa335d2000 	C:\WINDOWS\SYSTEM32\dbgcore.DLL
0x00007ffa4c800000 - 0x00007ffa4c87a000 	C:\WINDOWS\System32\bcryptPrimitives.dll
0x00007ffa487b0000 - 0x00007ffa487be000 	C:\Program Files\Eclipse Adoptium\jdk-17.0.1.12-hotspot\bin\instrument.dll
0x00007ffa0c820000 - 0x00007ffa0c845000 	C:\Program Files\Eclipse Adoptium\jdk-17.0.1.12-hotspot\bin\java.dll
0x00007ffa0c740000 - 0x00007ffa0c816000 	C:\Program Files\Eclipse Adoptium\jdk-17.0.1.12-hotspot\bin\svml.dll
0x00007ffa4dd30000 - 0x00007ffa4e589000 	C:\WINDOWS\System32\SHELL32.dll
0x00007ffa49dc0000 - 0x00007ffa4a6b4000 	C:\WINDOWS\SYSTEM32\windows.storage.dll
0x00007ffa49c80000 - 0x00007ffa49dbe000 	C:\WINDOWS\SYSTEM32\wintypes.dll
0x00007ffa4e780000 - 0x00007ffa4e873000 	C:\WINDOWS\System32\SHCORE.dll
0x00007ffa4dc50000 - 0x00007ffa4dcae000 	C:\WINDOWS\System32\shlwapi.dll
0x00007ffa4bdd0000 - 0x00007ffa4bdf6000 	C:\WINDOWS\SYSTEM32\profapi.dll
0x00007ffa1f970000 - 0x00007ffa1f989000 	C:\Program Files\Eclipse Adoptium\jdk-17.0.1.12-hotspot\bin\net.dll
0x00007ffa45b90000 - 0x00007ffa45cc7000 	C:\WINDOWS\SYSTEM32\WINHTTP.dll
0x00007ffa4b390000 - 0x00007ffa4b3f9000 	C:\WINDOWS\system32\mswsock.dll
0x00007ffa17390000 - 0x00007ffa173a5000 	C:\Program Files\Eclipse Adoptium\jdk-17.0.1.12-hotspot\bin\nio.dll
0x00007ffa0c700000 - 0x00007ffa0c718000 	C:\Program Files\Eclipse Adoptium\jdk-17.0.1.12-hotspot\bin\zip.dll
0x00007ffa43e90000 - 0x00007ffa43eaa000 	C:\Program Files\JetBrains\IntelliJ IDEA Community Edition 2023.2.2\bin\breakgen64.dll
0x000001a0195a0000 - 0x000001a0195a3000 	C:\Users\Toye Sobayo\.openjfx\cache\17.0.6\api-ms-win-core-console-l1-1-0.dll
0x000001a0195b0000 - 0x000001a0195b3000 	C:\Users\Toye Sobayo\.openjfx\cache\17.0.6\api-ms-win-core-console-l1-2-0.dll
0x000001a0195c0000 - 0x000001a0195c3000 	C:\Users\Toye Sobayo\.openjfx\cache\17.0.6\api-ms-win-core-datetime-l1-1-0.dll
0x000001a0195d0000 - 0x000001a0195d3000 	C:\Users\Toye Sobayo\.openjfx\cache\17.0.6\api-ms-win-core-debug-l1-1-0.dll
0x000001a0195e0000 - 0x000001a0195e3000 	C:\Users\Toye Sobayo\.openjfx\cache\17.0.6\api-ms-win-core-errorhandling-l1-1-0.dll
0x000001a0195f0000 - 0x000001a0195f4000 	C:\Users\Toye Sobayo\.openjfx\cache\17.0.6\api-ms-win-core-file-l1-1-0.dll
0x000001a019600000 - 0x000001a019603000 	C:\Users\Toye Sobayo\.openjfx\cache\17.0.6\api-ms-win-core-file-l1-2-0.dll
0x000001a0353a0000 - 0x000001a0353a3000 	C:\Users\Toye Sobayo\.openjfx\cache\17.0.6\api-ms-win-core-file-l2-1-0.dll
0x000001a0353b0000 - 0x000001a0353b3000 	C:\Users\Toye Sobayo\.openjfx\cache\17.0.6\api-ms-win-core-handle-l1-1-0.dll
0x000001a0353c0000 - 0x000001a0353c3000 	C:\Users\Toye Sobayo\.openjfx\cache\17.0.6\api-ms-win-core-heap-l1-1-0.dll
0x000001a0353d0000 - 0x000001a0353d3000 	C:\Users\Toye Sobayo\.openjfx\cache\17.0.6\api-ms-win-core-interlocked-l1-1-0.dll
0x000001a0353e0000 - 0x000001a0353e3000 	C:\Users\Toye Sobayo\.openjfx\cache\17.0.6\api-ms-win-core-libraryloader-l1-1-0.dll
0x000001a0353f0000 - 0x000001a0353f3000 	C:\Users\Toye Sobayo\.openjfx\cache\17.0.6\api-ms-win-core-localization-l1-2-0.dll
0x000001a036800000 - 0x000001a036803000 	C:\Users\Toye Sobayo\.openjfx\cache\17.0.6\api-ms-win-core-memory-l1-1-0.dll
0x000001a036810000 - 0x000001a036813000 	C:\Users\Toye Sobayo\.openjfx\cache\17.0.6\api-ms-win-core-namedpipe-l1-1-0.dll
0x000001a036820000 - 0x000001a036823000 	C:\Users\Toye Sobayo\.openjfx\cache\17.0.6\api-ms-win-core-processenvironment-l1-1-0.dll
0x000001a036830000 - 0x000001a036833000 	C:\Users\Toye Sobayo\.openjfx\cache\17.0.6\api-ms-win-core-processthreads-l1-1-0.dll
0x000001a036840000 - 0x000001a036843000 	C:\Users\Toye Sobayo\.openjfx\cache\17.0.6\api-ms-win-core-processthreads-l1-1-1.dll
0x000001a036850000 - 0x000001a036853000 	C:\Users\Toye Sobayo\.openjfx\cache\17.0.6\api-ms-win-core-profile-l1-1-0.dll
0x000001a036860000 - 0x000001a036863000 	C:\Users\Toye Sobayo\.openjfx\cache\17.0.6\api-ms-win-core-rtlsupport-l1-1-0.dll
0x000001a036870000 - 0x000001a036873000 	C:\Users\Toye Sobayo\.openjfx\cache\17.0.6\api-ms-win-core-string-l1-1-0.dll
0x000001a036880000 - 0x000001a036883000 	C:\Users\Toye Sobayo\.openjfx\cache\17.0.6\api-ms-win-core-synch-l1-1-0.dll
0x000001a036890000 - 0x000001a036893000 	C:\Users\Toye Sobayo\.openjfx\cache\17.0.6\api-ms-win-core-synch-l1-2-0.dll
0x000001a0368a0000 - 0x000001a0368a3000 	C:\Users\Toye Sobayo\.openjfx\cache\17.0.6\api-ms-win-core-sysinfo-l1-1-0.dll
0x000001a0368b0000 - 0x000001a0368b3000 	C:\Users\Toye Sobayo\.openjfx\cache\17.0.6\api-ms-win-core-timezone-l1-1-0.dll
0x000001a0368c0000 - 0x000001a0368c3000 	C:\Users\Toye Sobayo\.openjfx\cache\17.0.6\api-ms-win-core-util-l1-1-0.dll
0x000001a0368d0000 - 0x000001a0368d3000 	C:\Users\Toye Sobayo\.openjfx\cache\17.0.6\api-ms-win-crt-conio-l1-1-0.dll
0x000001a0368e0000 - 0x000001a0368e4000 	C:\Users\Toye Sobayo\.openjfx\cache\17.0.6\api-ms-win-crt-convert-l1-1-0.dll
0x000001a0368f0000 - 0x000001a0368f3000 	C:\Users\Toye Sobayo\.openjfx\cache\17.0.6\api-ms-win-crt-environment-l1-1-0.dll
0x000001a036900000 - 0x000001a036903000 	C:\Users\Toye Sobayo\.openjfx\cache\17.0.6\api-ms-win-crt-filesystem-l1-1-0.dll
0x000001a036910000 - 0x000001a036913000 	C:\Users\Toye Sobayo\.openjfx\cache\17.0.6\api-ms-win-crt-heap-l1-1-0.dll
0x000001a036920000 - 0x000001a036923000 	C:\Users\Toye Sobayo\.openjfx\cache\17.0.6\api-ms-win-crt-locale-l1-1-0.dll
0x000001a036930000 - 0x000001a036935000 	C:\Users\Toye Sobayo\.openjfx\cache\17.0.6\api-ms-win-crt-math-l1-1-0.dll
0x000001a036940000 - 0x000001a036945000 	C:\Users\Toye Sobayo\.openjfx\cache\17.0.6\api-ms-win-crt-multibyte-l1-1-0.dll
0x000001a036950000 - 0x000001a036960000 	C:\Users\Toye Sobayo\.openjfx\cache\17.0.6\api-ms-win-crt-private-l1-1-0.dll
0x000001a036960000 - 0x000001a036963000 	C:\Users\Toye Sobayo\.openjfx\cache\17.0.6\api-ms-win-crt-process-l1-1-0.dll
0x000001a036970000 - 0x000001a036974000 	C:\Users\Toye Sobayo\.openjfx\cache\17.0.6\api-ms-win-crt-runtime-l1-1-0.dll
0x000001a036980000 - 0x000001a036984000 	C:\Users\Toye Sobayo\.openjfx\cache\17.0.6\api-ms-win-crt-stdio-l1-1-0.dll
0x000001a036990000 - 0x000001a036994000 	C:\Users\Toye Sobayo\.openjfx\cache\17.0.6\api-ms-win-crt-string-l1-1-0.dll
0x000001a0369a0000 - 0x000001a0369a3000 	C:\Users\Toye Sobayo\.openjfx\cache\17.0.6\api-ms-win-crt-time-l1-1-0.dll
0x000001a0369b0000 - 0x000001a0369b3000 	C:\Users\Toye Sobayo\.openjfx\cache\17.0.6\api-ms-win-crt-utility-l1-1-0.dll
0x00007ffa22b20000 - 0x00007ffa22c1c000 	C:\Users\Toye Sobayo\.openjfx\cache\17.0.6\ucrtbase.dll
0x00007ffa34af0000 - 0x00007ffa34b0a000 	C:\Users\Toye Sobayo\.openjfx\cache\17.0.6\vcruntime140.dll
0x00007ffa38ab0000 - 0x00007ffa38abc000 	C:\Users\Toye Sobayo\.openjfx\cache\17.0.6\vcruntime140_1.dll
0x00007ffa326b0000 - 0x00007ffa3273d000 	C:\Users\Toye Sobayo\.openjfx\cache\17.0.6\msvcp140.dll
0x00007ffa34640000 - 0x00007ffa34649000 	C:\Users\Toye Sobayo\.openjfx\cache\17.0.6\msvcp140_1.dll
0x00007ffa32680000 - 0x00007ffa326af000 	C:\Users\Toye Sobayo\.openjfx\cache\17.0.6\msvcp140_2.dll
0x00007ffa2d3d0000 - 0x00007ffa2d3fa000 	C:\Users\Toye Sobayo\.openjfx\cache\17.0.6\prism_d3d.dll
0x00007ff9f9a40000 - 0x00007ff9f9be9000 	C:\WINDOWS\system32\d3d9.dll
0x00007ffa497f0000 - 0x00007ffa4981b000 	C:\WINDOWS\SYSTEM32\dwmapi.dll
0x00007ffa494c0000 - 0x00007ffa494f6000 	C:\WINDOWS\SYSTEM32\dxcore.dll
0x00007ffa493c0000 - 0x00007ffa4946b000 	C:\WINDOWS\system32\uxtheme.dll
0x00007ffa42350000 - 0x00007ffa4250b000 	C:\WINDOWS\System32\DriverStore\FileRepository\u0387389.inf_amd64_995be970e30b8c79\B385477\aticfx64.dll
0x00007ffa38560000 - 0x00007ffa38594000 	C:\WINDOWS\System32\DriverStore\FileRepository\u0387389.inf_amd64_995be970e30b8c79\B385477\atiu9p64.dll
0x00007ff9d12b0000 - 0x00007ff9d2005000 	C:\WINDOWS\System32\DriverStore\FileRepository\u0387389.inf_amd64_995be970e30b8c79\B385477\atiumd64.dll
0x00007ffa4c9b0000 - 0x00007ffa4cb50000 	C:\WINDOWS\System32\ole32.dll
0x0000000065100000 - 0x0000000066027000 	C:\WINDOWS\System32\DriverStore\FileRepository\u0387389.inf_amd64_995be970e30b8c79\B385477\atiumd6a.dll
0x00007ffa4d6f0000 - 0x00007ffa4db64000 	C:\WINDOWS\System32\SETUPAPI.dll
0x00007ffa4b6e0000 - 0x00007ffa4b72d000 	C:\WINDOWS\SYSTEM32\POWRPROF.dll
0x00007ffa4b6c0000 - 0x00007ffa4b6d3000 	C:\WINDOWS\SYSTEM32\UMPDC.dll
0x00007ffa429a0000 - 0x00007ffa429d5000 	C:\WINDOWS\SYSTEM32\amdihk64.dll
0x00007ffa46a00000 - 0x00007ffa46a4a000 	C:\WINDOWS\SYSTEM32\directxdatabasehelper.dll
0x00007ffa2d380000 - 0x00007ffa2d3c2000 	C:\Users\Toye Sobayo\.openjfx\cache\17.0.6\glass.dll
0x00007ffa4d560000 - 0x00007ffa4d659000 	C:\WINDOWS\System32\COMDLG32.dll
0x00007ffa4e950000 - 0x00007ffa4ea9f000 	C:\WINDOWS\System32\MSCTF.dll
0x00007ffa2e850000 - 0x00007ffa2e864000 	C:\Users\Toye Sobayo\.openjfx\cache\17.0.6\javafx_font.dll
0x00007ffa481a0000 - 0x00007ffa48413000 	C:\WINDOWS\SYSTEM32\dwrite.dll
0x00007ffa4e6d0000 - 0x00007ffa4e780000 	C:\WINDOWS\System32\clbcatq.dll
0x00007ffa47a00000 - 0x00007ffa47bb0000 	C:\WINDOWS\SYSTEM32\WindowsCodecs.dll
0x00007ffa34850000 - 0x00007ffa348ae000 	C:\WINDOWS\system32\dataexchange.dll
0x00007ffa432f0000 - 0x00007ffa43575000 	C:\WINDOWS\system32\twinapi.appcore.dll
0x00007ffa2d340000 - 0x00007ffa2d372000 	C:\Program Files\Common Files\Microsoft Shared\Ink\rtscom.dll
0x00007ffa37ef0000 - 0x00007ffa3803a000 	C:\WINDOWS\SYSTEM32\textinputframework.dll
0x00007ffa48f10000 - 0x00007ffa49043000 	C:\WINDOWS\SYSTEM32\CoreMessaging.dll
0x00007ffa457f0000 - 0x00007ffa45b5c000 	C:\WINDOWS\SYSTEM32\CoreUIComponents.dll
0x00007ffa4b600000 - 0x00007ffa4b60c000 	C:\WINDOWS\SYSTEM32\CRYPTBASE.DLL

dbghelp: loaded successfully - version: 4.0.5 - missing functions: none
symbol engine: initialized successfully - sym options: 0x614 - pdb path: .;C:\Program Files\Eclipse Adoptium\jdk-17.0.1.12-hotspot\bin;C:\WINDOWS\SYSTEM32;C:\WINDOWS\WinSxS\amd64_microsoft.windows.common-controls_6595b64144ccf1df_6.0.22621.2506_none_270c5ae97388e100;C:\Program Files\Eclipse Adoptium\jdk-17.0.1.12-hotspot\bin\server;C:\Program Files\JetBrains\IntelliJ IDEA Community Edition 2023.2.2\bin;C:\Users\Toye Sobayo\.openjfx\cache\17.0.6;C:\WINDOWS\System32\DriverStore\FileRepository\u0387389.inf_amd64_995be970e30b8c79\B385477;C:\Program Files\Common Files\Microsoft Shared\Ink

VM Arguments:
jvm_args: -javaagent:C:\Program Files\JetBrains\IntelliJ IDEA Community Edition 2023.2.2\lib\idea_rt.jar=63638:C:\Program Files\JetBrains\IntelliJ IDEA Community Edition 2023.2.2\bin -Dfile.encoding=UTF-8 --module-path=C:\Users\Toye Sobayo\.m2\repository\org\openjfx\javafx-fxml\17.0.6\javafx-fxml-17.0.6-win.jar;C:\Users\Toye Sobayo\.m2\repository\org\openjfx\javafx-controls\17.0.6\javafx-controls-17.0.6-win.jar;C:\Users\Toye Sobayo\.m2\repository\org\openjfx\javafx-base\17.0.6\javafx-base-17.0.6-win.jar;C:\Users\Toye Sobayo\.m2\repository\org\openjfx\javafx-graphics\17.0.6\javafx-graphics-17.0.6-win.jar;C:\Users\Toye Sobayo\IdeaProjects\Project4\target\classes -Djdk.module.main=com.example.project4 
java_command: com.example.project4/com.example.project4.MainApplication
java_class_path (initial): C:\Users\Toye Sobayo\.m2\repository\org\openjfx\javafx-controls\17.0.6\javafx-controls-17.0.6.jar;C:\Users\Toye Sobayo\.m2\repository\org\openjfx\javafx-graphics\17.0.6\javafx-graphics-17.0.6.jar;C:\Users\Toye Sobayo\.m2\repository\org\openjfx\javafx-base\17.0.6\javafx-base-17.0.6.jar;C:\Users\Toye Sobayo\.m2\repository\org\openjfx\javafx-fxml\17.0.6\javafx-fxml-17.0.6.jar
Launcher Type: SUN_STANDARD

[Global flags]
     intx CICompilerCount                          = 4                                         {product} {ergonomic}
     uint ConcGCThreads                            = 3                                         {product} {ergonomic}
     uint G1ConcRefinementThreads                  = 10                                        {product} {ergonomic}
   size_t G1HeapRegionSize                         = 1048576                                   {product} {ergonomic}
    uintx GCDrainStackTargetSize                   = 64                                        {product} {ergonomic}
   size_t InitialHeapSize                          = 56623104                                  {product} {ergonomic}
   size_t MarkStackSize                            = 4194304                                   {product} {ergonomic}
   size_t MaxHeapSize                              = 893386752                                 {product} {ergonomic}
   size_t MaxNewSize                               = 535822336                                 {product} {ergonomic}
   size_t MinHeapDeltaBytes                        = 1048576                                   {product} {ergonomic}
   size_t MinHeapSize                              = 8388608                                   {product} {ergonomic}
    uintx NonNMethodCodeHeapSize                   = 5839372                                {pd product} {ergonomic}
    uintx NonProfiledCodeHeapSize                  = 122909434                              {pd product} {ergonomic}
    uintx ProfiledCodeHeapSize                     = 122909434                              {pd product} {ergonomic}
    uintx ReservedCodeCacheSize                    = 251658240                              {pd product} {ergonomic}
     bool SegmentedCodeCache                       = true                                      {product} {ergonomic}
   size_t SoftMaxHeapSize                          = 893386752                              {manageable} {ergonomic}
     bool UseCompressedClassPointers               = true                           {product lp64_product} {ergonomic}
     bool UseCompressedOops                        = true                           {product lp64_product} {ergonomic}
     bool UseG1GC                                  = true                                      {product} {ergonomic}
     bool UseLargePagesIndividualAllocation        = false                                  {pd product} {ergonomic}

Logging:
Log output configuration:
 #0: stdout all=warning uptime,level,tags
 #1: stderr all=off uptime,level,tags

Environment Variables:
PATH=C:\Program Files\Eclipse Adoptium\jdk-17.0.1.12-hotspot\bin;C:\WINDOWS\system32;C:\WINDOWS;C:\WINDOWS\System32\Wbem;C:\WINDOWS\System32\WindowsPowerShell\v1.0\;C:\WINDOWS\System32\OpenSSH\;C:\Program Files\Git\cmd;C:\MinGW\bin;C:\Program Files\nodejs\;C:\Program Files\dotnet\;C:\Users\Toye Sobayo\AppData\Local\Microsoft\WindowsApps;C:\Users\Toye Sobayo\AppData\Local\Programs\Microsoft VS Code\bin;C:\Users\Toye Sobayo\AppData\Roaming\npm;C:\Users\Toye Sobayo\Downloads\mongosh-1.9.1-win32-x64\bin;
USERNAME=Toye Sobayo
OS=Windows_NT
PROCESSOR_IDENTIFIER=AMD64 Family 23 Model 104 Stepping 1, AuthenticAMD



---------------  S Y S T E M  ---------------

OS:
 Windows 10 , 64 bit Build 22621 (10.0.22621.2506)
OS uptime: 0 days 0:44 hours

CPU: total 12 (initial active 12) (12 cores per cpu, 2 threads per core) family 23 model 104 stepping 1 microcode 0x0, cx8, cmov, fxsr, ht, mmx, 3dnowpref, sse, sse2, sse3, ssse3, sse4a, sse4.1, sse4.2, popcnt, lzcnt, tsc, tscinvbit, avx, avx2, aes, clmul, bmi1, bmi2, adx, sha, fma, vzeroupper, clflush, clflushopt

Memory: 4k page, system-wide physical 3406M (95M free)
TotalPageFile size 13646M (AvailPageFile size 4M)
current process WorkingSet (physical memory assigned to process): 241M, peak: 312M
current process commit charge ("private bytes"): 607M, peak: 607M

vm_info: OpenJDK 64-Bit Server VM (17.0.1+12) for windows-amd64 JRE (17.0.1+12), built on Oct 20 2021 07:42:55 by "" with MS VC++ 16.7 (VS2019)

END.
